
ROM used:   1725/8192 (21%)
            1725/8192 (21%) including unused fragments

            1.1 Average locations per line
            5.9 Average locations per statement

RAM used:   26/368 (7%) at main() level
            59/368 (16%) worst case

Stack used: 7 worst case (7 in main + 0 for interrupts)
Stack size: 8

Lines Stmts  %   Files
----- ----- ---  -----
  237   124  42  PRACT2.c
  672     0   0  ..\..\..\..\..\..\..\..\Program Files (x86)\PICC\Devices\16F877a.h
  344    67  23  ..\..\..\..\..\..\..\..\Program Files (x86)\PICC\Drivers\lcd_c.c
  150    43  15  ..\..\..\..\..\..\..\..\Program Files (x86)\PICC\Drivers\kbd4x4_b.c
   99    58  20  ..\..\..\..\..\..\..\..\Program Files (x86)\PICC\Drivers\getNum16.c
----- -----
 1502   292 Total

Page ROM  %  RAM    Vol Diff  Functions:
---- --- --- ---    --- ----  ----------
0     20   1    1             @delay_ms1
0      8   0    0             @const632
 Inline         3    587  6.0  lcd_read_byte
0      6   0    0     59  4.2  lcd_read_nibble
0     17   1    1    172  3.4  lcd_send_nibble
0     61   4    3    317  4.3  lcd_send_byte
0     48   3    2    624  5.8  lcd_init
0     18   1    4    186  5.5  lcd_gotoxy
0     36   2    1    272  4.1  lcd_putc
0     20   1    0             @const657
0      3   0    0      3  0.0  kbd_init
0    105   6    3   5853 10.1  kbd_getc
0      8   0    0             @goto10645
 Inline         6    155  5.0  pow
0     42   2   13             @MUL3232
0      9   1    1     90  3.1  read_key
0    207  12    5   1660 12.1  get_num_lcd
0      3   0    0             @const689
0     86   5    4             @PSTRINGC7_650
0     61   4    2    341  3.6  paro_emergencia
0      9   1    0             @const708
0      9   1    0             @const709
0     16   1    0             @const710
0     89   5    3    475  6.9  motor1
0      8   0    0             @const713
0     99   6    9             @PRINTF_LU_650
0     37   2    5             @DIV1616
0    142   8    3    781  7.1  motor2
0      8   0    0             @const723
0    105   6    3    597  7.0  motor3
0      8   0    0             @const728
0    274  16    2   1483 10.2  MAIN
0      9   1    0             @const735
0      9   1    0             @const736
0      9   1    0             @const737
0      4   0    0             @const738
0      9   1    0             @const739
0     21   1    5             @MUL1616
0     11   1    0             @const743
0     87   5    5             @PSTRINGCN7_650
 Inline         0             @cinit1

Program metrics:
    Functions               17
    Statements              292
    Comments                241
    Volume (V)              20316
    Difficulty (D)          97.1
    Effort to implement (E) 1973429
    Time to implement (T)   30 hours, 27 minutes
    Est Delivered Bugs (B)  5
    Cyclomatic Complexity   50
    Maintainability (MI)    66

 Segment     Used  Free
-----------  ----  ----
00000-00003     4  0  
00004-007FF  1721  323  
00800-00FFF     0  2048  
01000-017FF     0  2048  
01800-01FFF     0  2048  



