
ROM used:   1851/8192 (23%)
            1851/8192 (23%) including unused fragments

            1.3 Average locations per line
            7.7 Average locations per statement

RAM used:   32/368 (9%) at main() level
            67/368 (18%) worst case

Stack used: 6 worst case (6 in main + 0 for interrupts)
Stack size: 8

Lines Stmts  %   Files
----- ----- ---  -----
  143    72  30  practica4.c
  672     0   0  ..\..\..\..\..\..\..\..\Program Files (x86)\PICC\Devices\16F877a.h
  344    67  28  ..\..\..\..\..\..\..\..\Program Files (x86)\PICC\Drivers\lcd_c.c
  150    43  18  ..\..\..\..\..\..\..\..\Program Files (x86)\PICC\Drivers\kbd4x4_b.c
   99    58  24  ..\..\..\..\..\..\..\..\Program Files (x86)\PICC\Drivers\getNum16.c
----- -----
 1408   240 Total

Page ROM  %  RAM    Vol Diff  Functions:
---- --- --- ---    --- ----  ----------
0     20   1    1             @delay_ms1
0      8   0    0             @const631
 Inline         3    587  6.0  lcd_read_byte
0      6   0    0     59  4.2  lcd_read_nibble
0     17   1    1    172  3.4  lcd_send_nibble
0     61   3    3    317  4.3  lcd_send_byte
0     48   3    2    624  5.8  lcd_init
0     18   1    4    186  5.5  lcd_gotoxy
0     36   2    1    272  4.1  lcd_putc
0     20   1    0             @const656
0      3   0    0      3  0.0  kbd_init
0    105   6    3   5853 10.1  kbd_getc
0      8   0    0             @goto10645
 Inline         6    155  5.0  pow
0     42   2   13             @MUL3232
0      9   0    1     90  3.1  read_key
 Inline         5   1660 12.1  get_num_lcd
0      3   0    0             @const688
0     86   5    4             @PSTRINGC7_649
0    135   7    1    140  2.8  paro_emergencia
0      8   0    0    140  2.8  @const706
0      9   0    0     66  2.9  @const707
0    288  16    2    283  5.3  PreguntarDato
0      9   0    0    283  5.3  @const711
0     29   2    2    283  5.3  @ITOF
0     63   3   10    283  5.3  @FLT
0      6   0    0    283  5.3  @const717
0     66   4    4     44  2.1  absoluto
0    321  17   16     44  2.1  @ADDFF
0    202  11   14     44  2.1  @DIVFF
0     12   1    1     24  1.5  updatePort
 Inline         0     66  2.9  incrementIndex
0      8   0    0     66  2.9  decrementIndex
0     68   4    0    258  4.1  rigth
0     62   3    0    258  4.1  left
 Inline         4    176  3.8  regresar
0     71   4    0    178  3.0  MAIN
 Inline         0    337  3.7  @cinit1

Program metrics:
    Functions               31
    Statements              240
    Comments                242
    Volume (V)              21470
    Difficulty (D)          137.9
    Effort to implement (E) 2961211
    Time to implement (T)   45 hours, 42 minutes
    Est Delivered Bugs (B)  7
    Cyclomatic Complexity   50
    Maintainability (MI)    57

 Segment     Used  Free
-----------  ----  ----
00000-00003     4  0  
00004-007FF  1847  197  
00800-00FFF     0  2048  
01000-017FF     0  2048  
01800-01FFF     0  2048  



