CCS PCM C Compiler, Version 5.025, 63300               14-mar.-23 07:40

               Filename:   C:\Users\luist\OneDrive\Escritorio\8VO\MICRO\PROGRAMAS\PRACTICA4\practica4.lst

               ROM used:   1851 words (23%)
                           Largest free fragment is 2048
               RAM used:   32 (9%) at main() level
                           67 (18%) worst case
               Stack used: 6 locations
               Stack size: 8

*
0000:  MOVLW  06
0001:  MOVWF  0A
0002:  GOTO   6F4
0003:  NOP
.................... #include <16F877a.h> 
.................... //////////// Standard Header file for the PIC16F877A device //////////////// 
.................... /////////////////////////////////////////////////////////////////////////// 
.................... ////        (C) Copyright 1996, 2013 Custom Computer Services          //// 
.................... //// This source code may only be used by licensed users of the CCS C  //// 
.................... //// compiler.  This source code may only be distributed to other      //// 
.................... //// licensed users of the CCS C compiler.  No other use, reproduction //// 
.................... //// or distribution is permitted without written permission.          //// 
.................... //// Derivative programs created using this software in object code    //// 
.................... //// form are not restricted in any way.                               //// 
.................... /////////////////////////////////////////////////////////////////////////// 
.................... #device PIC16F877A 
0004:  BCF    0A.0
0005:  BCF    0A.1
0006:  BCF    0A.2
0007:  ADDWF  02,F
0008:  RETLW  28
0009:  RETLW  0C
000A:  RETLW  01
000B:  RETLW  06
000C:  BCF    0A.0
000D:  BCF    0A.1
000E:  BCF    0A.2
000F:  ADDWF  02,F
0010:  RETLW  37
0011:  RETLW  38
0012:  RETLW  39
0013:  RETLW  2F
0014:  RETLW  34
0015:  RETLW  35
0016:  RETLW  36
0017:  RETLW  2A
0018:  RETLW  31
0019:  RETLW  32
001A:  RETLW  33
001B:  RETLW  2D
001C:  RETLW  43
001D:  RETLW  30
001E:  RETLW  3D
001F:  RETLW  2B
0020:  DATA 20,10
0021:  DATA 20,10
0022:  DATA 20,00
0023:  DATA 0C,28
0024:  DATA 41,29
0025:  DATA 4F,10
0026:  DATA C4,22
0027:  DATA A0,22
0028:  DATA CD,22
0029:  DATA D2,23
002A:  DATA 00,01
002B:  DATA 0C,28
002C:  DATA D2,22
002D:  DATA D3,24
002E:  DATA 4F,27
002F:  DATA 41,29
0030:  DATA 20,2A
0031:  DATA C5,21
0032:  DATA CC,20
0033:  DATA 00,00
0034:  DATA 8C,24
0035:  DATA 47,29
0036:  DATA C5,29
0037:  DATA 41,10
0038:  DATA 47,29
0039:  DATA 41,22
003A:  DATA CF,29
003B:  DATA 3A,10
003C:  DATA 00,00
003D:  DATA 0C,27
003E:  DATA 4F,2A
003F:  DATA 20,2B
0040:  DATA 41,26
0041:  DATA 49,22
0042:  DATA 00,00
*
0120:  MOVF   0B,W
0121:  MOVWF  48
0122:  BCF    0B.7
0123:  BSF    03.5
0124:  BSF    03.6
0125:  BSF    0C.7
0126:  BSF    0C.0
0127:  NOP
0128:  NOP
0129:  BCF    03.5
012A:  BCF    03.6
012B:  BTFSC  48.7
012C:  BSF    0B.7
012D:  BSF    03.6
012E:  MOVF   0C,W
012F:  ANDLW  7F
0130:  BTFSC  03.2
0131:  GOTO   174
0132:  BCF    03.6
0133:  MOVWF  48
0134:  BSF    03.6
0135:  MOVF   0D,W
0136:  BCF    03.6
0137:  MOVWF  49
0138:  BSF    03.6
0139:  MOVF   0F,W
013A:  BCF    03.6
013B:  MOVWF  4A
013C:  MOVF   48,W
013D:  MOVWF  4B
013E:  CALL   0FC
013F:  MOVF   49,W
0140:  BSF    03.6
0141:  MOVWF  0D
0142:  BCF    03.6
0143:  MOVF   4A,W
0144:  BSF    03.6
0145:  MOVWF  0F
0146:  BCF    03.6
0147:  MOVF   0B,W
0148:  MOVWF  4B
0149:  BCF    0B.7
014A:  BSF    03.5
014B:  BSF    03.6
014C:  BSF    0C.7
014D:  BSF    0C.0
014E:  NOP
014F:  NOP
0150:  BCF    03.5
0151:  BCF    03.6
0152:  BTFSC  4B.7
0153:  BSF    0B.7
0154:  BSF    03.6
0155:  RLF    0C,W
0156:  RLF    0E,W
0157:  ANDLW  7F
0158:  BTFSC  03.2
0159:  GOTO   174
015A:  BCF    03.6
015B:  MOVWF  48
015C:  BSF    03.6
015D:  MOVF   0D,W
015E:  BCF    03.6
015F:  MOVWF  49
0160:  BSF    03.6
0161:  MOVF   0F,W
0162:  BCF    03.6
0163:  MOVWF  4A
0164:  MOVF   48,W
0165:  MOVWF  4B
0166:  CALL   0FC
0167:  MOVF   49,W
0168:  BSF    03.6
0169:  MOVWF  0D
016A:  BCF    03.6
016B:  MOVF   4A,W
016C:  BSF    03.6
016D:  MOVWF  0F
016E:  INCF   0D,F
016F:  BTFSC  03.2
0170:  INCF   0F,F
0171:  BCF    03.6
0172:  GOTO   120
0173:  BSF    03.6
0174:  BCF    03.6
0175:  RETURN
*
01DF:  BSF    0A.0
01E0:  BCF    0A.1
01E1:  BCF    0A.2
01E2:  ADDWF  02,F
01E3:  GOTO   182
01E4:  GOTO   188
01E5:  GOTO   18E
01E6:  GOTO   194
*
01F0:  MOVLW  20
01F1:  MOVWF  5D
01F2:  CLRF   59
01F3:  CLRF   5A
01F4:  CLRF   5B
01F5:  CLRF   5C
01F6:  MOVF   54,W
01F7:  MOVWF  7A
01F8:  MOVF   53,W
01F9:  MOVWF  79
01FA:  MOVF   52,W
01FB:  MOVWF  78
01FC:  MOVF   51,W
01FD:  MOVWF  77
01FE:  BCF    03.0
01FF:  BTFSS  77.0
0200:  GOTO   20F
0201:  MOVF   55,W
0202:  ADDWF  59,F
0203:  MOVF   56,W
0204:  BTFSC  03.0
0205:  INCFSZ 56,W
0206:  ADDWF  5A,F
0207:  MOVF   57,W
0208:  BTFSC  03.0
0209:  INCFSZ 57,W
020A:  ADDWF  5B,F
020B:  MOVF   58,W
020C:  BTFSC  03.0
020D:  INCFSZ 58,W
020E:  ADDWF  5C,F
020F:  RRF    5C,F
0210:  RRF    5B,F
0211:  RRF    5A,F
0212:  RRF    59,F
0213:  RRF    7A,F
0214:  RRF    79,F
0215:  RRF    78,F
0216:  RRF    77,F
0217:  DECFSZ 5D,F
0218:  GOTO   1FE
0219:  RETURN
021A:  MOVLW  8E
021B:  MOVWF  77
021C:  MOVF   45,W
021D:  MOVWF  78
021E:  MOVF   44,W
021F:  MOVWF  79
0220:  CLRF   7A
0221:  MOVF   78,F
0222:  BTFSS  03.2
0223:  GOTO   22E
0224:  MOVF   79,W
0225:  MOVWF  78
0226:  CLRF   79
0227:  MOVLW  08
0228:  SUBWF  77,F
0229:  MOVF   78,F
022A:  BTFSS  03.2
022B:  GOTO   22E
022C:  CLRF   77
022D:  GOTO   236
022E:  BCF    03.0
022F:  BTFSC  78.7
0230:  GOTO   235
0231:  RLF    79,F
0232:  RLF    78,F
0233:  DECF   77,F
0234:  GOTO   22E
0235:  BCF    78.7
0236:  RETURN
0237:  MOVF   45,W
0238:  MOVWF  4C
0239:  MOVF   49,W
023A:  XORWF  4C,F
023B:  BTFSS  4C.7
023C:  GOTO   242
023D:  BCF    03.2
023E:  BCF    03.0
023F:  BTFSC  45.7
0240:  BSF    03.0
0241:  GOTO   275
0242:  MOVF   45,W
0243:  MOVWF  4C
0244:  MOVF   48,W
0245:  MOVWF  4D
0246:  MOVF   44,W
0247:  SUBWF  4D,F
0248:  BTFSC  03.2
0249:  GOTO   250
024A:  BTFSS  4C.7
024B:  GOTO   275
024C:  MOVF   03,W
024D:  XORLW  01
024E:  MOVWF  03
024F:  GOTO   275
0250:  MOVF   49,W
0251:  MOVWF  4D
0252:  MOVF   45,W
0253:  SUBWF  4D,F
0254:  BTFSC  03.2
0255:  GOTO   25C
0256:  BTFSS  4C.7
0257:  GOTO   275
0258:  MOVF   03,W
0259:  XORLW  01
025A:  MOVWF  03
025B:  GOTO   275
025C:  MOVF   4A,W
025D:  MOVWF  4D
025E:  MOVF   46,W
025F:  SUBWF  4D,F
0260:  BTFSC  03.2
0261:  GOTO   268
0262:  BTFSS  4C.7
0263:  GOTO   275
0264:  MOVF   03,W
0265:  XORLW  01
0266:  MOVWF  03
0267:  GOTO   275
0268:  MOVF   4B,W
0269:  MOVWF  4D
026A:  MOVF   47,W
026B:  SUBWF  4D,F
026C:  BTFSC  03.2
026D:  GOTO   274
026E:  BTFSS  4C.7
026F:  GOTO   275
0270:  MOVF   03,W
0271:  XORLW  01
0272:  MOVWF  03
0273:  GOTO   275
0274:  BCF    03.0
0275:  RETURN
*
0396:  MOVLW  80
0397:  BTFSC  03.1
0398:  XORWF  49,F
0399:  CLRF   4E
039A:  CLRF   4F
039B:  MOVF   45,W
039C:  MOVWF  4D
039D:  MOVF   49,W
039E:  XORWF  4D,F
039F:  MOVF   44,W
03A0:  BTFSC  03.2
03A1:  GOTO   486
03A2:  MOVWF  4C
03A3:  MOVWF  77
03A4:  MOVF   48,W
03A5:  BTFSC  03.2
03A6:  GOTO   48F
03A7:  SUBWF  4C,F
03A8:  BTFSC  03.2
03A9:  GOTO   42B
03AA:  BTFSS  03.0
03AB:  GOTO   3E9
03AC:  MOVF   49,W
03AD:  MOVWF  52
03AE:  BSF    52.7
03AF:  MOVF   4A,W
03B0:  MOVWF  51
03B1:  MOVF   4B,W
03B2:  MOVWF  50
03B3:  CLRF   4F
03B4:  BCF    03.0
03B5:  RRF    52,F
03B6:  RRF    51,F
03B7:  RRF    50,F
03B8:  RRF    4F,F
03B9:  DECFSZ 4C,F
03BA:  GOTO   3B3
03BB:  BTFSS  4D.7
03BC:  GOTO   3C0
03BD:  BSF    4E.0
03BE:  GOTO   4A3
03BF:  BCF    4E.0
03C0:  BCF    4C.0
03C1:  BSF    4E.4
03C2:  MOVLW  47
03C3:  MOVWF  04
03C4:  BCF    03.7
03C5:  GOTO   4B8
03C6:  BCF    4E.4
03C7:  BTFSC  4D.7
03C8:  GOTO   3D3
03C9:  BTFSS  4C.0
03CA:  GOTO   3DE
03CB:  RRF    52,F
03CC:  RRF    51,F
03CD:  RRF    50,F
03CE:  RRF    4F,F
03CF:  INCF   77,F
03D0:  BTFSC  03.2
03D1:  GOTO   49E
03D2:  GOTO   3DE
03D3:  BTFSC  52.7
03D4:  GOTO   3E1
03D5:  BCF    03.0
03D6:  RLF    4F,F
03D7:  RLF    50,F
03D8:  RLF    51,F
03D9:  RLF    52,F
03DA:  DECF   77,F
03DB:  BTFSC  03.2
03DC:  GOTO   49E
03DD:  GOTO   3D3
03DE:  BSF    4E.6
03DF:  GOTO   44B
03E0:  BCF    4E.6
03E1:  MOVF   45,W
03E2:  MOVWF  4D
03E3:  BTFSS  4D.7
03E4:  GOTO   3E7
03E5:  BSF    52.7
03E6:  GOTO   497
03E7:  BCF    52.7
03E8:  GOTO   497
03E9:  MOVF   48,W
03EA:  MOVWF  4C
03EB:  MOVWF  77
03EC:  MOVF   44,W
03ED:  SUBWF  4C,F
03EE:  MOVF   45,W
03EF:  MOVWF  52
03F0:  BSF    52.7
03F1:  MOVF   46,W
03F2:  MOVWF  51
03F3:  MOVF   47,W
03F4:  MOVWF  50
03F5:  CLRF   4F
03F6:  BCF    03.0
03F7:  RRF    52,F
03F8:  RRF    51,F
03F9:  RRF    50,F
03FA:  RRF    4F,F
03FB:  DECFSZ 4C,F
03FC:  GOTO   3F5
03FD:  BTFSS  4D.7
03FE:  GOTO   402
03FF:  BSF    4E.1
0400:  GOTO   4A3
0401:  BCF    4E.1
0402:  BCF    4C.0
0403:  BSF    4E.5
0404:  MOVLW  4B
0405:  MOVWF  04
0406:  BCF    03.7
0407:  GOTO   4B8
0408:  BCF    4E.5
0409:  BTFSC  4D.7
040A:  GOTO   415
040B:  BTFSS  4C.0
040C:  GOTO   420
040D:  RRF    52,F
040E:  RRF    51,F
040F:  RRF    50,F
0410:  RRF    4F,F
0411:  INCF   77,F
0412:  BTFSC  03.2
0413:  GOTO   49E
0414:  GOTO   420
0415:  BTFSC  52.7
0416:  GOTO   423
0417:  BCF    03.0
0418:  RLF    4F,F
0419:  RLF    50,F
041A:  RLF    51,F
041B:  RLF    52,F
041C:  DECF   77,F
041D:  BTFSC  03.2
041E:  GOTO   49E
041F:  GOTO   415
0420:  BSF    4E.7
0421:  GOTO   44B
0422:  BCF    4E.7
0423:  MOVF   49,W
0424:  MOVWF  4D
0425:  BTFSS  4D.7
0426:  GOTO   429
0427:  BSF    52.7
0428:  GOTO   497
0429:  BCF    52.7
042A:  GOTO   497
042B:  MOVF   49,W
042C:  MOVWF  52
042D:  BSF    52.7
042E:  MOVF   4A,W
042F:  MOVWF  51
0430:  MOVF   4B,W
0431:  MOVWF  50
0432:  BTFSS  4D.7
0433:  GOTO   438
0434:  BCF    52.7
0435:  BSF    4E.2
0436:  GOTO   4A3
0437:  BCF    4E.2
0438:  CLRF   4F
0439:  BCF    4C.0
043A:  MOVLW  47
043B:  MOVWF  04
043C:  BCF    03.7
043D:  GOTO   4B8
043E:  BTFSC  4D.7
043F:  GOTO   461
0440:  MOVF   45,W
0441:  MOVWF  4D
0442:  BTFSS  4C.0
0443:  GOTO   44B
0444:  RRF    52,F
0445:  RRF    51,F
0446:  RRF    50,F
0447:  RRF    4F,F
0448:  INCF   77,F
0449:  BTFSC  03.2
044A:  GOTO   49E
044B:  BTFSS  4F.7
044C:  GOTO   45C
044D:  INCF   50,F
044E:  BTFSS  03.2
044F:  GOTO   45C
0450:  INCF   51,F
0451:  BTFSS  03.2
0452:  GOTO   45C
0453:  INCF   52,F
0454:  BTFSS  03.2
0455:  GOTO   45C
0456:  RRF    52,F
0457:  RRF    51,F
0458:  RRF    50,F
0459:  INCF   77,F
045A:  BTFSC  03.2
045B:  GOTO   49E
045C:  BTFSC  4E.6
045D:  GOTO   3E0
045E:  BTFSC  4E.7
045F:  GOTO   422
0460:  GOTO   480
0461:  MOVLW  80
0462:  XORWF  52,F
0463:  BTFSS  52.7
0464:  GOTO   469
0465:  GOTO   4A3
0466:  MOVF   49,W
0467:  MOVWF  4D
0468:  GOTO   476
0469:  MOVF   45,W
046A:  MOVWF  4D
046B:  MOVF   52,F
046C:  BTFSS  03.2
046D:  GOTO   476
046E:  MOVF   51,F
046F:  BTFSS  03.2
0470:  GOTO   476
0471:  MOVF   50,F
0472:  BTFSS  03.2
0473:  GOTO   476
0474:  CLRF   77
0475:  GOTO   497
0476:  BTFSC  52.7
0477:  GOTO   480
0478:  BCF    03.0
0479:  RLF    4F,F
047A:  RLF    50,F
047B:  RLF    51,F
047C:  RLF    52,F
047D:  DECFSZ 77,F
047E:  GOTO   476
047F:  GOTO   49E
0480:  BTFSS  4D.7
0481:  GOTO   484
0482:  BSF    52.7
0483:  GOTO   497
0484:  BCF    52.7
0485:  GOTO   497
0486:  MOVF   48,W
0487:  MOVWF  77
0488:  MOVF   49,W
0489:  MOVWF  52
048A:  MOVF   4A,W
048B:  MOVWF  51
048C:  MOVF   4B,W
048D:  MOVWF  50
048E:  GOTO   497
048F:  MOVF   44,W
0490:  MOVWF  77
0491:  MOVF   45,W
0492:  MOVWF  52
0493:  MOVF   46,W
0494:  MOVWF  51
0495:  MOVF   47,W
0496:  MOVWF  50
0497:  MOVF   52,W
0498:  MOVWF  78
0499:  MOVF   51,W
049A:  MOVWF  79
049B:  MOVF   50,W
049C:  MOVWF  7A
049D:  GOTO   4D6
049E:  CLRF   77
049F:  CLRF   78
04A0:  CLRF   79
04A1:  CLRF   7A
04A2:  GOTO   4D6
04A3:  CLRF   4F
04A4:  COMF   50,F
04A5:  COMF   51,F
04A6:  COMF   52,F
04A7:  COMF   4F,F
04A8:  INCF   4F,F
04A9:  BTFSS  03.2
04AA:  GOTO   4B1
04AB:  INCF   50,F
04AC:  BTFSS  03.2
04AD:  GOTO   4B1
04AE:  INCF   51,F
04AF:  BTFSC  03.2
04B0:  INCF   52,F
04B1:  BTFSC  4E.0
04B2:  GOTO   3BF
04B3:  BTFSC  4E.1
04B4:  GOTO   401
04B5:  BTFSC  4E.2
04B6:  GOTO   437
04B7:  GOTO   466
04B8:  MOVF   00,W
04B9:  ADDWF  50,F
04BA:  BTFSS  03.0
04BB:  GOTO   4C2
04BC:  INCF   51,F
04BD:  BTFSS  03.2
04BE:  GOTO   4C2
04BF:  INCF   52,F
04C0:  BTFSC  03.2
04C1:  BSF    4C.0
04C2:  DECF   04,F
04C3:  MOVF   00,W
04C4:  ADDWF  51,F
04C5:  BTFSS  03.0
04C6:  GOTO   4CA
04C7:  INCF   52,F
04C8:  BTFSC  03.2
04C9:  BSF    4C.0
04CA:  DECF   04,F
04CB:  MOVF   00,W
04CC:  BTFSS  00.7
04CD:  XORLW  80
04CE:  ADDWF  52,F
04CF:  BTFSC  03.0
04D0:  BSF    4C.0
04D1:  BTFSC  4E.4
04D2:  GOTO   3C6
04D3:  BTFSC  4E.5
04D4:  GOTO   408
04D5:  GOTO   43E
04D6:  RETURN
04D7:  MOVF   44,W
04D8:  BTFSC  03.2
04D9:  GOTO   59C
04DA:  MOVWF  50
04DB:  MOVF   48,W
04DC:  BTFSC  03.2
04DD:  GOTO   59C
04DE:  SUBWF  50,F
04DF:  BTFSS  03.0
04E0:  GOTO   4E6
04E1:  MOVLW  7F
04E2:  ADDWF  50,F
04E3:  BTFSC  03.0
04E4:  GOTO   59C
04E5:  GOTO   4EC
04E6:  MOVLW  81
04E7:  SUBWF  50,F
04E8:  BTFSS  03.0
04E9:  GOTO   59C
04EA:  BTFSC  03.2
04EB:  GOTO   59C
04EC:  MOVF   50,W
04ED:  MOVWF  77
04EE:  CLRF   78
04EF:  CLRF   79
04F0:  CLRF   7A
04F1:  CLRF   4F
04F2:  MOVF   45,W
04F3:  MOVWF  4E
04F4:  BSF    4E.7
04F5:  MOVF   46,W
04F6:  MOVWF  4D
04F7:  MOVF   47,W
04F8:  MOVWF  4C
04F9:  MOVLW  19
04FA:  MOVWF  50
04FB:  MOVF   4B,W
04FC:  SUBWF  4C,F
04FD:  BTFSC  03.0
04FE:  GOTO   50F
04FF:  MOVLW  01
0500:  SUBWF  4D,F
0501:  BTFSC  03.0
0502:  GOTO   50F
0503:  SUBWF  4E,F
0504:  BTFSC  03.0
0505:  GOTO   50F
0506:  SUBWF  4F,F
0507:  BTFSC  03.0
0508:  GOTO   50F
0509:  INCF   4F,F
050A:  INCF   4E,F
050B:  INCF   4D,F
050C:  MOVF   4B,W
050D:  ADDWF  4C,F
050E:  GOTO   541
050F:  MOVF   4A,W
0510:  SUBWF  4D,F
0511:  BTFSC  03.0
0512:  GOTO   52A
0513:  MOVLW  01
0514:  SUBWF  4E,F
0515:  BTFSC  03.0
0516:  GOTO   52A
0517:  SUBWF  4F,F
0518:  BTFSC  03.0
0519:  GOTO   52A
051A:  INCF   4F,F
051B:  INCF   4E,F
051C:  MOVF   4A,W
051D:  ADDWF  4D,F
051E:  MOVF   4B,W
051F:  ADDWF  4C,F
0520:  BTFSS  03.0
0521:  GOTO   541
0522:  INCF   4D,F
0523:  BTFSS  03.2
0524:  GOTO   541
0525:  INCF   4E,F
0526:  BTFSS  03.2
0527:  GOTO   541
0528:  INCF   4F,F
0529:  GOTO   541
052A:  MOVF   49,W
052B:  IORLW  80
052C:  SUBWF  4E,F
052D:  BTFSC  03.0
052E:  GOTO   540
052F:  MOVLW  01
0530:  SUBWF  4F,F
0531:  BTFSC  03.0
0532:  GOTO   540
0533:  INCF   4F,F
0534:  MOVF   49,W
0535:  IORLW  80
0536:  ADDWF  4E,F
0537:  MOVF   4A,W
0538:  ADDWF  4D,F
0539:  BTFSS  03.0
053A:  GOTO   51E
053B:  INCF   4E,F
053C:  BTFSS  03.2
053D:  GOTO   51E
053E:  INCF   4F,F
053F:  GOTO   51E
0540:  BSF    7A.0
0541:  DECFSZ 50,F
0542:  GOTO   544
0543:  GOTO   54F
0544:  BCF    03.0
0545:  RLF    4C,F
0546:  RLF    4D,F
0547:  RLF    4E,F
0548:  RLF    4F,F
0549:  BCF    03.0
054A:  RLF    7A,F
054B:  RLF    79,F
054C:  RLF    78,F
054D:  RLF    51,F
054E:  GOTO   4FB
054F:  BTFSS  51.0
0550:  GOTO   557
0551:  BCF    03.0
0552:  RRF    78,F
0553:  RRF    79,F
0554:  RRF    7A,F
0555:  RRF    51,F
0556:  GOTO   55A
0557:  DECF   77,F
0558:  BTFSC  03.2
0559:  GOTO   59C
055A:  BTFSC  51.7
055B:  GOTO   583
055C:  BCF    03.0
055D:  RLF    4C,F
055E:  RLF    4D,F
055F:  RLF    4E,F
0560:  RLF    4F,F
0561:  MOVF   4B,W
0562:  SUBWF  4C,F
0563:  BTFSC  03.0
0564:  GOTO   56F
0565:  MOVLW  01
0566:  SUBWF  4D,F
0567:  BTFSC  03.0
0568:  GOTO   56F
0569:  SUBWF  4E,F
056A:  BTFSC  03.0
056B:  GOTO   56F
056C:  SUBWF  4F,F
056D:  BTFSS  03.0
056E:  GOTO   592
056F:  MOVF   4A,W
0570:  SUBWF  4D,F
0571:  BTFSC  03.0
0572:  GOTO   57A
0573:  MOVLW  01
0574:  SUBWF  4E,F
0575:  BTFSC  03.0
0576:  GOTO   57A
0577:  SUBWF  4F,F
0578:  BTFSS  03.0
0579:  GOTO   592
057A:  MOVF   49,W
057B:  IORLW  80
057C:  SUBWF  4E,F
057D:  BTFSC  03.0
057E:  GOTO   583
057F:  MOVLW  01
0580:  SUBWF  4F,F
0581:  BTFSS  03.0
0582:  GOTO   592
0583:  INCF   7A,F
0584:  BTFSS  03.2
0585:  GOTO   592
0586:  INCF   79,F
0587:  BTFSS  03.2
0588:  GOTO   592
0589:  INCF   78,F
058A:  BTFSS  03.2
058B:  GOTO   592
058C:  INCF   77,F
058D:  BTFSC  03.2
058E:  GOTO   59C
058F:  RRF    78,F
0590:  RRF    79,F
0591:  RRF    7A,F
0592:  MOVF   45,W
0593:  MOVWF  50
0594:  MOVF   49,W
0595:  XORWF  50,F
0596:  BTFSS  50.7
0597:  GOTO   59A
0598:  BSF    78.7
0599:  GOTO   5A0
059A:  BCF    78.7
059B:  GOTO   5A0
059C:  CLRF   77
059D:  CLRF   78
059E:  CLRF   79
059F:  CLRF   7A
05A0:  RETURN
....................  
.................... #list 
....................  
.................... #device ADC=10 
.................... #use delay(crystal=20000000) 
*
0046:  MOVLW  4C
0047:  MOVWF  04
0048:  BCF    03.7
0049:  MOVF   00,W
004A:  BTFSC  03.2
004B:  GOTO   059
004C:  MOVLW  06
004D:  MOVWF  78
004E:  CLRF   77
004F:  DECFSZ 77,F
0050:  GOTO   04F
0051:  DECFSZ 78,F
0052:  GOTO   04E
0053:  MOVLW  7B
0054:  MOVWF  77
0055:  DECFSZ 77,F
0056:  GOTO   055
0057:  DECFSZ 00,F
0058:  GOTO   04C
0059:  RETURN
.................... #FUSES NOWDT, NOBROWNOUT, NOLVP 
....................  
.................... #include <lcd_c.c> //Incluir librería LCD 
.................... /////////////////////////////////////////////////////////////////////////////// 
.................... ////                             LCD.C                                     //// 
.................... ////                 Driver for common LCD modules                         //// 
.................... ////                                                                       //// 
.................... ////  lcd_init()   Must be called before any other function.               //// 
.................... ////                                                                       //// 
.................... ////  lcd_putc(c)  Will display c on the next position of the LCD.         //// 
.................... ////                     The following have special meaning:               //// 
.................... ////                      \f  Clear display                                //// 
.................... ////                      \n  Go to start of second line                   //// 
.................... ////                      \b  Move back one position                       //// 
.................... ////                                                                       //// 
.................... ////  lcd_gotoxy(x,y) Set write position on LCD (upper left is 1,1)        //// 
.................... ////                                                                       //// 
.................... ////  lcd_getc(x,y)   Returns character at position x,y on LCD             //// 
.................... ////                                                                       //// 
.................... ////  CONFIGURATION                                                        //// 
.................... ////  The LCD can be configured in one of two ways: a.) port access or     //// 
.................... ////  b.) pin access.  Port access requires the entire 7 bit interface     //// 
.................... ////  connected to one GPIO port, and the data bits (D4:D7 of the LCD)     //// 
.................... ////  connected to sequential pins on the GPIO.  Pin access                //// 
.................... ////  has no requirements, all 7 bits of the control interface can         //// 
.................... ////  can be connected to any GPIO using several ports.                    //// 
.................... ////                                                                       //// 
.................... ////  To use port access, #define LCD_DATA_PORT to the SFR location of     //// 
.................... ////  of the GPIO port that holds the interface, -AND- edit LCD_PIN_MAP    //// 
.................... ////  of this file to configure the pin order.  If you are using a         //// 
.................... ////  baseline PIC (PCB), then LCD_OUTPUT_MAP and LCD_INPUT_MAP also must  //// 
.................... ////  be defined.                                                          //// 
.................... ////                                                                       //// 
.................... ////  Example of port access:                                              //// 
.................... ////     #define LCD_DATA_PORT getenv("SFR:PORTD")                         //// 
.................... ////                                                                       //// 
.................... ////  To use pin access, the following pins must be defined:               //// 
.................... ////     LCD_ENABLE_PIN                                                    //// 
.................... ////     LCD_RS_PIN                                                        //// 
.................... ////     LCD_RW_PIN                                                        //// 
.................... ////     LCD_DATA4                                                         //// 
.................... ////     LCD_DATA5                                                         //// 
.................... ////     LCD_DATA6                                                         //// 
.................... ////     LCD_DATA7                                                         //// 
.................... ////                                                                       //// 
.................... ////  Example of pin access:                                               //// 
.................... ////     #define LCD_ENABLE_PIN  PIN_E0                                    //// 
.................... ////     #define LCD_RS_PIN      PIN_E1                                    //// 
.................... ////     #define LCD_RW_PIN      PIN_E2                                    //// 
.................... ////     #define LCD_DATA4       PIN_D4                                    //// 
.................... ////     #define LCD_DATA5       PIN_D5                                    //// 
.................... ////     #define LCD_DATA6       PIN_D6                                    //// 
.................... ////     #define LCD_DATA7       PIN_D7                                    //// 
.................... ////                                                                       //// 
.................... /////////////////////////////////////////////////////////////////////////////// 
.................... ////        (C) Copyright 1996,2009 Custom Computer Services           //// 
.................... //// This source code may only be used by licensed users of the CCS C  //// 
.................... //// compiler.  This source code may only be distributed to other      //// 
.................... //// licensed users of the CCS C compiler.  No other use, reproduction //// 
.................... //// or distribution is permitted without written permission.          //// 
.................... //// Derivative programs created using this software in object code    //// 
.................... //// form are not restricted in any way.                               //// 
.................... /////////////////////////////////////////////////////////////////////////// 
....................  
.................... #define LCD_DATA_PORT      0x07     //portc    LA PUSE YO  
....................  
.................... typedef struct   
.................... {                            // This structure is overlayed 
....................    BOOLEAN enable;           // on to an I/O port to gain 
....................    BOOLEAN rs;               // access to the LCD pins. 
....................    BOOLEAN rw;               // The bits are allocated from 
....................    BOOLEAN unused;           // low order up.  ENABLE will 
....................    int     data : 4;         // be LSB pin of that port. 
....................   #if defined(__PCD__)       // The port used will be LCD_DATA_PORT. 
....................    int    reserved: 8; 
....................   #endif 
.................... } LCD_PIN_MAP; 
....................  
.................... #define use_portb_lcd TRUE 
....................  
.................... #if defined(__PCB__) 
....................    // these definitions only need to be modified for baseline PICs. 
....................    // all other PICs use LCD_PIN_MAP or individual LCD_xxx pin definitions. 
.................... /*                                    EN, RS,   RW,   UNUSED,  DATA  */ 
....................  const LCD_PIN_MAP LCD_OUTPUT_MAP =  {0,  0,    0,    0,       0}; 
....................  const LCD_PIN_MAP LCD_INPUT_MAP =   {0,  0,    0,    0,       0xF}; 
.................... #endif 
....................  
....................  
....................  
.................... ////////////////////// END CONFIGURATION /////////////////////////////////// 
....................  
.................... #ifndef LCD_ENABLE_PIN 
....................    #define lcd_output_enable(x) lcdlat.enable=x 
....................    #define lcd_enable_tris()   lcdtris.enable=0 
.................... #else 
....................    #define lcd_output_enable(x) output_bit(LCD_ENABLE_PIN, x) 
....................    #define lcd_enable_tris()  output_drive(LCD_ENABLE_PIN) 
.................... #endif 
....................  
.................... #ifndef LCD_RS_PIN 
....................    #define lcd_output_rs(x) lcdlat.rs=x 
....................    #define lcd_rs_tris()   lcdtris.rs=0 
.................... #else 
....................    #define lcd_output_rs(x) output_bit(LCD_RS_PIN, x) 
....................    #define lcd_rs_tris()  output_drive(LCD_RS_PIN) 
.................... #endif 
....................  
.................... #ifndef LCD_RW_PIN 
....................    #define lcd_output_rw(x) lcdlat.rw=x 
....................    #define lcd_rw_tris()   lcdtris.rw=0 
.................... #else 
....................    #define lcd_output_rw(x) output_bit(LCD_RW_PIN, x) 
....................    #define lcd_rw_tris()  output_drive(LCD_RW_PIN) 
.................... #endif 
....................  
.................... #ifndef LCD_DATA_PORT 
....................    #if defined(__PCB__) 
....................       #define LCD_DATA_PORT      0x06     //portb 
....................       #define set_tris_lcd(x)   set_tris_b(x) 
....................    #elif defined(__PCM__) 
....................       #define LCD_DATA_PORT      getenv("SFR:PORTD")     //portd 
....................    #elif defined(__PCH__) 
....................       #define LCD_DATA_PORT      getenv("SFR:PORTD")    //portd 
....................    #elif defined(__PCD__) 
....................       #define LCD_DATA_PORT      getenv("SFR:PORTD")    //portd 
....................    #endif    
.................... #endif 
....................  
.................... #if defined(__PCB__) 
....................    LCD_PIN_MAP lcd, lcdlat; 
....................    #byte lcd = LCD_DATA_PORT 
....................    #byte lcdlat = LCD_DATA_PORT 
.................... #elif defined(__PCM__) 
....................    LCD_PIN_MAP lcd, lcdlat, lcdtris; 
....................    #byte lcd = LCD_DATA_PORT 
....................    #byte lcdlat = LCD_DATA_PORT 
....................    #byte lcdtris = LCD_DATA_PORT+0x80 
.................... #elif defined(__PCH__) 
....................    LCD_PIN_MAP lcd, lcdlat, lcdtris; 
....................    #byte lcd = LCD_DATA_PORT 
....................    #byte lcdlat = LCD_DATA_PORT+9 
....................    #byte lcdtris = LCD_DATA_PORT+0x12 
.................... #elif defined(__PCD__) 
....................    LCD_PIN_MAP lcd, lcdlat, lcdtris; 
....................    #word lcd = LCD_DATA_PORT 
....................    #word lcdlat = LCD_DATA_PORT+2 
....................    #word lcdtris = LCD_DATA_PORT-0x02 
.................... #endif 
....................  
.................... #ifndef LCD_TYPE 
....................    #define LCD_TYPE 2           // 0=5x7, 1=5x10, 2=2 lines 
.................... #endif 
....................  
.................... #ifndef LCD_LINE_TWO 
....................    #define LCD_LINE_TWO 0x40    // LCD RAM address for the second line 
.................... #endif 
....................  
.................... BYTE const LCD_INIT_STRING[4] = {0x20 | (lcd_type << 2), 0xc, 1, 6}; 
....................                              // These bytes need to be sent to the LCD 
....................                              // to start it up. 
....................  
.................... // original version of this library incorrectly labeled LCD_DATA0 as LCD_DATA4, 
.................... // LCD_DATA1 as LCD_DATA5, and so on.  this block of code makes the driver 
.................... // compatible with any code written for the original library 
.................... #if (defined(LCD_DATA0) && defined(LCD_DATA1) && defined(LCD_DATA2) && defined(LCD_DATA3) && !defined(LCD_DATA4) && !defined(LCD_DATA5) && !defined(LCD_DATA6) && !defined(LCD_DATA7)) 
....................    #define  LCD_DATA4    LCD_DATA0 
....................    #define  LCD_DATA5    LCD_DATA1 
....................    #define  LCD_DATA6    LCD_DATA2 
....................    #define  LCD_DATA7    LCD_DATA3 
.................... #endif 
....................  
.................... BYTE lcd_read_nibble(void); 
....................  
.................... BYTE lcd_read_byte(void) 
.................... { 
....................    BYTE low,high; 
....................  
....................  #if defined(__PCB__) 
....................    set_tris_lcd(LCD_INPUT_MAP); 
....................  #else 
....................   #if (defined(LCD_DATA4) && defined(LCD_DATA5) && defined(LCD_DATA6) && defined(LCD_DATA7)) 
....................    output_float(LCD_DATA4); 
....................    output_float(LCD_DATA5); 
....................    output_float(LCD_DATA6); 
....................    output_float(LCD_DATA7); 
....................   #else 
....................    lcdtris.data = 0xF; 
*
0072:  MOVLW  0F
0073:  BSF    03.5
0074:  ANDWF  07,W
0075:  IORLW  F0
0076:  MOVWF  07
....................   #endif 
....................  #endif 
....................          
....................    lcd_output_rw(1); 
0077:  BCF    03.5
0078:  BSF    07.2
....................    delay_cycles(1); 
0079:  NOP
....................    lcd_output_enable(1); 
007A:  BSF    07.0
....................    delay_cycles(1); 
007B:  NOP
....................    high = lcd_read_nibble(); 
007C:  CALL   06B
007D:  MOVF   78,W
007E:  MOVWF  53
....................        
....................    lcd_output_enable(0); 
007F:  BCF    07.0
....................    delay_cycles(1); 
0080:  NOP
....................    lcd_output_enable(1); 
0081:  BSF    07.0
....................    delay_us(1); 
0082:  GOTO   083
0083:  GOTO   084
0084:  NOP
....................    low = lcd_read_nibble(); 
0085:  CALL   06B
0086:  MOVF   78,W
0087:  MOVWF  52
....................        
....................    lcd_output_enable(0); 
0088:  BCF    07.0
....................  
....................  #if defined(__PCB__) 
....................    set_tris_lcd(LCD_INPUT_MAP); 
....................  #else 
....................   #if (defined(LCD_DATA4) && defined(LCD_DATA5) && defined(LCD_DATA6) && defined(LCD_DATA7)) 
....................    output_drive(LCD_DATA4); 
....................    output_drive(LCD_DATA5); 
....................    output_drive(LCD_DATA6); 
....................    output_drive(LCD_DATA7); 
....................   #else 
....................    lcdtris.data = 0x0; 
0089:  MOVLW  0F
008A:  BSF    03.5
008B:  ANDWF  07,W
008C:  MOVWF  07
....................   #endif 
....................  #endif 
....................  
....................    return( (high<<4) | low); 
008D:  BCF    03.5
008E:  SWAPF  53,W
008F:  MOVWF  77
0090:  MOVLW  F0
0091:  ANDWF  77,F
0092:  MOVF   77,W
0093:  IORWF  52,W
0094:  MOVWF  78
.................... } 
....................  
.................... BYTE lcd_read_nibble(void) 
.................... { 
....................   #if (defined(LCD_DATA4) && defined(LCD_DATA5) && defined(LCD_DATA6) && defined(LCD_DATA7)) 
....................    BYTE n = 0x00; 
....................  
....................    /* Read the data port */ 
....................    n |= input(LCD_DATA4); 
....................    n |= input(LCD_DATA5) << 1; 
....................    n |= input(LCD_DATA6) << 2; 
....................    n |= input(LCD_DATA7) << 3; 
....................     
....................    return(n); 
....................   #else 
....................    return(lcd.data); 
*
006B:  MOVF   07,W
006C:  MOVWF  77
006D:  SWAPF  07,W
006E:  ANDLW  0F
006F:  MOVWF  78
....................   #endif 
0070:  RETURN
.................... } 
....................  
.................... void lcd_send_nibble(BYTE n) 
.................... { 
....................   #if (defined(LCD_DATA4) && defined(LCD_DATA5) && defined(LCD_DATA6) && defined(LCD_DATA7)) 
....................    /* Write to the data port */ 
....................    output_bit(LCD_DATA4, BIT_TEST(n, 0)); 
....................    output_bit(LCD_DATA5, BIT_TEST(n, 1)); 
....................    output_bit(LCD_DATA6, BIT_TEST(n, 2)); 
....................    output_bit(LCD_DATA7, BIT_TEST(n, 3)); 
....................   #else       
....................    lcdlat.data = n; 
*
005A:  SWAPF  53,W
005B:  ANDLW  F0
005C:  MOVWF  77
005D:  MOVLW  0F
005E:  ANDWF  07,W
005F:  IORWF  77,W
0060:  MOVWF  07
....................   #endif 
....................        
....................    delay_cycles(1); 
0061:  NOP
....................    lcd_output_enable(1); 
0062:  BSF    07.0
....................    delay_us(2); 
0063:  MOVLW  02
0064:  MOVWF  77
0065:  DECFSZ 77,F
0066:  GOTO   065
0067:  GOTO   068
0068:  NOP
....................    lcd_output_enable(0); 
0069:  BCF    07.0
006A:  RETURN
.................... } 
....................  
.................... void lcd_send_byte(BYTE address, BYTE n) 
.................... { 
....................    lcd_output_rs(0); 
*
0071:  BCF    07.1
....................    while ( bit_test(lcd_read_byte(),7) ) ; 
*
0095:  MOVF   78,W
0096:  MOVWF  52
0097:  BTFSC  52.7
0098:  GOTO   072
....................    lcd_output_rs(address); 
0099:  BTFSS  50.0
009A:  BCF    07.1
009B:  BTFSC  50.0
009C:  BSF    07.1
....................    delay_cycles(1); 
009D:  NOP
....................    lcd_output_rw(0); 
009E:  BCF    07.2
....................    delay_cycles(1); 
009F:  NOP
....................    lcd_output_enable(0); 
00A0:  BCF    07.0
....................    lcd_send_nibble(n >> 4); 
00A1:  SWAPF  51,W
00A2:  MOVWF  52
00A3:  MOVLW  0F
00A4:  ANDWF  52,F
00A5:  MOVF   52,W
00A6:  MOVWF  53
00A7:  CALL   05A
....................    lcd_send_nibble(n & 0xf); 
00A8:  MOVF   51,W
00A9:  ANDLW  0F
00AA:  MOVWF  52
00AB:  MOVWF  53
00AC:  CALL   05A
00AD:  RETURN
.................... } 
....................  
.................... void lcd_init(void)  
.................... { 
....................    BYTE i; 
....................  
....................  #if defined(__PCB__) 
....................    set_tris_lcd(LCD_OUTPUT_MAP); 
....................  #else 
....................   #if (defined(LCD_DATA4) && defined(LCD_DATA5) && defined(LCD_DATA6) && defined(LCD_DATA7)) 
....................    output_drive(LCD_DATA4); 
....................    output_drive(LCD_DATA5); 
....................    output_drive(LCD_DATA6); 
....................    output_drive(LCD_DATA7); 
....................   #else 
....................    lcdtris.data = 0x0; 
00AE:  MOVLW  0F
00AF:  BSF    03.5
00B0:  ANDWF  07,W
00B1:  MOVWF  07
....................   #endif 
....................    lcd_enable_tris(); 
00B2:  BCF    07.0
....................    lcd_rs_tris(); 
00B3:  BCF    07.1
....................    lcd_rw_tris(); 
00B4:  BCF    07.2
....................  #endif 
....................  
....................    lcd_output_rs(0); 
00B5:  BCF    03.5
00B6:  BCF    07.1
....................    lcd_output_rw(0); 
00B7:  BCF    07.2
....................    lcd_output_enable(0); 
00B8:  BCF    07.0
....................      
....................    delay_ms(15); 
00B9:  MOVLW  0F
00BA:  MOVWF  4C
00BB:  CALL   046
....................    for(i=1;i<=3;++i) 
00BC:  MOVLW  01
00BD:  MOVWF  3B
00BE:  MOVF   3B,W
00BF:  SUBLW  03
00C0:  BTFSS  03.0
00C1:  GOTO   0CA
....................    { 
....................        lcd_send_nibble(3); 
00C2:  MOVLW  03
00C3:  MOVWF  53
00C4:  CALL   05A
....................        delay_ms(5); 
00C5:  MOVLW  05
00C6:  MOVWF  4C
00C7:  CALL   046
00C8:  INCF   3B,F
00C9:  GOTO   0BE
....................    } 
....................      
....................    lcd_send_nibble(2); 
00CA:  MOVLW  02
00CB:  MOVWF  53
00CC:  CALL   05A
....................    for(i=0;i<=3;++i) 
00CD:  CLRF   3B
00CE:  MOVF   3B,W
00CF:  SUBLW  03
00D0:  BTFSS  03.0
00D1:  GOTO   0DB
....................       lcd_send_byte(0,LCD_INIT_STRING[i]); 
00D2:  MOVF   3B,W
00D3:  CALL   004
00D4:  MOVWF  3C
00D5:  CLRF   50
00D6:  MOVF   3C,W
00D7:  MOVWF  51
00D8:  CALL   071
00D9:  INCF   3B,F
00DA:  GOTO   0CE
00DB:  BCF    0A.3
00DC:  BCF    0A.4
00DD:  GOTO   71E (RETURN)
.................... } 
....................  
.................... void lcd_gotoxy(BYTE x, BYTE y) 
.................... { 
....................    BYTE address; 
....................  
....................    if(y!=1) 
*
00EA:  DECFSZ 4D,W
00EB:  GOTO   0ED
00EC:  GOTO   0F0
....................       address=LCD_LINE_TWO; 
00ED:  MOVLW  40
00EE:  MOVWF  4E
00EF:  GOTO   0F1
....................    else 
....................       address=0; 
00F0:  CLRF   4E
....................       
....................    address+=x-1; 
00F1:  MOVLW  01
00F2:  SUBWF  4C,W
00F3:  ADDWF  4E,F
....................    lcd_send_byte(0,0x80|address); 
00F4:  MOVF   4E,W
00F5:  IORLW  80
00F6:  MOVWF  4F
00F7:  CLRF   50
00F8:  MOVF   4F,W
00F9:  MOVWF  51
00FA:  CALL   071
00FB:  RETURN
.................... } 
....................  
.................... void lcd_putc(char c) 
.................... { 
....................    switch (c) 
00FC:  MOVF   4B,W
00FD:  XORLW  0C
00FE:  BTFSC  03.2
00FF:  GOTO   107
0100:  XORLW  06
0101:  BTFSC  03.2
0102:  GOTO   10F
0103:  XORLW  02
0104:  BTFSC  03.2
0105:  GOTO   115
0106:  GOTO   11A
....................    { 
....................       case '\f'   :  lcd_send_byte(0,1); 
0107:  CLRF   50
0108:  MOVLW  01
0109:  MOVWF  51
010A:  CALL   071
....................                      delay_ms(2); 
010B:  MOVLW  02
010C:  MOVWF  4C
010D:  CALL   046
....................                      break; 
010E:  GOTO   11F
....................                       
....................       case '\n'   : lcd_gotoxy(1,2);        break; 
010F:  MOVLW  01
0110:  MOVWF  4C
0111:  MOVLW  02
0112:  MOVWF  4D
0113:  CALL   0EA
0114:  GOTO   11F
....................       
....................       case '\b'   : lcd_send_byte(0,0x10);  break; 
0115:  CLRF   50
0116:  MOVLW  10
0117:  MOVWF  51
0118:  CALL   071
0119:  GOTO   11F
....................       
....................       default     : lcd_send_byte(1,c);     break; 
011A:  MOVLW  01
011B:  MOVWF  50
011C:  MOVF   4B,W
011D:  MOVWF  51
011E:  CALL   071
....................    } 
011F:  RETURN
.................... } 
....................   
.................... char lcd_getc(BYTE x, BYTE y) 
.................... { 
....................    char value; 
....................  
....................    lcd_gotoxy(x,y); 
....................    while ( bit_test(lcd_read_byte(),7) ); // wait until busy flag is low 
....................    lcd_output_rs(1); 
....................    value = lcd_read_byte(); 
....................    lcd_output_rs(0); 
....................     
....................    return(value); 
.................... } 
....................  
.................... #include <kbd4x4_b.c> //Librería teclado 4x4 puerto B 
.................... /////////////////////////////////////////////////////////////////////////// 
.................... ////                             KBD4x4_1.C                                //// 
.................... ////                  Generic keypad scan driver                       //// 
.................... ////                                                                   //// 
.................... ////  kbd_init()   Must be called before any other function.           //// 
.................... ////                                                                   //// 
.................... ////  c = kbd_getc(c)  Will return a key value if pressed or /0 if not //// 
.................... ////                   This function should be called frequently so as //// 
.................... ////                   not to miss a key press.                        //// 
.................... ////                                                                   //// 
.................... /////////////////////////////////////////////////////////////////////////// 
.................... ////        (C) Copyright 1996,2003 Custom Computer Services           //// 
.................... //// This source code may only be used by licensed users of the CCS C  //// 
.................... //// compiler.  This source code may only be distributed to other      //// 
.................... //// licensed users of the CCS C compiler.  No other use, reproduction //// 
.................... //// or distribution is permitted without written permission.          //// 
.................... //// Derivative programs created using this software in object code    //// 
.................... //// form are not restricted in any way.                               //// 
.................... /////////////////////////////////////////////////////////////////////////// 
....................  
.................... ////////////////// The following defines the keypad layout on port D 
....................  
.................... // Un-comment the following define to use port B 
.................... #define use_portb_kbd TRUE 
....................  
.................... // Make sure the port used has pull-up resistors (or the LCD) on 
.................... // the column pins 
....................  
....................  
.................... #if defined(__PCH__) 
.................... #if defined use_portb_kbd 
....................    #byte kbd = 0xF81                   // This puts the entire structure 
.................... #else 
....................    #byte kbd = 0xF83                   // This puts the entire structure 
.................... #endif 
.................... #else 
.................... #if defined use_portb_kbd 
....................    #byte kbd = 6                  // on to port B (at address 6) 
.................... #else 
....................    #byte kbd = 8                 // on to port D (at address 8) 
.................... #endif 
.................... #endif 
....................  
.................... #if defined use_portb_kbd 
....................    #define set_tris_kbd(x) set_tris_b(x) 
.................... #else 
....................    #define set_tris_kbd(x) set_tris_d(x) 
.................... #endif 
....................  
....................  
....................  
.................... //Keypad connection:   (for example column 0 is B2) 
.................... //                Bx: 
....................  
.................... #ifdef blue_keypad  ///////////////////////////////////// For the blue keypad 
.................... #define COL0 (1 << 2) 
.................... #define COL1 (1 << 3) 
.................... #define COL2 (1 << 6) 
....................  
.................... #define ROW0 (1 << 4) 
.................... #define ROW1 (1 << 7) 
.................... #define ROW2 (1 << 1) 
.................... #define ROW3 (1 << 5) 
....................  
.................... #else ////////////////////////////////////////////////// For the black keypad 
.................... #define COL0 (1 << 4) 
.................... #define COL1 (1 << 5) 
.................... #define COL2 (1 << 6) 
.................... #define COL3 (1 << 7) 
....................  
.................... #define ROW0 (1 << 0) 
.................... #define ROW1 (1 << 1) 
.................... #define ROW2 (1 << 2) 
.................... #define ROW3 (1 << 3) 
....................  
.................... #endif 
....................  
.................... #define ALL_ROWS (ROW0|ROW1|ROW2|ROW3) 
.................... #define ALL_PINS (ALL_ROWS|COL0|COL1|COL2|COL3) 
....................  
.................... // Keypad layout: 
.................... char const KEYS[4][4] = {{'7','8','9','/'}, 
....................                          {'4','5','6','*'}, 
....................                          {'1','2','3','-'}, 
....................                          {'C','0','=','+'}}; 
....................  
.................... #define KBD_DEBOUNCE_FACTOR 33    // Set this number to apx n/333 where 
....................                                   // n is the number of times you expect 
....................                                   // to call kbd_getc each second 
....................  
....................  
.................... void kbd_init() { 
*
0043:  BCF    0A.3
0044:  BCF    0A.4
0045:  GOTO   71D (RETURN)
.................... } 
....................  
.................... char kbd_getc( ) { 
....................    static BYTE kbd_call_count; 
*
0704:  BCF    03.5
0705:  CLRF   20
....................    static int1 kbd_down; 
0706:  BCF    21.0
....................    static char last_key; 
0707:  CLRF   22
....................    static BYTE col; 
0708:  CLRF   23
....................  
....................    BYTE kchar; 
....................    BYTE row; 
....................  
....................    kchar='\0'; 
*
0176:  CLRF   49
....................    if(++kbd_call_count>KBD_DEBOUNCE_FACTOR) { 
0177:  INCF   20,F
0178:  MOVF   20,W
0179:  SUBLW  21
017A:  BTFSC  03.0
017B:  GOTO   1D6
....................        switch (col) { 
017C:  MOVF   23,W
017D:  ADDLW  FC
017E:  BTFSC  03.0
017F:  GOTO   199
0180:  ADDLW  04
0181:  GOTO   1DF
....................          case 0   : set_tris_kbd(ALL_PINS&~COL0); 
0182:  MOVLW  EF
0183:  BSF    03.5
0184:  MOVWF  06
....................                     kbd=~COL0&ALL_PINS; 
0185:  BCF    03.5
0186:  MOVWF  06
....................                     break; 
0187:  GOTO   199
....................          case 1   : set_tris_kbd(ALL_PINS&~COL1); 
0188:  MOVLW  DF
0189:  BSF    03.5
018A:  MOVWF  06
....................                     kbd=~COL1&ALL_PINS; 
018B:  BCF    03.5
018C:  MOVWF  06
....................                     break; 
018D:  GOTO   199
....................          case 2   : set_tris_kbd(ALL_PINS&~COL2); 
018E:  MOVLW  BF
018F:  BSF    03.5
0190:  MOVWF  06
....................                     kbd=~COL2&ALL_PINS; 
0191:  BCF    03.5
0192:  MOVWF  06
....................                     break; 
0193:  GOTO   199
....................          case 3   : set_tris_kbd(ALL_PINS&~COL3); 
0194:  MOVLW  7F
0195:  BSF    03.5
0196:  MOVWF  06
....................                     kbd=~COL3&ALL_PINS; 
0197:  BCF    03.5
0198:  MOVWF  06
....................                     break; 
....................        } 
....................  
....................        if(kbd_down) { 
0199:  BTFSS  21.0
019A:  GOTO   1A5
....................          if((kbd & (ALL_ROWS))==(ALL_ROWS)) { 
019B:  MOVF   06,W
019C:  ANDLW  0F
019D:  SUBLW  0F
019E:  BTFSS  03.2
019F:  GOTO   1A4
....................            kbd_down=FALSE; 
01A0:  BCF    21.0
....................            kchar=last_key; 
01A1:  MOVF   22,W
01A2:  MOVWF  49
....................            last_key='\0'; 
01A3:  CLRF   22
....................          } 
....................        } else { 
01A4:  GOTO   1D5
....................           if((kbd & (ALL_ROWS))!=(ALL_ROWS)) { 
01A5:  MOVF   06,W
01A6:  ANDLW  0F
01A7:  SUBLW  0F
01A8:  BTFSC  03.2
01A9:  GOTO   1D0
....................              if((kbd & ROW0)==0) 
01AA:  MOVF   06,W
01AB:  ANDLW  01
01AC:  BTFSS  03.2
01AD:  GOTO   1B0
....................                row=0; 
01AE:  CLRF   4A
01AF:  GOTO   1C4
....................              else if((kbd & ROW1)==0) 
01B0:  MOVF   06,W
01B1:  ANDLW  02
01B2:  BTFSS  03.2
01B3:  GOTO   1B7
....................                row=1; 
01B4:  MOVLW  01
01B5:  MOVWF  4A
01B6:  GOTO   1C4
....................              else if((kbd & ROW2)==0) 
01B7:  MOVF   06,W
01B8:  ANDLW  04
01B9:  BTFSS  03.2
01BA:  GOTO   1BE
....................                row=2; 
01BB:  MOVLW  02
01BC:  MOVWF  4A
01BD:  GOTO   1C4
....................              else if((kbd & ROW3)==0) 
01BE:  MOVF   06,W
01BF:  ANDLW  08
01C0:  BTFSS  03.2
01C1:  GOTO   1C4
....................                row=3; 
01C2:  MOVLW  03
01C3:  MOVWF  4A
....................              last_key =KEYS[row][col]; 
01C4:  RLF    4A,W
01C5:  MOVWF  77
01C6:  RLF    77,F
01C7:  MOVLW  FC
01C8:  ANDWF  77,F
01C9:  MOVF   77,W
01CA:  ADDWF  23,W
01CB:  CALL   00C
01CC:  MOVWF  78
01CD:  MOVWF  22
....................              kbd_down = TRUE; 
01CE:  BSF    21.0
....................           } else { 
01CF:  GOTO   1D5
....................              ++col; 
01D0:  INCF   23,F
....................              if(col==4) 
01D1:  MOVF   23,W
01D2:  SUBLW  04
01D3:  BTFSC  03.2
....................                col=0; 
01D4:  CLRF   23
....................           } 
....................        } 
....................       kbd_call_count=0; 
01D5:  CLRF   20
....................    } 
....................   set_tris_kbd(ALL_PINS); 
01D6:  MOVLW  FF
01D7:  BSF    03.5
01D8:  MOVWF  06
....................   return(kchar); 
01D9:  BCF    03.5
01DA:  MOVF   49,W
01DB:  MOVWF  78
01DC:  BCF    0A.3
01DD:  BCF    0A.4
01DE:  GOTO   1E8 (RETURN)
.................... } 
....................  
.................... #include <getNum16.c> //Librería para leer numeros enteros de 16 bits 
.................... /* 
....................    ** Se requiere haber inicializado el lcd y el teclado **  
....................     
....................    Usar como "int16 numero = get_num();" no puede borrar numeros 
....................     
....................    Al usar como "int16 numero = get_num_lcd(cursor_x,cursor_y)" 
....................    se pueden borrar caracteres con '-' y con 'C' 
....................        
....................    Por Angel Primitivo Vejar Cortés 2022 | angel-primi@hotmail.com 
.................... */ 
....................  
.................... unsigned int32 pow(int8 base, int8 power){ 
*
0300:  CLRF   4F
0301:  CLRF   4E
0302:  CLRF   4D
0303:  MOVLW  01
0304:  MOVWF  4C
....................    int32 result = 1; 
....................    for(int8 i = 0; i < power; i++){ 
0305:  CLRF   50
0306:  MOVF   4B,W
0307:  SUBWF  50,W
0308:  BTFSC  03.0
0309:  GOTO   322
....................       result *= base; 
030A:  MOVF   4F,W
030B:  MOVWF  54
030C:  MOVF   4E,W
030D:  MOVWF  53
030E:  MOVF   4D,W
030F:  MOVWF  52
0310:  MOVF   4C,W
0311:  MOVWF  51
0312:  CLRF   58
0313:  CLRF   57
0314:  CLRF   56
0315:  MOVF   4A,W
0316:  MOVWF  55
0317:  CALL   1F0
0318:  MOVF   7A,W
0319:  MOVWF  4F
031A:  MOVF   79,W
031B:  MOVWF  4E
031C:  MOVF   78,W
031D:  MOVWF  4D
031E:  MOVF   77,W
031F:  MOVWF  4C
0320:  INCF   50,F
0321:  GOTO   306
....................    } 
....................    return result; 
0322:  MOVF   4C,W
0323:  MOVWF  77
0324:  MOVF   4D,W
0325:  MOVWF  78
0326:  MOVF   4E,W
0327:  MOVWF  79
0328:  MOVF   4F,W
0329:  MOVWF  7A
.................... } 
....................  
.................... char read_key(){ 
....................    char c; 
....................    do{ 
....................       c=kbd_getc(); 
*
01E7:  GOTO   176
01E8:  MOVF   78,W
01E9:  MOVWF  48
....................    } 
....................    while(c=='\0');  
01EA:  MOVF   48,F
01EB:  BTFSC  03.2
01EC:  GOTO   1E7
....................    return(c); 
01ED:  MOVF   48,W
01EE:  MOVWF  78
01EF:  RETURN
.................... } 
....................  
.................... int16 get_num_lcd(int8 x, int8 y){ 
....................    lcd_gotoxy(x,y); 
*
0281:  MOVF   3C,W
0282:  MOVWF  4C
0283:  MOVF   3D,W
0284:  MOVWF  4D
0285:  CALL   0EA
....................    int16 numero = 0; 
....................    char cadena[5] = {0,0,0,0,0}; 
*
0288:  CLRF   40
0289:  CLRF   41
028A:  CLRF   42
028B:  CLRF   43
028C:  CLRF   44
....................    int8 index = 0; 
....................    char tecla; 
*
0286:  CLRF   3F
0287:  CLRF   3E
*
028D:  CLRF   45
....................    do { 
....................       tecla = read_key(); 
028E:  CALL   1E7
028F:  MOVF   78,W
0290:  MOVWF  46
....................       if((tecla >= 48) && (tecla <= 57))  
0291:  MOVF   46,W
0292:  SUBLW  2F
0293:  BTFSC  03.0
0294:  GOTO   2A3
0295:  MOVF   46,W
0296:  SUBLW  39
0297:  BTFSS  03.0
0298:  GOTO   2A3
....................       { 
....................          cadena[index] = tecla; 
0299:  MOVLW  40
029A:  ADDWF  45,W
029B:  MOVWF  04
029C:  BCF    03.7
029D:  MOVF   46,W
029E:  MOVWF  00
....................          index++; 
029F:  INCF   45,F
....................          printf(lcd_putc,"%c",tecla); 
02A0:  MOVF   46,W
02A1:  MOVWF  4B
02A2:  CALL   0FC
....................       } 
....................        
....................       if(tecla == '-' && index > 0){ 
02A3:  MOVF   46,W
02A4:  SUBLW  2D
02A5:  BTFSS  03.2
02A6:  GOTO   2C1
02A7:  MOVF   45,F
02A8:  BTFSC  03.2
02A9:  GOTO   2C1
....................          index--; 
02AA:  DECF   45,F
....................          cadena[index] = 0; 
02AB:  MOVLW  40
02AC:  ADDWF  45,W
02AD:  MOVWF  04
02AE:  BCF    03.7
02AF:  CLRF   00
....................          lcd_gotoxy(x + index,y); 
02B0:  MOVF   45,W
02B1:  ADDWF  3C,W
02B2:  MOVWF  48
02B3:  MOVWF  4C
02B4:  MOVF   3D,W
02B5:  MOVWF  4D
02B6:  CALL   0EA
....................          printf(lcd_putc," "); 
02B7:  MOVLW  20
02B8:  MOVWF  4B
02B9:  CALL   0FC
....................          lcd_gotoxy(x + index,y); 
02BA:  MOVF   45,W
02BB:  ADDWF  3C,W
02BC:  MOVWF  48
02BD:  MOVWF  4C
02BE:  MOVF   3D,W
02BF:  MOVWF  4D
02C0:  CALL   0EA
....................       } 
....................        
....................       if(tecla == 'C' && index > 0){ 
02C1:  MOVF   46,W
02C2:  SUBLW  43
02C3:  BTFSS  03.2
02C4:  GOTO   2DF
02C5:  MOVF   45,F
02C6:  BTFSC  03.2
02C7:  GOTO   2DF
....................          index=0; 
02C8:  CLRF   45
....................          cadena[0] = 0; 
02C9:  CLRF   40
....................          cadena[1] = 0; 
02CA:  CLRF   41
....................          cadena[2] = 0; 
02CB:  CLRF   42
....................          cadena[3] = 0; 
02CC:  CLRF   43
....................          cadena[4] = 0; 
02CD:  CLRF   44
....................          lcd_gotoxy(x,y); 
02CE:  MOVF   3C,W
02CF:  MOVWF  4C
02D0:  MOVF   3D,W
02D1:  MOVWF  4D
02D2:  CALL   0EA
....................          printf(lcd_putc,"     "); 
02D3:  MOVLW  20
02D4:  BSF    03.6
02D5:  MOVWF  0D
02D6:  MOVLW  00
02D7:  MOVWF  0F
02D8:  BCF    03.6
02D9:  CALL   120
....................          lcd_gotoxy(x,y); 
02DA:  MOVF   3C,W
02DB:  MOVWF  4C
02DC:  MOVF   3D,W
02DD:  MOVWF  4D
02DE:  CALL   0EA
....................       } 
....................        
....................       if(tecla == '=' && index > 0){ 
02DF:  MOVF   46,W
02E0:  SUBLW  3D
02E1:  BTFSS  03.2
02E2:  GOTO   2E6
02E3:  MOVF   45,F
02E4:  BTFSS  03.2
....................          break;      
02E5:  GOTO   2EA
....................       } 
....................    }while(index < 5); 
02E6:  MOVF   45,W
02E7:  SUBLW  04
02E8:  BTFSC  03.0
02E9:  GOTO   28E
....................     
....................    for(int8 i = 0; i < index; i++){ 
02EA:  CLRF   47
02EB:  MOVF   45,W
02EC:  SUBWF  47,W
02ED:  BTFSC  03.0
02EE:  GOTO   34B
....................       numero += (cadena[i] - 48) * (pow(10,index - 1 - i)); 
02EF:  MOVLW  40
02F0:  ADDWF  47,W
02F1:  MOVWF  04
02F2:  BCF    03.7
02F3:  MOVLW  30
02F4:  SUBWF  00,W
02F5:  MOVWF  48
02F6:  MOVLW  01
02F7:  SUBWF  45,W
02F8:  MOVWF  78
02F9:  MOVF   47,W
02FA:  SUBWF  78,W
02FB:  MOVWF  49
02FC:  MOVLW  0A
02FD:  MOVWF  4A
02FE:  MOVF   49,W
02FF:  MOVWF  4B
*
032A:  CLRF   4A
032B:  MOVF   04,W
032C:  MOVWF  49
032D:  BCF    4A.0
032E:  BTFSC  03.7
032F:  BSF    4A.0
0330:  CLRF   54
0331:  CLRF   53
0332:  CLRF   52
0333:  MOVF   48,W
0334:  MOVWF  51
0335:  MOVF   7A,W
0336:  MOVWF  58
0337:  MOVF   79,W
0338:  MOVWF  57
0339:  MOVF   78,W
033A:  MOVWF  56
033B:  MOVF   77,W
033C:  MOVWF  55
033D:  CALL   1F0
033E:  MOVF   49,W
033F:  MOVWF  04
0340:  BCF    03.7
0341:  BTFSC  4A.0
0342:  BSF    03.7
0343:  MOVF   77,W
0344:  ADDWF  3E,F
0345:  MOVF   78,W
0346:  BTFSC  03.0
0347:  INCFSZ 78,W
0348:  ADDWF  3F,F
0349:  INCF   47,F
034A:  GOTO   2EB
....................    }   
....................    return numero; 
034B:  MOVF   3E,W
034C:  MOVWF  78
034D:  MOVF   3F,W
034E:  MOVWF  79
.................... } 
....................  
.................... int16 get_num() { 
....................    int16 numero = 0; 
....................    char cadena[5] = {0,0,0,0,0}; 
....................    int8 index = 0; 
....................    char tecla; 
....................    do { 
....................       tecla = read_key(); 
....................       if((tecla >= 48) && (tecla <= 57))  
....................       { 
....................          cadena[index] = tecla; 
....................          index++; 
....................          printf(lcd_putc,"%c",tecla); 
....................       } 
....................        
....................       if(tecla == '=' && index > 0){ 
....................          break;      
....................       } 
....................    }while(index < 5); 
....................     
....................    for(int8 i = 0; i < index; i++){ 
....................       numero += (cadena[i] - 48) * (pow(10,index - 1 - i)); 
....................    }   
....................    return numero; 
.................... } 
....................  
....................  
.................... #USE STANDARD_IO(D) 
.................... #USE STANDARD_IO(A) 
....................  
.................... #define boton_paro PIN_E2 
....................  
.................... int8 pasosbi[8] = { 
....................    0b1000, 
....................    0b1010, 
....................    0b0010, 
....................    0b0110, 
....................    0b0100, 
....................    0b0101, 
....................    0b0001, 
....................    0b1001 
.................... }; 
*
0709:  MOVLW  08
070A:  MOVWF  24
070B:  MOVLW  0A
070C:  MOVWF  25
070D:  MOVLW  02
070E:  MOVWF  26
070F:  MOVLW  06
0710:  MOVWF  27
0711:  MOVLW  04
0712:  MOVWF  28
0713:  MOVLW  05
0714:  MOVWF  29
0715:  MOVLW  01
0716:  MOVWF  2A
0717:  MOVLW  09
0718:  MOVWF  2B
.................... float pasoanterior=0; 
.................... int8 index = 0; 
.................... float grados; 
.................... float pasos_a_recorrer; 
.................... int16 origen; 
....................  
.................... void regresar(); 
....................  
.................... void paro_emergencia(){ 
....................    printf(lcd_putc,"\fPARO DE EMERG"); // Mostrar mensaje 
*
05EB:  MOVLW  23
05EC:  BSF    03.6
05ED:  MOVWF  0D
05EE:  MOVLW  00
05EF:  MOVWF  0F
05F0:  BCF    03.6
05F1:  CALL   120
....................    while(input(boton_paro) == 1){} // Esperar a que el usuario suelte el botón de paro 
05F2:  BSF    03.5
05F3:  BSF    09.2
05F4:  BCF    03.5
05F5:  BTFSC  09.2
05F6:  GOTO   5F2
....................    printf(lcd_putc,"\fPRESIONAR TECLA"); // Mostrar mensaje 
05F7:  MOVLW  2B
05F8:  BSF    03.6
05F9:  MOVWF  0D
05FA:  MOVLW  00
05FB:  MOVWF  0F
05FC:  BCF    03.6
05FD:  CALL   120
....................    char c = read_key(); // Esperar a que el usuario presione una tecla 
05FE:  CALL   1E7
05FF:  MOVF   78,W
0600:  MOVWF  3D
....................       regresar(); 
*
0671:  RETURN
.................... } 
....................  
.................... void PreguntarDato(){//preguntar al usuario dato a ingresar 
.................... int1 condicion; 
....................     do{ 
....................          printf(lcd_putc,"\fIGRESA GRADOS: "); 
*
0276:  MOVLW  34
0277:  BSF    03.6
0278:  MOVWF  0D
0279:  MOVLW  00
027A:  MOVWF  0F
027B:  BCF    03.6
027C:  CALL   120
....................          grados = get_num_lcd(1,2); 
027D:  MOVLW  01
027E:  MOVWF  3C
027F:  MOVLW  02
0280:  MOVWF  3D
*
034F:  MOVF   79,W
0350:  MOVWF  45
0351:  MOVF   78,W
0352:  MOVWF  44
0353:  CALL   21A
0354:  MOVF   7A,W
0355:  MOVWF  34
0356:  MOVF   79,W
0357:  MOVWF  33
0358:  MOVF   78,W
0359:  MOVWF  32
035A:  MOVF   77,W
035B:  MOVWF  31
....................          condicion = (grados<=360 && grados>=0); 
035C:  BCF    3B.0
035D:  MOVF   34,W
035E:  MOVWF  47
035F:  MOVF   33,W
0360:  MOVWF  46
0361:  MOVF   32,W
0362:  MOVWF  45
0363:  MOVF   31,W
0364:  MOVWF  44
0365:  CLRF   4B
0366:  CLRF   4A
0367:  MOVLW  34
0368:  MOVWF  49
0369:  MOVLW  87
036A:  MOVWF  48
036B:  CALL   237
036C:  BTFSC  03.0
036D:  GOTO   370
036E:  BTFSS  03.2
036F:  GOTO   381
0370:  CLRF   47
0371:  CLRF   46
0372:  CLRF   45
0373:  CLRF   44
0374:  MOVF   34,W
0375:  MOVWF  4B
0376:  MOVF   33,W
0377:  MOVWF  4A
0378:  MOVF   32,W
0379:  MOVWF  49
037A:  MOVF   31,W
037B:  MOVWF  48
037C:  CALL   237
037D:  BTFSC  03.0
037E:  GOTO   380
037F:  BTFSC  03.2
0380:  BSF    3B.0
....................          if(condicion == 0) 
0381:  BTFSC  3B.0
0382:  GOTO   391
....................          { 
....................             printf(lcd_putc,"\fNOT VALID"); 
0383:  MOVLW  3D
0384:  BSF    03.6
0385:  MOVWF  0D
0386:  MOVLW  00
0387:  MOVWF  0F
0388:  BCF    03.6
0389:  CALL   120
....................             delay_ms(1000); 
038A:  MOVLW  04
038B:  MOVWF  3C
038C:  MOVLW  FA
038D:  MOVWF  4C
038E:  CALL   046
038F:  DECFSZ 3C,F
0390:  GOTO   38C
....................          } 
....................       }while(condicion == 0); 
0391:  BTFSS  3B.0
0392:  GOTO   276
0393:  BCF    0A.3
0394:  BCF    0A.4
0395:  GOTO   723 (RETURN)
.................... } 
....................  
.................... void absoluto(){ 
....................    pasos_a_recorrer=abs(pasoanterior-grados)/0.9; 
*
05A1:  BSF    03.1
05A2:  MOVF   2F,W
05A3:  MOVWF  47
05A4:  MOVF   2E,W
05A5:  MOVWF  46
05A6:  MOVF   2D,W
05A7:  MOVWF  45
05A8:  MOVF   2C,W
05A9:  MOVWF  44
05AA:  MOVF   34,W
05AB:  MOVWF  4B
05AC:  MOVF   33,W
05AD:  MOVWF  4A
05AE:  MOVF   32,W
05AF:  MOVWF  49
05B0:  MOVF   31,W
05B1:  MOVWF  48
05B2:  CALL   396
05B3:  MOVF   7A,W
05B4:  MOVWF  40
05B5:  MOVF   79,W
05B6:  MOVWF  3F
05B7:  MOVF   78,W
05B8:  MOVWF  3E
05B9:  MOVF   77,W
05BA:  MOVWF  3D
05BB:  MOVWF  77
05BC:  MOVF   78,W
05BD:  MOVWF  78
05BE:  MOVF   79,W
05BF:  MOVWF  79
05C0:  MOVF   7A,W
05C1:  MOVWF  7A
05C2:  BCF    78.7
05C3:  MOVF   7A,W
05C4:  MOVWF  40
05C5:  MOVF   79,W
05C6:  MOVWF  3F
05C7:  MOVF   78,W
05C8:  MOVWF  3E
05C9:  MOVF   77,W
05CA:  MOVWF  3D
05CB:  MOVF   7A,W
05CC:  MOVWF  47
05CD:  MOVF   79,W
05CE:  MOVWF  46
05CF:  MOVF   78,W
05D0:  MOVWF  45
05D1:  MOVF   77,W
05D2:  MOVWF  44
05D3:  MOVLW  66
05D4:  MOVWF  4B
05D5:  MOVWF  4A
05D6:  MOVWF  49
05D7:  MOVLW  7E
05D8:  MOVWF  48
05D9:  CALL   4D7
05DA:  MOVF   7A,W
05DB:  MOVWF  38
05DC:  MOVF   79,W
05DD:  MOVWF  37
05DE:  MOVF   78,W
05DF:  MOVWF  36
05E0:  MOVF   77,W
05E1:  MOVWF  35
05E2:  RETURN
.................... } 
....................  
....................  
....................  
.................... void updatePort(){ 
....................    output_d(pasosbi[index]); 
*
00DE:  MOVLW  24
00DF:  ADDWF  30,W
00E0:  MOVWF  04
00E1:  BCF    03.7
00E2:  MOVF   00,W
00E3:  MOVWF  40
00E4:  BSF    03.5
00E5:  CLRF   08
00E6:  BCF    03.5
00E7:  MOVF   40,W
00E8:  MOVWF  08
00E9:  RETURN
.................... } 
....................  
.................... void incrementIndex(){ 
....................    if(index == 7){ 
*
068D:  MOVF   30,W
068E:  SUBLW  07
068F:  BTFSS  03.2
0690:  GOTO   693
....................       index = 0; 
0691:  CLRF   30
....................    }else{ 
0692:  GOTO   694
....................       index++; 
0693:  INCF   30,F
....................    } 
.................... } 
....................  
.................... void decrementIndex(){ 
....................    if(index == 0){ 
*
05E3:  MOVF   30,F
05E4:  BTFSS  03.2
05E5:  GOTO   5E9
....................       index = 7; 
05E6:  MOVLW  07
05E7:  MOVWF  30
....................    }else{ 
05E8:  GOTO   5EA
....................       index--; 
05E9:  DECF   30,F
....................    } 
05EA:  RETURN
.................... } 
.................... int1 rigth(){ 
....................    absoluto(); 
*
0672:  CALL   5A1
....................    for(int16 i = 0; i < pasos_a_recorrer; i++){ 
0673:  CLRF   3C
0674:  CLRF   3B
0675:  MOVF   3C,W
0676:  MOVWF  45
0677:  MOVF   3B,W
0678:  MOVWF  44
0679:  CALL   21A
067A:  MOVF   7A,W
067B:  MOVWF  47
067C:  MOVF   79,W
067D:  MOVWF  46
067E:  MOVF   78,W
067F:  MOVWF  45
0680:  MOVF   77,W
0681:  MOVWF  44
0682:  MOVF   38,W
0683:  MOVWF  4B
0684:  MOVF   37,W
0685:  MOVWF  4A
0686:  MOVF   36,W
0687:  MOVWF  49
0688:  MOVF   35,W
0689:  MOVWF  48
068A:  CALL   237
068B:  BTFSS  03.0
068C:  GOTO   6A9
....................          incrementIndex(); 
....................          updatePort(); 
*
0694:  CALL   0DE
....................          delay_ms(100); 
0695:  MOVLW  64
0696:  MOVWF  4C
0697:  CALL   046
....................          origen=i; 
0698:  MOVF   3C,W
0699:  MOVWF  3A
069A:  MOVF   3B,W
069B:  MOVWF  39
....................          if(input(boton_paro)){ 
069C:  BSF    03.5
069D:  BSF    09.2
069E:  BCF    03.5
069F:  BTFSS  09.2
06A0:  GOTO   6A5
....................          paro_emergencia(); 
06A1:  CALL   5EB
....................          return 1; // 1 porque salió mal 
06A2:  MOVLW  01
06A3:  MOVWF  78
06A4:  GOTO   6B3
....................       } 
06A5:  INCF   3B,F
06A6:  BTFSC  03.2
06A7:  INCF   3C,F
06A8:  GOTO   675
....................    } 
....................          pasoanterior=grados; 
06A9:  MOVF   34,W
06AA:  MOVWF  2F
06AB:  MOVF   33,W
06AC:  MOVWF  2E
06AD:  MOVF   32,W
06AE:  MOVWF  2D
06AF:  MOVF   31,W
06B0:  MOVWF  2C
....................    return 0; 
06B1:  MOVLW  00
06B2:  MOVWF  78
06B3:  BCF    0A.3
06B4:  BCF    0A.4
06B5:  GOTO   737 (RETURN)
.................... } 
....................  
.................... int1 left(){ 
....................    absoluto(); 
06B6:  CALL   5A1
....................    for(int16 i = 0; i < pasos_a_recorrer; i++){ 
06B7:  CLRF   3C
06B8:  CLRF   3B
06B9:  MOVF   3C,W
06BA:  MOVWF  45
06BB:  MOVF   3B,W
06BC:  MOVWF  44
06BD:  CALL   21A
06BE:  MOVF   7A,W
06BF:  MOVWF  47
06C0:  MOVF   79,W
06C1:  MOVWF  46
06C2:  MOVF   78,W
06C3:  MOVWF  45
06C4:  MOVF   77,W
06C5:  MOVWF  44
06C6:  MOVF   38,W
06C7:  MOVWF  4B
06C8:  MOVF   37,W
06C9:  MOVWF  4A
06CA:  MOVF   36,W
06CB:  MOVWF  49
06CC:  MOVF   35,W
06CD:  MOVWF  48
06CE:  CALL   237
06CF:  BTFSS  03.0
06D0:  GOTO   6E7
....................          decrementIndex(); 
06D1:  CALL   5E3
....................          updatePort(); 
06D2:  CALL   0DE
....................          delay_ms(100); 
06D3:  MOVLW  64
06D4:  MOVWF  4C
06D5:  CALL   046
....................          origen=i; 
06D6:  MOVF   3C,W
06D7:  MOVWF  3A
06D8:  MOVF   3B,W
06D9:  MOVWF  39
....................          if(input(boton_paro)){ 
06DA:  BSF    03.5
06DB:  BSF    09.2
06DC:  BCF    03.5
06DD:  BTFSS  09.2
06DE:  GOTO   6E3
....................          paro_emergencia(); 
06DF:  CALL   5EB
....................          return 1; // 1 porque salió mal 
06E0:  MOVLW  01
06E1:  MOVWF  78
06E2:  GOTO   6F1
....................       } 
06E3:  INCF   3B,F
06E4:  BTFSC  03.2
06E5:  INCF   3C,F
06E6:  GOTO   6B9
....................    } 
....................          pasoanterior=grados; 
06E7:  MOVF   34,W
06E8:  MOVWF  2F
06E9:  MOVF   33,W
06EA:  MOVWF  2E
06EB:  MOVF   32,W
06EC:  MOVWF  2D
06ED:  MOVF   31,W
06EE:  MOVWF  2C
....................           
....................           
....................    return 0; 
06EF:  MOVLW  00
06F0:  MOVWF  78
06F1:  BCF    0A.3
06F2:  BCF    0A.4
06F3:  GOTO   739 (RETURN)
....................  
.................... } 
....................  
.................... void regresar(){ 
....................    pasos_a_recorrer=origen; 
*
0601:  MOVF   3A,W
0602:  MOVWF  45
0603:  MOVF   39,W
0604:  MOVWF  44
0605:  CALL   21A
0606:  MOVF   7A,W
0607:  MOVWF  38
0608:  MOVF   79,W
0609:  MOVWF  37
060A:  MOVF   78,W
060B:  MOVWF  36
060C:  MOVF   77,W
060D:  MOVWF  35
....................    for(int16 i = 0; i < pasos_a_recorrer+1+(pasoanterior/0.9); i++){ 
060E:  CLRF   3F
060F:  CLRF   3E
0610:  BCF    03.1
0611:  MOVF   38,W
0612:  MOVWF  47
0613:  MOVF   37,W
0614:  MOVWF  46
0615:  MOVF   36,W
0616:  MOVWF  45
0617:  MOVF   35,W
0618:  MOVWF  44
0619:  CLRF   4B
061A:  CLRF   4A
061B:  CLRF   49
061C:  MOVLW  7F
061D:  MOVWF  48
061E:  CALL   396
061F:  MOVF   7A,W
0620:  MOVWF  43
0621:  MOVF   79,W
0622:  MOVWF  42
0623:  MOVF   78,W
0624:  MOVWF  41
0625:  MOVF   77,W
0626:  MOVWF  40
0627:  MOVF   2F,W
0628:  MOVWF  47
0629:  MOVF   2E,W
062A:  MOVWF  46
062B:  MOVF   2D,W
062C:  MOVWF  45
062D:  MOVF   2C,W
062E:  MOVWF  44
062F:  MOVLW  66
0630:  MOVWF  4B
0631:  MOVWF  4A
0632:  MOVWF  49
0633:  MOVLW  7E
0634:  MOVWF  48
0635:  CALL   4D7
0636:  BCF    03.1
0637:  MOVF   43,W
0638:  MOVWF  47
0639:  MOVF   42,W
063A:  MOVWF  46
063B:  MOVF   41,W
063C:  MOVWF  45
063D:  MOVF   40,W
063E:  MOVWF  44
063F:  MOVF   7A,W
0640:  MOVWF  4B
0641:  MOVF   79,W
0642:  MOVWF  4A
0643:  MOVF   78,W
0644:  MOVWF  49
0645:  MOVF   77,W
0646:  MOVWF  48
0647:  CALL   396
0648:  MOVF   7A,W
0649:  MOVWF  43
064A:  MOVF   79,W
064B:  MOVWF  42
064C:  MOVF   78,W
064D:  MOVWF  41
064E:  MOVF   77,W
064F:  MOVWF  40
0650:  MOVF   3F,W
0651:  MOVWF  45
0652:  MOVF   3E,W
0653:  MOVWF  44
0654:  CALL   21A
0655:  MOVF   7A,W
0656:  MOVWF  47
0657:  MOVF   79,W
0658:  MOVWF  46
0659:  MOVF   78,W
065A:  MOVWF  45
065B:  MOVF   77,W
065C:  MOVWF  44
065D:  MOVF   43,W
065E:  MOVWF  4B
065F:  MOVF   42,W
0660:  MOVWF  4A
0661:  MOVF   41,W
0662:  MOVWF  49
0663:  MOVF   40,W
0664:  MOVWF  48
0665:  CALL   237
0666:  BTFSS  03.0
0667:  GOTO   671
....................          decrementIndex(); 
0668:  CALL   5E3
....................          updatePort(); 
0669:  CALL   0DE
....................          delay_ms(50); 
066A:  MOVLW  32
066B:  MOVWF  4C
066C:  CALL   046
066D:  INCF   3E,F
066E:  BTFSC  03.2
066F:  INCF   3F,F
0670:  GOTO   610
....................       } 
.................... } 
....................  
.................... void main(){ 
*
06F4:  MOVF   03,W
06F5:  ANDLW  1F
06F6:  MOVWF  03
06F7:  CLRF   2F
06F8:  CLRF   2E
06F9:  CLRF   2D
06FA:  CLRF   2C
06FB:  CLRF   30
06FC:  BSF    03.5
06FD:  BSF    1F.0
06FE:  BSF    1F.1
06FF:  BSF    1F.2
0700:  BCF    1F.3
0701:  MOVLW  07
0702:  MOVWF  1C
0703:  BCF    03.7
....................    port_b_pullups(1); 
*
0719:  BSF    03.5
071A:  BCF    01.7
....................    kbd_init(); //Inicializar teclado 
071B:  BCF    03.5
071C:  GOTO   043
....................    lcd_init(); //Inicializar pantalla 
071D:  GOTO   0AE
....................     
....................    updatePort(); 
071E:  CALL   0DE
....................    delay_ms(50); 
071F:  MOVLW  32
0720:  MOVWF  4C
0721:  CALL   046
....................     
....................    while(TRUE){ 
....................        
....................             PreguntarDato(); 
0722:  GOTO   276
....................             if(grados>pasoanterior){ 
0723:  MOVF   2F,W
0724:  MOVWF  47
0725:  MOVF   2E,W
0726:  MOVWF  46
0727:  MOVF   2D,W
0728:  MOVWF  45
0729:  MOVF   2C,W
072A:  MOVWF  44
072B:  MOVF   34,W
072C:  MOVWF  4B
072D:  MOVF   33,W
072E:  MOVWF  4A
072F:  MOVF   32,W
0730:  MOVWF  49
0731:  MOVF   31,W
0732:  MOVWF  48
0733:  CALL   237
0734:  BTFSS  03.0
0735:  GOTO   738
....................                rigth(); 
0736:  GOTO   672
....................             } 
0737:  GOTO   739
....................             else{ 
....................                left(); 
0738:  GOTO   6B6
....................             } 
0739:  GOTO   722
....................       } 
.................... } 
073A:  SLEEP

Configuration Fuses:
   Word  1: 3F32   HS NOWDT PUT NOBROWNOUT NOLVP NOCPD NOWRT NODEBUG NOPROTECT
