
ROM used:   170/8192 (2%)
            170/8192 (2%) including unused fragments

            0.2 Average locations per line
            5.2 Average locations per statement

RAM used:   6/368 (2%) at main() level
            10/368 (3%) worst case

Stack used: 1 worst case (1 in main + 0 for interrupts)
Stack size: 8

Lines Stmts  %   Files
----- ----- ---  -----
  100    33 100  cmaforo.c
  672     0   0  ..\..\..\..\..\..\..\..\Program Files (x86)\PICC\Devices\16F877a.h
----- -----
  772    33 Total

Page ROM  %  RAM    Vol Diff  Functions:
---- --- --- ---    --- ----  ----------
0     20  12    1             @delay_ms1
0     30  18    2    199  5.2  verde
0     32  19    2    156  3.3  amarillo
0     30  18    2    216  4.8  rojo
0     54  32    0    172  1.8  MAIN
 Inline         0             @cinit1

Program metrics:
    Functions               4
    Statements              33
    Comments                122
    Volume (V)              1061
    Difficulty (D)          14.5
    Effort to implement (E) 15405
    Time to implement (T)   14 minutes
    Est Delivered Bugs (B)  0
    Cyclomatic Complexity   5
    Maintainability (MI)    146

 Segment     Used  Free
-----------  ----  ----
00000-00003     4  0  
00004-007FF   166  1878  
00800-00FFF     0  2048  
01000-017FF     0  2048  
01800-01FFF     0  2048  



