
ROM used:   97/8192 (1%)
            97/8192 (1%) including unused fragments

            0.1 Average locations per line
            8.1 Average locations per statement

RAM used:   24/368 (7%) at main() level
            24/368 (7%) worst case

Stack used: 0 worst case (0 in main + 0 for interrupts)
Stack size: 8

Lines Stmts  %   Files
----- ----- ---  -----
   67    12 100  BCD.c
  672     0   0  ..\..\..\..\..\..\..\..\Program Files (x86)\PICC\Devices\16F877a.h
----- -----
  739    12 Total

Page ROM  %  RAM    Vol Diff  Functions:
---- --- --- ---    --- ----  ----------
0     93  96    1    247  5.0  main
 Inline         0             @cinit1

Program metrics:
    Functions               1
    Statements              12
    Comments                146
    Volume (V)              249
    Difficulty (D)          4.8
    Effort to implement (E) 1192
    Time to implement (T)   1 minutes
    Est Delivered Bugs (B)  0
    Cyclomatic Complexity   1
    Maintainability (MI)    95

 Segment     Used  Free
-----------  ----  ----
00000-00003     4  0  
00004-007FF    93  1951  
00800-00FFF     0  2048  
01000-017FF     0  2048  
01800-01FFF     0  2048  



