
ROM used:   1126/8192 (14%)
            1126/8192 (14%) including unused fragments

            0.8 Average locations per line
            5.9 Average locations per statement

RAM used:   10/368 (3%) at main() level
            47/368 (13%) worst case

Stack used: 6 worst case (6 in main + 0 for interrupts)
Stack size: 8

Lines Stmts  %   Files
----- ----- ---  -----
   76    23  12  teclado.c
  672     0   0  ..\..\..\..\..\..\..\..\Program Files (x86)\PICC\Devices\16F877a.h
  350    67  35  ..\..\..\..\..\..\..\..\Program Files (x86)\PICC\Drivers\lcd_d.c
  150    43  23  ..\..\..\..\..\..\..\..\Program Files (x86)\PICC\Drivers\kbd4x4_b.c
   99    58  30  ..\..\..\..\..\..\..\..\Program Files (x86)\PICC\Drivers\getNum16.c
----- -----
 1347   191 Total

Page ROM  %  RAM    Vol Diff  Functions:
---- --- --- ---    --- ----  ----------
0     20   2    1             @delay_ms1
0      8   1    0             @const631
 Inline         3    587  6.0  lcd_read_byte
0      6   1    0     59  4.2  lcd_read_nibble
0     17   2    1    172  3.4  lcd_send_nibble
0     61   5    3    317  4.3  lcd_send_byte
0     48   4    2    624  5.8  lcd_init
0     18   2    4    186  5.5  lcd_gotoxy
0     36   3    1    272  4.1  lcd_putc
0     20   2    0             @const656
0      3   0    0      3  0.0  kbd_init
0    105   9    3   5853 10.1  kbd_getc
0      8   1    0             @goto10645
 Inline         6    155  5.0  pow
0     42   4   13             @MUL3232
 Inline         1     90  3.1  read_key
0    214  19    5   1660 12.1  get_num_lcd
0      3   0    0             @const688
0     86   8    4             @PSTRINGC7_649
0    184  16    1    675  4.8  MAIN
0     11   1    0             @const703
0     11   1    0             @const704
0     11   1    0             @const705
0     87   8    5             @PSTRINGCN7_649
0     99   9    9             @PRINTF_LU_649
0      8   1    0             @const710
0      8   1    0             @const711
0      8   1    0             @const712
 Inline         0             @cinit1

Program metrics:
    Functions               13
    Statements              191
    Comments                242
    Volume (V)              14814
    Difficulty (D)          67.6
    Effort to implement (E) 1001189
    Time to implement (T)   15 hours, 27 minutes
    Est Delivered Bugs (B)  3
    Cyclomatic Complexity   30
    Maintainability (MI)    110

 Segment     Used  Free
-----------  ----  ----
00000-00003     4  0  
00004-007FF  1122  922  
00800-00FFF     0  2048  
01000-017FF     0  2048  
01800-01FFF     0  2048  



