
ROM used:   1950/8192 (24%)
            1950/8192 (24%) including unused fragments

            1.4 Average locations per line
            8.1 Average locations per statement

RAM used:   22/368 (6%) at main() level
            57/368 (15%) worst case

Stack used: 6 worst case (6 in main + 0 for interrupts)
Stack size: 8

Lines Stmts  %   Files
----- ----- ---  -----
  140    72  30  PRACT4.c
  672     0   0  ..\..\..\..\..\..\..\..\Program Files (x86)\PICC\Devices\16F877a.h
  344    67  28  ..\..\..\..\..\..\..\..\Program Files (x86)\PICC\Drivers\lcd_c.c
  150    43  18  ..\..\..\..\..\..\..\..\Program Files (x86)\PICC\Drivers\kbd4x4_b.c
   99    58  24  ..\..\..\..\..\..\..\..\Program Files (x86)\PICC\Drivers\getNum16.c
----- -----
 1405   240 Total

Page ROM  %  RAM    Vol Diff  Functions:
---- --- --- ---    --- ----  ----------
0     20   1    1             @delay_ms1
0      8   0    0             @const631
 Inline         3    587  6.0  lcd_read_byte
0      6   0    0     59  4.2  lcd_read_nibble
0     17   1    1    172  3.4  lcd_send_nibble
0     61   3    3    317  4.3  lcd_send_byte
0     48   2    2    624  5.8  lcd_init
0     18   1    4    186  5.5  lcd_gotoxy
0     36   2    1    272  4.1  lcd_putc
0     20   1    0    155  5.0  @const656
0      3   0    0      3  0.0  kbd_init
0    105   5    3   5853 10.1  kbd_getc
0      8   0    0   1660 12.1  @goto10645
 Inline         6    155  5.0  pow
0     42   2   13             @MUL3232
0      9   0    1     90  3.1  read_key
 Inline         5   1660 12.1  get_num_lcd
0      3   0    0             @const688
0     86   4    4    140  2.8  @PSTRINGC7_649
0      8   0    0    283  5.3  @const698
0    238  12    1    140  2.8  paro_emergencia
0      8   0    0             @const708
0      9   0    0             @const709
0    288  15    2    283  5.3  PreguntarDato
0      9   0    0     44  2.1  @const713
0     29   1    2             @ITOF
0     63   3   10             @FLT
0      6   0    0             @const719
0    303  16    4     44  2.1  absoluto
0    321  16   16     66  2.9  @ADDFF
 Inline        14     66  2.9  @DIVFF
 Inline         4    258  4.1  @SFTOI
0      9   0    1     24  1.5  updatePort
 Inline         0     66  2.9  incrementIndex
0      8   0    0     66  2.9  decrementIndex
0     54   3    0    258  4.1  rigth
0     48   2    0    258  4.1  left
 Inline         6    174  4.0  regresar
 Inline        13             @MULFF
0     55   3    0    178  3.0  MAIN
 Inline         0             @cinit1

Program metrics:
    Functions               30
    Statements              240
    Comments                242
    Volume (V)              22577
    Difficulty (D)          139.8
    Effort to implement (E) 3155537
    Time to implement (T)   48 hours, 42 minutes
    Est Delivered Bugs (B)  7
    Cyclomatic Complexity   51
    Maintainability (MI)    55

 Segment     Used  Free
-----------  ----  ----
00000-00003     4  0  
00004-007FF  1946  98  
00800-00FFF     0  2048  
01000-017FF     0  2048  
01800-01FFF     0  2048  



