CCS PCM C Compiler, Version 5.025, 63300               17-mar.-23 10:52

               Filename:   C:\Users\luist\OneDrive\Escritorio\8VO\MICRO\PROGRAMAS\PRAC4\PRACT4.lst

               ROM used:   1950 words (24%)
                           Largest free fragment is 2048
               RAM used:   22 (6%) at main() level
                           57 (15%) worst case
               Stack used: 6 locations
               Stack size: 8

*
0000:  MOVLW  07
0001:  MOVWF  0A
0002:  GOTO   767
0003:  NOP
.................... #include <16F877a.h> 
.................... //////////// Standard Header file for the PIC16F877A device //////////////// 
.................... /////////////////////////////////////////////////////////////////////////// 
.................... ////        (C) Copyright 1996, 2013 Custom Computer Services          //// 
.................... //// This source code may only be used by licensed users of the CCS C  //// 
.................... //// compiler.  This source code may only be distributed to other      //// 
.................... //// licensed users of the CCS C compiler.  No other use, reproduction //// 
.................... //// or distribution is permitted without written permission.          //// 
.................... //// Derivative programs created using this software in object code    //// 
.................... //// form are not restricted in any way.                               //// 
.................... /////////////////////////////////////////////////////////////////////////// 
.................... #device PIC16F877A 
0004:  BCF    0A.0
0005:  BCF    0A.1
0006:  BCF    0A.2
0007:  ADDWF  02,F
0008:  RETLW  28
0009:  RETLW  0C
000A:  RETLW  01
000B:  RETLW  06
000C:  BCF    0A.0
000D:  BCF    0A.1
000E:  BCF    0A.2
000F:  ADDWF  02,F
0010:  RETLW  37
0011:  RETLW  38
0012:  RETLW  39
0013:  RETLW  2F
0014:  RETLW  34
0015:  RETLW  35
0016:  RETLW  36
0017:  RETLW  2A
0018:  RETLW  31
0019:  RETLW  32
001A:  RETLW  33
001B:  RETLW  2D
001C:  RETLW  43
001D:  RETLW  30
001E:  RETLW  3D
001F:  RETLW  2B
0020:  BCF    0A.0
0021:  BCF    0A.1
0022:  BCF    0A.2
0023:  ADDWF  02,F
0024:  RETLW  08
0025:  RETLW  01
0026:  RETLW  02
0027:  RETLW  04
0028:  DATA 20,10
0029:  DATA 20,10
002A:  DATA 20,00
002B:  DATA 0C,28
002C:  DATA 41,29
002D:  DATA 4F,10
002E:  DATA C4,22
002F:  DATA A0,22
0030:  DATA CD,22
0031:  DATA D2,23
0032:  DATA 00,01
0033:  DATA 0C,28
0034:  DATA D2,22
0035:  DATA D3,24
0036:  DATA 4F,27
0037:  DATA 41,29
0038:  DATA 20,2A
0039:  DATA C5,21
003A:  DATA CC,20
003B:  DATA 00,00
003C:  DATA 8C,24
003D:  DATA 47,29
003E:  DATA C5,29
003F:  DATA 41,10
0040:  DATA 47,29
0041:  DATA 41,22
0042:  DATA CF,29
0043:  DATA 3A,10
0044:  DATA 00,00
0045:  DATA 0C,27
0046:  DATA 4F,2A
0047:  DATA 20,2B
0048:  DATA 41,26
0049:  DATA 49,22
004A:  DATA 00,00
*
0125:  MOVF   0B,W
0126:  MOVWF  3E
0127:  BCF    0B.7
0128:  BSF    03.5
0129:  BSF    03.6
012A:  BSF    0C.7
012B:  BSF    0C.0
012C:  NOP
012D:  NOP
012E:  BCF    03.5
012F:  BCF    03.6
0130:  BTFSC  3E.7
0131:  BSF    0B.7
0132:  BSF    03.6
0133:  MOVF   0C,W
0134:  ANDLW  7F
0135:  BTFSC  03.2
0136:  GOTO   179
0137:  BCF    03.6
0138:  MOVWF  3E
0139:  BSF    03.6
013A:  MOVF   0D,W
013B:  BCF    03.6
013C:  MOVWF  3F
013D:  BSF    03.6
013E:  MOVF   0F,W
013F:  BCF    03.6
0140:  MOVWF  40
0141:  MOVF   3E,W
0142:  MOVWF  41
0143:  CALL   101
0144:  MOVF   3F,W
0145:  BSF    03.6
0146:  MOVWF  0D
0147:  BCF    03.6
0148:  MOVF   40,W
0149:  BSF    03.6
014A:  MOVWF  0F
014B:  BCF    03.6
014C:  MOVF   0B,W
014D:  MOVWF  41
014E:  BCF    0B.7
014F:  BSF    03.5
0150:  BSF    03.6
0151:  BSF    0C.7
0152:  BSF    0C.0
0153:  NOP
0154:  NOP
0155:  BCF    03.5
0156:  BCF    03.6
0157:  BTFSC  41.7
0158:  BSF    0B.7
0159:  BSF    03.6
015A:  RLF    0C,W
015B:  RLF    0E,W
015C:  ANDLW  7F
015D:  BTFSC  03.2
015E:  GOTO   179
015F:  BCF    03.6
0160:  MOVWF  3E
0161:  BSF    03.6
0162:  MOVF   0D,W
0163:  BCF    03.6
0164:  MOVWF  3F
0165:  BSF    03.6
0166:  MOVF   0F,W
0167:  BCF    03.6
0168:  MOVWF  40
0169:  MOVF   3E,W
016A:  MOVWF  41
016B:  CALL   101
016C:  MOVF   3F,W
016D:  BSF    03.6
016E:  MOVWF  0D
016F:  BCF    03.6
0170:  MOVF   40,W
0171:  BSF    03.6
0172:  MOVWF  0F
0173:  INCF   0D,F
0174:  BTFSC  03.2
0175:  INCF   0F,F
0176:  BCF    03.6
0177:  GOTO   125
0178:  BSF    03.6
0179:  BCF    03.6
017A:  RETURN
*
01E4:  BSF    0A.0
01E5:  BCF    0A.1
01E6:  BCF    0A.2
01E7:  ADDWF  02,F
01E8:  GOTO   187
01E9:  GOTO   18D
01EA:  GOTO   193
01EB:  GOTO   199
*
01F5:  MOVLW  20
01F6:  MOVWF  53
01F7:  CLRF   4F
01F8:  CLRF   50
01F9:  CLRF   51
01FA:  CLRF   52
01FB:  MOVF   4A,W
01FC:  MOVWF  7A
01FD:  MOVF   49,W
01FE:  MOVWF  79
01FF:  MOVF   48,W
0200:  MOVWF  78
0201:  MOVF   47,W
0202:  MOVWF  77
0203:  BCF    03.0
0204:  BTFSS  77.0
0205:  GOTO   214
0206:  MOVF   4B,W
0207:  ADDWF  4F,F
0208:  MOVF   4C,W
0209:  BTFSC  03.0
020A:  INCFSZ 4C,W
020B:  ADDWF  50,F
020C:  MOVF   4D,W
020D:  BTFSC  03.0
020E:  INCFSZ 4D,W
020F:  ADDWF  51,F
0210:  MOVF   4E,W
0211:  BTFSC  03.0
0212:  INCFSZ 4E,W
0213:  ADDWF  52,F
0214:  RRF    52,F
0215:  RRF    51,F
0216:  RRF    50,F
0217:  RRF    4F,F
0218:  RRF    7A,F
0219:  RRF    79,F
021A:  RRF    78,F
021B:  RRF    77,F
021C:  DECFSZ 53,F
021D:  GOTO   203
021E:  RETURN
021F:  MOVLW  8E
0220:  MOVWF  77
0221:  MOVF   3D,W
0222:  MOVWF  78
0223:  MOVF   3C,W
0224:  MOVWF  79
0225:  CLRF   7A
0226:  MOVF   78,F
0227:  BTFSS  03.2
0228:  GOTO   233
0229:  MOVF   79,W
022A:  MOVWF  78
022B:  CLRF   79
022C:  MOVLW  08
022D:  SUBWF  77,F
022E:  MOVF   78,F
022F:  BTFSS  03.2
0230:  GOTO   233
0231:  CLRF   77
0232:  GOTO   23B
0233:  BCF    03.0
0234:  BTFSC  78.7
0235:  GOTO   23A
0236:  RLF    79,F
0237:  RLF    78,F
0238:  DECF   77,F
0239:  GOTO   233
023A:  BCF    78.7
023B:  RETURN
023C:  MOVF   3D,W
023D:  MOVWF  44
023E:  MOVF   41,W
023F:  XORWF  44,F
0240:  BTFSS  44.7
0241:  GOTO   247
0242:  BCF    03.2
0243:  BCF    03.0
0244:  BTFSC  3D.7
0245:  BSF    03.0
0246:  GOTO   27A
0247:  MOVF   3D,W
0248:  MOVWF  44
0249:  MOVF   40,W
024A:  MOVWF  45
024B:  MOVF   3C,W
024C:  SUBWF  45,F
024D:  BTFSC  03.2
024E:  GOTO   255
024F:  BTFSS  44.7
0250:  GOTO   27A
0251:  MOVF   03,W
0252:  XORLW  01
0253:  MOVWF  03
0254:  GOTO   27A
0255:  MOVF   41,W
0256:  MOVWF  45
0257:  MOVF   3D,W
0258:  SUBWF  45,F
0259:  BTFSC  03.2
025A:  GOTO   261
025B:  BTFSS  44.7
025C:  GOTO   27A
025D:  MOVF   03,W
025E:  XORLW  01
025F:  MOVWF  03
0260:  GOTO   27A
0261:  MOVF   42,W
0262:  MOVWF  45
0263:  MOVF   3E,W
0264:  SUBWF  45,F
0265:  BTFSC  03.2
0266:  GOTO   26D
0267:  BTFSS  44.7
0268:  GOTO   27A
0269:  MOVF   03,W
026A:  XORLW  01
026B:  MOVWF  03
026C:  GOTO   27A
026D:  MOVF   43,W
026E:  MOVWF  45
026F:  MOVF   3F,W
0270:  SUBWF  45,F
0271:  BTFSC  03.2
0272:  GOTO   279
0273:  BTFSS  44.7
0274:  GOTO   27A
0275:  MOVF   03,W
0276:  XORLW  01
0277:  MOVWF  03
0278:  GOTO   27A
0279:  BCF    03.0
027A:  RETURN
*
039B:  MOVLW  80
039C:  BTFSC  03.1
039D:  XORWF  41,F
039E:  CLRF   46
039F:  CLRF   47
03A0:  MOVF   3D,W
03A1:  MOVWF  45
03A2:  MOVF   41,W
03A3:  XORWF  45,F
03A4:  MOVF   3C,W
03A5:  BTFSC  03.2
03A6:  GOTO   48B
03A7:  MOVWF  44
03A8:  MOVWF  77
03A9:  MOVF   40,W
03AA:  BTFSC  03.2
03AB:  GOTO   494
03AC:  SUBWF  44,F
03AD:  BTFSC  03.2
03AE:  GOTO   430
03AF:  BTFSS  03.0
03B0:  GOTO   3EE
03B1:  MOVF   41,W
03B2:  MOVWF  4A
03B3:  BSF    4A.7
03B4:  MOVF   42,W
03B5:  MOVWF  49
03B6:  MOVF   43,W
03B7:  MOVWF  48
03B8:  CLRF   47
03B9:  BCF    03.0
03BA:  RRF    4A,F
03BB:  RRF    49,F
03BC:  RRF    48,F
03BD:  RRF    47,F
03BE:  DECFSZ 44,F
03BF:  GOTO   3B8
03C0:  BTFSS  45.7
03C1:  GOTO   3C5
03C2:  BSF    46.0
03C3:  GOTO   4A8
03C4:  BCF    46.0
03C5:  BCF    44.0
03C6:  BSF    46.4
03C7:  MOVLW  3F
03C8:  MOVWF  04
03C9:  BCF    03.7
03CA:  GOTO   4BD
03CB:  BCF    46.4
03CC:  BTFSC  45.7
03CD:  GOTO   3D8
03CE:  BTFSS  44.0
03CF:  GOTO   3E3
03D0:  RRF    4A,F
03D1:  RRF    49,F
03D2:  RRF    48,F
03D3:  RRF    47,F
03D4:  INCF   77,F
03D5:  BTFSC  03.2
03D6:  GOTO   4A3
03D7:  GOTO   3E3
03D8:  BTFSC  4A.7
03D9:  GOTO   3E6
03DA:  BCF    03.0
03DB:  RLF    47,F
03DC:  RLF    48,F
03DD:  RLF    49,F
03DE:  RLF    4A,F
03DF:  DECF   77,F
03E0:  BTFSC  03.2
03E1:  GOTO   4A3
03E2:  GOTO   3D8
03E3:  BSF    46.6
03E4:  GOTO   450
03E5:  BCF    46.6
03E6:  MOVF   3D,W
03E7:  MOVWF  45
03E8:  BTFSS  45.7
03E9:  GOTO   3EC
03EA:  BSF    4A.7
03EB:  GOTO   49C
03EC:  BCF    4A.7
03ED:  GOTO   49C
03EE:  MOVF   40,W
03EF:  MOVWF  44
03F0:  MOVWF  77
03F1:  MOVF   3C,W
03F2:  SUBWF  44,F
03F3:  MOVF   3D,W
03F4:  MOVWF  4A
03F5:  BSF    4A.7
03F6:  MOVF   3E,W
03F7:  MOVWF  49
03F8:  MOVF   3F,W
03F9:  MOVWF  48
03FA:  CLRF   47
03FB:  BCF    03.0
03FC:  RRF    4A,F
03FD:  RRF    49,F
03FE:  RRF    48,F
03FF:  RRF    47,F
0400:  DECFSZ 44,F
0401:  GOTO   3FA
0402:  BTFSS  45.7
0403:  GOTO   407
0404:  BSF    46.1
0405:  GOTO   4A8
0406:  BCF    46.1
0407:  BCF    44.0
0408:  BSF    46.5
0409:  MOVLW  43
040A:  MOVWF  04
040B:  BCF    03.7
040C:  GOTO   4BD
040D:  BCF    46.5
040E:  BTFSC  45.7
040F:  GOTO   41A
0410:  BTFSS  44.0
0411:  GOTO   425
0412:  RRF    4A,F
0413:  RRF    49,F
0414:  RRF    48,F
0415:  RRF    47,F
0416:  INCF   77,F
0417:  BTFSC  03.2
0418:  GOTO   4A3
0419:  GOTO   425
041A:  BTFSC  4A.7
041B:  GOTO   428
041C:  BCF    03.0
041D:  RLF    47,F
041E:  RLF    48,F
041F:  RLF    49,F
0420:  RLF    4A,F
0421:  DECF   77,F
0422:  BTFSC  03.2
0423:  GOTO   4A3
0424:  GOTO   41A
0425:  BSF    46.7
0426:  GOTO   450
0427:  BCF    46.7
0428:  MOVF   41,W
0429:  MOVWF  45
042A:  BTFSS  45.7
042B:  GOTO   42E
042C:  BSF    4A.7
042D:  GOTO   49C
042E:  BCF    4A.7
042F:  GOTO   49C
0430:  MOVF   41,W
0431:  MOVWF  4A
0432:  BSF    4A.7
0433:  MOVF   42,W
0434:  MOVWF  49
0435:  MOVF   43,W
0436:  MOVWF  48
0437:  BTFSS  45.7
0438:  GOTO   43D
0439:  BCF    4A.7
043A:  BSF    46.2
043B:  GOTO   4A8
043C:  BCF    46.2
043D:  CLRF   47
043E:  BCF    44.0
043F:  MOVLW  3F
0440:  MOVWF  04
0441:  BCF    03.7
0442:  GOTO   4BD
0443:  BTFSC  45.7
0444:  GOTO   466
0445:  MOVF   3D,W
0446:  MOVWF  45
0447:  BTFSS  44.0
0448:  GOTO   450
0449:  RRF    4A,F
044A:  RRF    49,F
044B:  RRF    48,F
044C:  RRF    47,F
044D:  INCF   77,F
044E:  BTFSC  03.2
044F:  GOTO   4A3
0450:  BTFSS  47.7
0451:  GOTO   461
0452:  INCF   48,F
0453:  BTFSS  03.2
0454:  GOTO   461
0455:  INCF   49,F
0456:  BTFSS  03.2
0457:  GOTO   461
0458:  INCF   4A,F
0459:  BTFSS  03.2
045A:  GOTO   461
045B:  RRF    4A,F
045C:  RRF    49,F
045D:  RRF    48,F
045E:  INCF   77,F
045F:  BTFSC  03.2
0460:  GOTO   4A3
0461:  BTFSC  46.6
0462:  GOTO   3E5
0463:  BTFSC  46.7
0464:  GOTO   427
0465:  GOTO   485
0466:  MOVLW  80
0467:  XORWF  4A,F
0468:  BTFSS  4A.7
0469:  GOTO   46E
046A:  GOTO   4A8
046B:  MOVF   41,W
046C:  MOVWF  45
046D:  GOTO   47B
046E:  MOVF   3D,W
046F:  MOVWF  45
0470:  MOVF   4A,F
0471:  BTFSS  03.2
0472:  GOTO   47B
0473:  MOVF   49,F
0474:  BTFSS  03.2
0475:  GOTO   47B
0476:  MOVF   48,F
0477:  BTFSS  03.2
0478:  GOTO   47B
0479:  CLRF   77
047A:  GOTO   49C
047B:  BTFSC  4A.7
047C:  GOTO   485
047D:  BCF    03.0
047E:  RLF    47,F
047F:  RLF    48,F
0480:  RLF    49,F
0481:  RLF    4A,F
0482:  DECFSZ 77,F
0483:  GOTO   47B
0484:  GOTO   4A3
0485:  BTFSS  45.7
0486:  GOTO   489
0487:  BSF    4A.7
0488:  GOTO   49C
0489:  BCF    4A.7
048A:  GOTO   49C
048B:  MOVF   40,W
048C:  MOVWF  77
048D:  MOVF   41,W
048E:  MOVWF  4A
048F:  MOVF   42,W
0490:  MOVWF  49
0491:  MOVF   43,W
0492:  MOVWF  48
0493:  GOTO   49C
0494:  MOVF   3C,W
0495:  MOVWF  77
0496:  MOVF   3D,W
0497:  MOVWF  4A
0498:  MOVF   3E,W
0499:  MOVWF  49
049A:  MOVF   3F,W
049B:  MOVWF  48
049C:  MOVF   4A,W
049D:  MOVWF  78
049E:  MOVF   49,W
049F:  MOVWF  79
04A0:  MOVF   48,W
04A1:  MOVWF  7A
04A2:  GOTO   4DB
04A3:  CLRF   77
04A4:  CLRF   78
04A5:  CLRF   79
04A6:  CLRF   7A
04A7:  GOTO   4DB
04A8:  CLRF   47
04A9:  COMF   48,F
04AA:  COMF   49,F
04AB:  COMF   4A,F
04AC:  COMF   47,F
04AD:  INCF   47,F
04AE:  BTFSS  03.2
04AF:  GOTO   4B6
04B0:  INCF   48,F
04B1:  BTFSS  03.2
04B2:  GOTO   4B6
04B3:  INCF   49,F
04B4:  BTFSC  03.2
04B5:  INCF   4A,F
04B6:  BTFSC  46.0
04B7:  GOTO   3C4
04B8:  BTFSC  46.1
04B9:  GOTO   406
04BA:  BTFSC  46.2
04BB:  GOTO   43C
04BC:  GOTO   46B
04BD:  MOVF   00,W
04BE:  ADDWF  48,F
04BF:  BTFSS  03.0
04C0:  GOTO   4C7
04C1:  INCF   49,F
04C2:  BTFSS  03.2
04C3:  GOTO   4C7
04C4:  INCF   4A,F
04C5:  BTFSC  03.2
04C6:  BSF    44.0
04C7:  DECF   04,F
04C8:  MOVF   00,W
04C9:  ADDWF  49,F
04CA:  BTFSS  03.0
04CB:  GOTO   4CF
04CC:  INCF   4A,F
04CD:  BTFSC  03.2
04CE:  BSF    44.0
04CF:  DECF   04,F
04D0:  MOVF   00,W
04D1:  BTFSS  00.7
04D2:  XORLW  80
04D3:  ADDWF  4A,F
04D4:  BTFSC  03.0
04D5:  BSF    44.0
04D6:  BTFSC  46.4
04D7:  GOTO   3CB
04D8:  BTFSC  46.5
04D9:  GOTO   40D
04DA:  GOTO   443
04DB:  RETURN
*
0517:  MOVF   37,W
0518:  BTFSC  03.2
0519:  GOTO   5DC
051A:  MOVWF  43
051B:  MOVF   3B,W
051C:  BTFSC  03.2
051D:  GOTO   5DC
051E:  SUBWF  43,F
051F:  BTFSS  03.0
0520:  GOTO   526
0521:  MOVLW  7F
0522:  ADDWF  43,F
0523:  BTFSC  03.0
0524:  GOTO   5DC
0525:  GOTO   52C
0526:  MOVLW  81
0527:  SUBWF  43,F
0528:  BTFSS  03.0
0529:  GOTO   5DC
052A:  BTFSC  03.2
052B:  GOTO   5DC
052C:  MOVF   43,W
052D:  MOVWF  77
052E:  CLRF   78
052F:  CLRF   79
0530:  CLRF   7A
0531:  CLRF   42
0532:  MOVF   38,W
0533:  MOVWF  41
0534:  BSF    41.7
0535:  MOVF   39,W
0536:  MOVWF  40
0537:  MOVF   3A,W
0538:  MOVWF  3F
0539:  MOVLW  19
053A:  MOVWF  43
053B:  MOVF   3E,W
053C:  SUBWF  3F,F
053D:  BTFSC  03.0
053E:  GOTO   54F
053F:  MOVLW  01
0540:  SUBWF  40,F
0541:  BTFSC  03.0
0542:  GOTO   54F
0543:  SUBWF  41,F
0544:  BTFSC  03.0
0545:  GOTO   54F
0546:  SUBWF  42,F
0547:  BTFSC  03.0
0548:  GOTO   54F
0549:  INCF   42,F
054A:  INCF   41,F
054B:  INCF   40,F
054C:  MOVF   3E,W
054D:  ADDWF  3F,F
054E:  GOTO   581
054F:  MOVF   3D,W
0550:  SUBWF  40,F
0551:  BTFSC  03.0
0552:  GOTO   56A
0553:  MOVLW  01
0554:  SUBWF  41,F
0555:  BTFSC  03.0
0556:  GOTO   56A
0557:  SUBWF  42,F
0558:  BTFSC  03.0
0559:  GOTO   56A
055A:  INCF   42,F
055B:  INCF   41,F
055C:  MOVF   3D,W
055D:  ADDWF  40,F
055E:  MOVF   3E,W
055F:  ADDWF  3F,F
0560:  BTFSS  03.0
0561:  GOTO   581
0562:  INCF   40,F
0563:  BTFSS  03.2
0564:  GOTO   581
0565:  INCF   41,F
0566:  BTFSS  03.2
0567:  GOTO   581
0568:  INCF   42,F
0569:  GOTO   581
056A:  MOVF   3C,W
056B:  IORLW  80
056C:  SUBWF  41,F
056D:  BTFSC  03.0
056E:  GOTO   580
056F:  MOVLW  01
0570:  SUBWF  42,F
0571:  BTFSC  03.0
0572:  GOTO   580
0573:  INCF   42,F
0574:  MOVF   3C,W
0575:  IORLW  80
0576:  ADDWF  41,F
0577:  MOVF   3D,W
0578:  ADDWF  40,F
0579:  BTFSS  03.0
057A:  GOTO   55E
057B:  INCF   41,F
057C:  BTFSS  03.2
057D:  GOTO   55E
057E:  INCF   42,F
057F:  GOTO   55E
0580:  BSF    7A.0
0581:  DECFSZ 43,F
0582:  GOTO   584
0583:  GOTO   58F
0584:  BCF    03.0
0585:  RLF    3F,F
0586:  RLF    40,F
0587:  RLF    41,F
0588:  RLF    42,F
0589:  BCF    03.0
058A:  RLF    7A,F
058B:  RLF    79,F
058C:  RLF    78,F
058D:  RLF    44,F
058E:  GOTO   53B
058F:  BTFSS  44.0
0590:  GOTO   597
0591:  BCF    03.0
0592:  RRF    78,F
0593:  RRF    79,F
0594:  RRF    7A,F
0595:  RRF    44,F
0596:  GOTO   59A
0597:  DECF   77,F
0598:  BTFSC  03.2
0599:  GOTO   5DC
059A:  BTFSC  44.7
059B:  GOTO   5C3
059C:  BCF    03.0
059D:  RLF    3F,F
059E:  RLF    40,F
059F:  RLF    41,F
05A0:  RLF    42,F
05A1:  MOVF   3E,W
05A2:  SUBWF  3F,F
05A3:  BTFSC  03.0
05A4:  GOTO   5AF
05A5:  MOVLW  01
05A6:  SUBWF  40,F
05A7:  BTFSC  03.0
05A8:  GOTO   5AF
05A9:  SUBWF  41,F
05AA:  BTFSC  03.0
05AB:  GOTO   5AF
05AC:  SUBWF  42,F
05AD:  BTFSS  03.0
05AE:  GOTO   5D2
05AF:  MOVF   3D,W
05B0:  SUBWF  40,F
05B1:  BTFSC  03.0
05B2:  GOTO   5BA
05B3:  MOVLW  01
05B4:  SUBWF  41,F
05B5:  BTFSC  03.0
05B6:  GOTO   5BA
05B7:  SUBWF  42,F
05B8:  BTFSS  03.0
05B9:  GOTO   5D2
05BA:  MOVF   3C,W
05BB:  IORLW  80
05BC:  SUBWF  41,F
05BD:  BTFSC  03.0
05BE:  GOTO   5C3
05BF:  MOVLW  01
05C0:  SUBWF  42,F
05C1:  BTFSS  03.0
05C2:  GOTO   5D2
05C3:  INCF   7A,F
05C4:  BTFSS  03.2
05C5:  GOTO   5D2
05C6:  INCF   79,F
05C7:  BTFSS  03.2
05C8:  GOTO   5D2
05C9:  INCF   78,F
05CA:  BTFSS  03.2
05CB:  GOTO   5D2
05CC:  INCF   77,F
05CD:  BTFSC  03.2
05CE:  GOTO   5DC
05CF:  RRF    78,F
05D0:  RRF    79,F
05D1:  RRF    7A,F
05D2:  MOVF   38,W
05D3:  MOVWF  43
05D4:  MOVF   3C,W
05D5:  XORWF  43,F
05D6:  BTFSS  43.7
05D7:  GOTO   5DA
05D8:  BSF    78.7
05D9:  GOTO   5E0
05DA:  BCF    78.7
05DB:  GOTO   5E0
05DC:  CLRF   77
05DD:  CLRF   78
05DE:  CLRF   79
05DF:  CLRF   7A
*
05E8:  MOVLW  8E
05E9:  MOVWF  77
05EA:  MOVF   33,W
05EB:  SUBWF  77,F
05EC:  MOVF   34,W
05ED:  MOVWF  79
05EE:  MOVF   35,W
05EF:  MOVWF  78
05F0:  BSF    79.7
05F1:  MOVF   77,F
05F2:  BTFSC  03.2
05F3:  GOTO   5FF
05F4:  BCF    03.0
05F5:  MOVF   79,F
05F6:  BTFSS  03.2
05F7:  GOTO   5FB
05F8:  MOVF   78,F
05F9:  BTFSC  03.2
05FA:  GOTO   5FF
05FB:  RRF    79,F
05FC:  RRF    78,F
05FD:  DECFSZ 77,F
05FE:  GOTO   5F4
05FF:  BTFSS  34.7
0600:  GOTO   606
0601:  COMF   78,F
0602:  COMF   79,F
0603:  INCF   78,F
0604:  BTFSC  03.2
0605:  INCF   79,F
*
0644:  MOVF   38,W
0645:  BTFSC  03.2
0646:  GOTO   6B4
0647:  MOVWF  40
0648:  MOVF   3C,W
0649:  BTFSC  03.2
064A:  GOTO   6B4
064B:  ADDWF  40,F
064C:  BTFSC  03.0
064D:  GOTO   655
064E:  MOVLW  7F
064F:  SUBWF  40,F
0650:  BTFSS  03.0
0651:  GOTO   6B4
0652:  BTFSC  03.2
0653:  GOTO   6B4
0654:  GOTO   659
0655:  MOVLW  81
0656:  ADDWF  40,F
0657:  BTFSC  03.0
0658:  GOTO   6B4
0659:  MOVF   40,W
065A:  MOVWF  77
065B:  CLRF   78
065C:  CLRF   79
065D:  CLRF   7A
065E:  MOVF   39,W
065F:  MOVWF  44
0660:  BSF    44.7
0661:  MOVF   3A,W
0662:  MOVWF  43
0663:  MOVF   3B,W
0664:  MOVWF  42
0665:  MOVLW  18
0666:  MOVWF  40
0667:  CLRF   41
0668:  BTFSS  42.0
0669:  GOTO   682
066A:  MOVF   3F,W
066B:  ADDWF  7A,F
066C:  BTFSS  03.0
066D:  GOTO   674
066E:  INCF   79,F
066F:  BTFSS  03.2
0670:  GOTO   674
0671:  INCF   78,F
0672:  BTFSC  03.2
0673:  BSF    41.7
0674:  MOVF   3E,W
0675:  ADDWF  79,F
0676:  BTFSS  03.0
0677:  GOTO   67B
0678:  INCF   78,F
0679:  BTFSC  03.2
067A:  BSF    41.7
067B:  MOVF   3D,W
067C:  MOVWF  3A
067D:  BSF    3A.7
067E:  MOVF   3A,W
067F:  ADDWF  78,F
0680:  BTFSC  03.0
0681:  BSF    41.7
0682:  RLF    41,F
0683:  RRF    78,F
0684:  RRF    79,F
0685:  RRF    7A,F
0686:  RRF    44,F
0687:  RRF    43,F
0688:  RRF    42,F
0689:  BCF    03.0
068A:  DECFSZ 40,F
068B:  GOTO   667
068C:  MOVLW  01
068D:  ADDWF  77,F
068E:  BTFSC  03.0
068F:  GOTO   6B4
0690:  BTFSC  78.7
0691:  GOTO   699
0692:  RLF    44,F
0693:  RLF    7A,F
0694:  RLF    79,F
0695:  RLF    78,F
0696:  DECF   77,F
0697:  BTFSC  03.2
0698:  GOTO   6B4
0699:  BTFSS  44.7
069A:  GOTO   6AA
069B:  INCF   7A,F
069C:  BTFSS  03.2
069D:  GOTO   6AA
069E:  INCF   79,F
069F:  BTFSS  03.2
06A0:  GOTO   6AA
06A1:  INCF   78,F
06A2:  BTFSS  03.2
06A3:  GOTO   6AA
06A4:  RRF    78,F
06A5:  RRF    79,F
06A6:  RRF    7A,F
06A7:  INCF   77,F
06A8:  BTFSC  03.2
06A9:  GOTO   6B4
06AA:  MOVF   39,W
06AB:  MOVWF  41
06AC:  MOVF   3D,W
06AD:  XORWF  41,F
06AE:  BTFSS  41.7
06AF:  GOTO   6B2
06B0:  BSF    78.7
06B1:  GOTO   6B8
06B2:  BCF    78.7
06B3:  GOTO   6B8
06B4:  CLRF   77
06B5:  CLRF   78
06B6:  CLRF   79
06B7:  CLRF   7A
....................  
.................... #list 
....................  
.................... #device ADC=10 
.................... #use delay(crystal=20000000) 
*
004E:  MOVLW  42
004F:  MOVWF  04
0050:  BCF    03.7
0051:  MOVF   00,W
0052:  BTFSC  03.2
0053:  GOTO   061
0054:  MOVLW  06
0055:  MOVWF  78
0056:  CLRF   77
0057:  DECFSZ 77,F
0058:  GOTO   057
0059:  DECFSZ 78,F
005A:  GOTO   056
005B:  MOVLW  7B
005C:  MOVWF  77
005D:  DECFSZ 77,F
005E:  GOTO   05D
005F:  DECFSZ 00,F
0060:  GOTO   054
0061:  RETURN
.................... #FUSES NOWDT, NOBROWNOUT, NOLVP 
....................  
.................... #include <lcd_c.c> //Incluir librería LCD 
.................... /////////////////////////////////////////////////////////////////////////////// 
.................... ////                             LCD.C                                     //// 
.................... ////                 Driver for common LCD modules                         //// 
.................... ////                                                                       //// 
.................... ////  lcd_init()   Must be called before any other function.               //// 
.................... ////                                                                       //// 
.................... ////  lcd_putc(c)  Will display c on the next position of the LCD.         //// 
.................... ////                     The following have special meaning:               //// 
.................... ////                      \f  Clear display                                //// 
.................... ////                      \n  Go to start of second line                   //// 
.................... ////                      \b  Move back one position                       //// 
.................... ////                                                                       //// 
.................... ////  lcd_gotoxy(x,y) Set write position on LCD (upper left is 1,1)        //// 
.................... ////                                                                       //// 
.................... ////  lcd_getc(x,y)   Returns character at position x,y on LCD             //// 
.................... ////                                                                       //// 
.................... ////  CONFIGURATION                                                        //// 
.................... ////  The LCD can be configured in one of two ways: a.) port access or     //// 
.................... ////  b.) pin access.  Port access requires the entire 7 bit interface     //// 
.................... ////  connected to one GPIO port, and the data bits (D4:D7 of the LCD)     //// 
.................... ////  connected to sequential pins on the GPIO.  Pin access                //// 
.................... ////  has no requirements, all 7 bits of the control interface can         //// 
.................... ////  can be connected to any GPIO using several ports.                    //// 
.................... ////                                                                       //// 
.................... ////  To use port access, #define LCD_DATA_PORT to the SFR location of     //// 
.................... ////  of the GPIO port that holds the interface, -AND- edit LCD_PIN_MAP    //// 
.................... ////  of this file to configure the pin order.  If you are using a         //// 
.................... ////  baseline PIC (PCB), then LCD_OUTPUT_MAP and LCD_INPUT_MAP also must  //// 
.................... ////  be defined.                                                          //// 
.................... ////                                                                       //// 
.................... ////  Example of port access:                                              //// 
.................... ////     #define LCD_DATA_PORT getenv("SFR:PORTD")                         //// 
.................... ////                                                                       //// 
.................... ////  To use pin access, the following pins must be defined:               //// 
.................... ////     LCD_ENABLE_PIN                                                    //// 
.................... ////     LCD_RS_PIN                                                        //// 
.................... ////     LCD_RW_PIN                                                        //// 
.................... ////     LCD_DATA4                                                         //// 
.................... ////     LCD_DATA5                                                         //// 
.................... ////     LCD_DATA6                                                         //// 
.................... ////     LCD_DATA7                                                         //// 
.................... ////                                                                       //// 
.................... ////  Example of pin access:                                               //// 
.................... ////     #define LCD_ENABLE_PIN  PIN_E0                                    //// 
.................... ////     #define LCD_RS_PIN      PIN_E1                                    //// 
.................... ////     #define LCD_RW_PIN      PIN_E2                                    //// 
.................... ////     #define LCD_DATA4       PIN_D4                                    //// 
.................... ////     #define LCD_DATA5       PIN_D5                                    //// 
.................... ////     #define LCD_DATA6       PIN_D6                                    //// 
.................... ////     #define LCD_DATA7       PIN_D7                                    //// 
.................... ////                                                                       //// 
.................... /////////////////////////////////////////////////////////////////////////////// 
.................... ////        (C) Copyright 1996,2009 Custom Computer Services           //// 
.................... //// This source code may only be used by licensed users of the CCS C  //// 
.................... //// compiler.  This source code may only be distributed to other      //// 
.................... //// licensed users of the CCS C compiler.  No other use, reproduction //// 
.................... //// or distribution is permitted without written permission.          //// 
.................... //// Derivative programs created using this software in object code    //// 
.................... //// form are not restricted in any way.                               //// 
.................... /////////////////////////////////////////////////////////////////////////// 
....................  
.................... #define LCD_DATA_PORT      0x07     //portc    LA PUSE YO  
....................  
.................... typedef struct   
.................... {                            // This structure is overlayed 
....................    BOOLEAN enable;           // on to an I/O port to gain 
....................    BOOLEAN rs;               // access to the LCD pins. 
....................    BOOLEAN rw;               // The bits are allocated from 
....................    BOOLEAN unused;           // low order up.  ENABLE will 
....................    int     data : 4;         // be LSB pin of that port. 
....................   #if defined(__PCD__)       // The port used will be LCD_DATA_PORT. 
....................    int    reserved: 8; 
....................   #endif 
.................... } LCD_PIN_MAP; 
....................  
.................... #define use_portb_lcd TRUE 
....................  
.................... #if defined(__PCB__) 
....................    // these definitions only need to be modified for baseline PICs. 
....................    // all other PICs use LCD_PIN_MAP or individual LCD_xxx pin definitions. 
.................... /*                                    EN, RS,   RW,   UNUSED,  DATA  */ 
....................  const LCD_PIN_MAP LCD_OUTPUT_MAP =  {0,  0,    0,    0,       0}; 
....................  const LCD_PIN_MAP LCD_INPUT_MAP =   {0,  0,    0,    0,       0xF}; 
.................... #endif 
....................  
....................  
....................  
.................... ////////////////////// END CONFIGURATION /////////////////////////////////// 
....................  
.................... #ifndef LCD_ENABLE_PIN 
....................    #define lcd_output_enable(x) lcdlat.enable=x 
....................    #define lcd_enable_tris()   lcdtris.enable=0 
.................... #else 
....................    #define lcd_output_enable(x) output_bit(LCD_ENABLE_PIN, x) 
....................    #define lcd_enable_tris()  output_drive(LCD_ENABLE_PIN) 
.................... #endif 
....................  
.................... #ifndef LCD_RS_PIN 
....................    #define lcd_output_rs(x) lcdlat.rs=x 
....................    #define lcd_rs_tris()   lcdtris.rs=0 
.................... #else 
....................    #define lcd_output_rs(x) output_bit(LCD_RS_PIN, x) 
....................    #define lcd_rs_tris()  output_drive(LCD_RS_PIN) 
.................... #endif 
....................  
.................... #ifndef LCD_RW_PIN 
....................    #define lcd_output_rw(x) lcdlat.rw=x 
....................    #define lcd_rw_tris()   lcdtris.rw=0 
.................... #else 
....................    #define lcd_output_rw(x) output_bit(LCD_RW_PIN, x) 
....................    #define lcd_rw_tris()  output_drive(LCD_RW_PIN) 
.................... #endif 
....................  
.................... #ifndef LCD_DATA_PORT 
....................    #if defined(__PCB__) 
....................       #define LCD_DATA_PORT      0x06     //portb 
....................       #define set_tris_lcd(x)   set_tris_b(x) 
....................    #elif defined(__PCM__) 
....................       #define LCD_DATA_PORT      getenv("SFR:PORTD")     //portd 
....................    #elif defined(__PCH__) 
....................       #define LCD_DATA_PORT      getenv("SFR:PORTD")    //portd 
....................    #elif defined(__PCD__) 
....................       #define LCD_DATA_PORT      getenv("SFR:PORTD")    //portd 
....................    #endif    
.................... #endif 
....................  
.................... #if defined(__PCB__) 
....................    LCD_PIN_MAP lcd, lcdlat; 
....................    #byte lcd = LCD_DATA_PORT 
....................    #byte lcdlat = LCD_DATA_PORT 
.................... #elif defined(__PCM__) 
....................    LCD_PIN_MAP lcd, lcdlat, lcdtris; 
....................    #byte lcd = LCD_DATA_PORT 
....................    #byte lcdlat = LCD_DATA_PORT 
....................    #byte lcdtris = LCD_DATA_PORT+0x80 
.................... #elif defined(__PCH__) 
....................    LCD_PIN_MAP lcd, lcdlat, lcdtris; 
....................    #byte lcd = LCD_DATA_PORT 
....................    #byte lcdlat = LCD_DATA_PORT+9 
....................    #byte lcdtris = LCD_DATA_PORT+0x12 
.................... #elif defined(__PCD__) 
....................    LCD_PIN_MAP lcd, lcdlat, lcdtris; 
....................    #word lcd = LCD_DATA_PORT 
....................    #word lcdlat = LCD_DATA_PORT+2 
....................    #word lcdtris = LCD_DATA_PORT-0x02 
.................... #endif 
....................  
.................... #ifndef LCD_TYPE 
....................    #define LCD_TYPE 2           // 0=5x7, 1=5x10, 2=2 lines 
.................... #endif 
....................  
.................... #ifndef LCD_LINE_TWO 
....................    #define LCD_LINE_TWO 0x40    // LCD RAM address for the second line 
.................... #endif 
....................  
.................... BYTE const LCD_INIT_STRING[4] = {0x20 | (lcd_type << 2), 0xc, 1, 6}; 
....................                              // These bytes need to be sent to the LCD 
....................                              // to start it up. 
....................  
.................... // original version of this library incorrectly labeled LCD_DATA0 as LCD_DATA4, 
.................... // LCD_DATA1 as LCD_DATA5, and so on.  this block of code makes the driver 
.................... // compatible with any code written for the original library 
.................... #if (defined(LCD_DATA0) && defined(LCD_DATA1) && defined(LCD_DATA2) && defined(LCD_DATA3) && !defined(LCD_DATA4) && !defined(LCD_DATA5) && !defined(LCD_DATA6) && !defined(LCD_DATA7)) 
....................    #define  LCD_DATA4    LCD_DATA0 
....................    #define  LCD_DATA5    LCD_DATA1 
....................    #define  LCD_DATA6    LCD_DATA2 
....................    #define  LCD_DATA7    LCD_DATA3 
.................... #endif 
....................  
.................... BYTE lcd_read_nibble(void); 
....................  
.................... BYTE lcd_read_byte(void) 
.................... { 
....................    BYTE low,high; 
....................  
....................  #if defined(__PCB__) 
....................    set_tris_lcd(LCD_INPUT_MAP); 
....................  #else 
....................   #if (defined(LCD_DATA4) && defined(LCD_DATA5) && defined(LCD_DATA6) && defined(LCD_DATA7)) 
....................    output_float(LCD_DATA4); 
....................    output_float(LCD_DATA5); 
....................    output_float(LCD_DATA6); 
....................    output_float(LCD_DATA7); 
....................   #else 
....................    lcdtris.data = 0xF; 
*
007A:  MOVLW  0F
007B:  BSF    03.5
007C:  ANDWF  07,W
007D:  IORLW  F0
007E:  MOVWF  07
....................   #endif 
....................  #endif 
....................          
....................    lcd_output_rw(1); 
007F:  BCF    03.5
0080:  BSF    07.2
....................    delay_cycles(1); 
0081:  NOP
....................    lcd_output_enable(1); 
0082:  BSF    07.0
....................    delay_cycles(1); 
0083:  NOP
....................    high = lcd_read_nibble(); 
0084:  CALL   073
0085:  MOVF   78,W
0086:  MOVWF  49
....................        
....................    lcd_output_enable(0); 
0087:  BCF    07.0
....................    delay_cycles(1); 
0088:  NOP
....................    lcd_output_enable(1); 
0089:  BSF    07.0
....................    delay_us(1); 
008A:  GOTO   08B
008B:  GOTO   08C
008C:  NOP
....................    low = lcd_read_nibble(); 
008D:  CALL   073
008E:  MOVF   78,W
008F:  MOVWF  48
....................        
....................    lcd_output_enable(0); 
0090:  BCF    07.0
....................  
....................  #if defined(__PCB__) 
....................    set_tris_lcd(LCD_INPUT_MAP); 
....................  #else 
....................   #if (defined(LCD_DATA4) && defined(LCD_DATA5) && defined(LCD_DATA6) && defined(LCD_DATA7)) 
....................    output_drive(LCD_DATA4); 
....................    output_drive(LCD_DATA5); 
....................    output_drive(LCD_DATA6); 
....................    output_drive(LCD_DATA7); 
....................   #else 
....................    lcdtris.data = 0x0; 
0091:  MOVLW  0F
0092:  BSF    03.5
0093:  ANDWF  07,W
0094:  MOVWF  07
....................   #endif 
....................  #endif 
....................  
....................    return( (high<<4) | low); 
0095:  BCF    03.5
0096:  SWAPF  49,W
0097:  MOVWF  77
0098:  MOVLW  F0
0099:  ANDWF  77,F
009A:  MOVF   77,W
009B:  IORWF  48,W
009C:  MOVWF  78
.................... } 
....................  
.................... BYTE lcd_read_nibble(void) 
.................... { 
....................   #if (defined(LCD_DATA4) && defined(LCD_DATA5) && defined(LCD_DATA6) && defined(LCD_DATA7)) 
....................    BYTE n = 0x00; 
....................  
....................    /* Read the data port */ 
....................    n |= input(LCD_DATA4); 
....................    n |= input(LCD_DATA5) << 1; 
....................    n |= input(LCD_DATA6) << 2; 
....................    n |= input(LCD_DATA7) << 3; 
....................     
....................    return(n); 
....................   #else 
....................    return(lcd.data); 
*
0073:  MOVF   07,W
0074:  MOVWF  77
0075:  SWAPF  07,W
0076:  ANDLW  0F
0077:  MOVWF  78
....................   #endif 
0078:  RETURN
.................... } 
....................  
.................... void lcd_send_nibble(BYTE n) 
.................... { 
....................   #if (defined(LCD_DATA4) && defined(LCD_DATA5) && defined(LCD_DATA6) && defined(LCD_DATA7)) 
....................    /* Write to the data port */ 
....................    output_bit(LCD_DATA4, BIT_TEST(n, 0)); 
....................    output_bit(LCD_DATA5, BIT_TEST(n, 1)); 
....................    output_bit(LCD_DATA6, BIT_TEST(n, 2)); 
....................    output_bit(LCD_DATA7, BIT_TEST(n, 3)); 
....................   #else       
....................    lcdlat.data = n; 
*
0062:  SWAPF  49,W
0063:  ANDLW  F0
0064:  MOVWF  77
0065:  MOVLW  0F
0066:  ANDWF  07,W
0067:  IORWF  77,W
0068:  MOVWF  07
....................   #endif 
....................        
....................    delay_cycles(1); 
0069:  NOP
....................    lcd_output_enable(1); 
006A:  BSF    07.0
....................    delay_us(2); 
006B:  MOVLW  02
006C:  MOVWF  77
006D:  DECFSZ 77,F
006E:  GOTO   06D
006F:  GOTO   070
0070:  NOP
....................    lcd_output_enable(0); 
0071:  BCF    07.0
0072:  RETURN
.................... } 
....................  
.................... void lcd_send_byte(BYTE address, BYTE n) 
.................... { 
....................    lcd_output_rs(0); 
*
0079:  BCF    07.1
....................    while ( bit_test(lcd_read_byte(),7) ) ; 
*
009D:  MOVF   78,W
009E:  MOVWF  48
009F:  BTFSC  48.7
00A0:  GOTO   07A
....................    lcd_output_rs(address); 
00A1:  BTFSS  46.0
00A2:  BCF    07.1
00A3:  BTFSC  46.0
00A4:  BSF    07.1
....................    delay_cycles(1); 
00A5:  NOP
....................    lcd_output_rw(0); 
00A6:  BCF    07.2
....................    delay_cycles(1); 
00A7:  NOP
....................    lcd_output_enable(0); 
00A8:  BCF    07.0
....................    lcd_send_nibble(n >> 4); 
00A9:  SWAPF  47,W
00AA:  MOVWF  48
00AB:  MOVLW  0F
00AC:  ANDWF  48,F
00AD:  MOVF   48,W
00AE:  MOVWF  49
00AF:  CALL   062
....................    lcd_send_nibble(n & 0xf); 
00B0:  MOVF   47,W
00B1:  ANDLW  0F
00B2:  MOVWF  48
00B3:  MOVWF  49
00B4:  CALL   062
00B5:  RETURN
.................... } 
....................  
.................... void lcd_init(void)  
.................... { 
....................    BYTE i; 
....................  
....................  #if defined(__PCB__) 
....................    set_tris_lcd(LCD_OUTPUT_MAP); 
....................  #else 
....................   #if (defined(LCD_DATA4) && defined(LCD_DATA5) && defined(LCD_DATA6) && defined(LCD_DATA7)) 
....................    output_drive(LCD_DATA4); 
....................    output_drive(LCD_DATA5); 
....................    output_drive(LCD_DATA6); 
....................    output_drive(LCD_DATA7); 
....................   #else 
....................    lcdtris.data = 0x0; 
00B6:  MOVLW  0F
00B7:  BSF    03.5
00B8:  ANDWF  07,W
00B9:  MOVWF  07
....................   #endif 
....................    lcd_enable_tris(); 
00BA:  BCF    07.0
....................    lcd_rs_tris(); 
00BB:  BCF    07.1
....................    lcd_rw_tris(); 
00BC:  BCF    07.2
....................  #endif 
....................  
....................    lcd_output_rs(0); 
00BD:  BCF    03.5
00BE:  BCF    07.1
....................    lcd_output_rw(0); 
00BF:  BCF    07.2
....................    lcd_output_enable(0); 
00C0:  BCF    07.0
....................      
....................    delay_ms(15); 
00C1:  MOVLW  0F
00C2:  MOVWF  42
00C3:  CALL   04E
....................    for(i=1;i<=3;++i) 
00C4:  MOVLW  01
00C5:  MOVWF  31
00C6:  MOVF   31,W
00C7:  SUBLW  03
00C8:  BTFSS  03.0
00C9:  GOTO   0D2
....................    { 
....................        lcd_send_nibble(3); 
00CA:  MOVLW  03
00CB:  MOVWF  49
00CC:  CALL   062
....................        delay_ms(5); 
00CD:  MOVLW  05
00CE:  MOVWF  42
00CF:  CALL   04E
00D0:  INCF   31,F
00D1:  GOTO   0C6
....................    } 
....................      
....................    lcd_send_nibble(2); 
00D2:  MOVLW  02
00D3:  MOVWF  49
00D4:  CALL   062
....................    for(i=0;i<=3;++i) 
00D5:  CLRF   31
00D6:  MOVF   31,W
00D7:  SUBLW  03
00D8:  BTFSS  03.0
00D9:  GOTO   0E3
....................       lcd_send_byte(0,LCD_INIT_STRING[i]); 
00DA:  MOVF   31,W
00DB:  CALL   004
00DC:  MOVWF  32
00DD:  CLRF   46
00DE:  MOVF   32,W
00DF:  MOVWF  47
00E0:  CALL   079
00E1:  INCF   31,F
00E2:  GOTO   0D6
00E3:  BCF    0A.3
00E4:  BCF    0A.4
00E5:  GOTO   781 (RETURN)
.................... } 
....................  
.................... void lcd_gotoxy(BYTE x, BYTE y) 
.................... { 
....................    BYTE address; 
....................  
....................    if(y!=1) 
*
00EF:  DECFSZ 43,W
00F0:  GOTO   0F2
00F1:  GOTO   0F5
....................       address=LCD_LINE_TWO; 
00F2:  MOVLW  40
00F3:  MOVWF  44
00F4:  GOTO   0F6
....................    else 
....................       address=0; 
00F5:  CLRF   44
....................       
....................    address+=x-1; 
00F6:  MOVLW  01
00F7:  SUBWF  42,W
00F8:  ADDWF  44,F
....................    lcd_send_byte(0,0x80|address); 
00F9:  MOVF   44,W
00FA:  IORLW  80
00FB:  MOVWF  45
00FC:  CLRF   46
00FD:  MOVF   45,W
00FE:  MOVWF  47
00FF:  CALL   079
0100:  RETURN
.................... } 
....................  
.................... void lcd_putc(char c) 
.................... { 
....................    switch (c) 
0101:  MOVF   41,W
0102:  XORLW  0C
0103:  BTFSC  03.2
0104:  GOTO   10C
0105:  XORLW  06
0106:  BTFSC  03.2
0107:  GOTO   114
0108:  XORLW  02
0109:  BTFSC  03.2
010A:  GOTO   11A
010B:  GOTO   11F
....................    { 
....................       case '\f'   :  lcd_send_byte(0,1); 
010C:  CLRF   46
010D:  MOVLW  01
010E:  MOVWF  47
010F:  CALL   079
....................                      delay_ms(2); 
0110:  MOVLW  02
0111:  MOVWF  42
0112:  CALL   04E
....................                      break; 
0113:  GOTO   124
....................                       
....................       case '\n'   : lcd_gotoxy(1,2);        break; 
0114:  MOVLW  01
0115:  MOVWF  42
0116:  MOVLW  02
0117:  MOVWF  43
0118:  CALL   0EF
0119:  GOTO   124
....................       
....................       case '\b'   : lcd_send_byte(0,0x10);  break; 
011A:  CLRF   46
011B:  MOVLW  10
011C:  MOVWF  47
011D:  CALL   079
011E:  GOTO   124
....................       
....................       default     : lcd_send_byte(1,c);     break; 
011F:  MOVLW  01
0120:  MOVWF  46
0121:  MOVF   41,W
0122:  MOVWF  47
0123:  CALL   079
....................    } 
0124:  RETURN
.................... } 
....................   
.................... char lcd_getc(BYTE x, BYTE y) 
.................... { 
....................    char value; 
....................  
....................    lcd_gotoxy(x,y); 
....................    while ( bit_test(lcd_read_byte(),7) ); // wait until busy flag is low 
....................    lcd_output_rs(1); 
....................    value = lcd_read_byte(); 
....................    lcd_output_rs(0); 
....................     
....................    return(value); 
.................... } 
....................  
.................... #include <kbd4x4_b.c> //Librería teclado 4x4 puerto B 
.................... /////////////////////////////////////////////////////////////////////////// 
.................... ////                             KBD4x4_1.C                                //// 
.................... ////                  Generic keypad scan driver                       //// 
.................... ////                                                                   //// 
.................... ////  kbd_init()   Must be called before any other function.           //// 
.................... ////                                                                   //// 
.................... ////  c = kbd_getc(c)  Will return a key value if pressed or /0 if not //// 
.................... ////                   This function should be called frequently so as //// 
.................... ////                   not to miss a key press.                        //// 
.................... ////                                                                   //// 
.................... /////////////////////////////////////////////////////////////////////////// 
.................... ////        (C) Copyright 1996,2003 Custom Computer Services           //// 
.................... //// This source code may only be used by licensed users of the CCS C  //// 
.................... //// compiler.  This source code may only be distributed to other      //// 
.................... //// licensed users of the CCS C compiler.  No other use, reproduction //// 
.................... //// or distribution is permitted without written permission.          //// 
.................... //// Derivative programs created using this software in object code    //// 
.................... //// form are not restricted in any way.                               //// 
.................... /////////////////////////////////////////////////////////////////////////// 
....................  
.................... ////////////////// The following defines the keypad layout on port D 
....................  
.................... // Un-comment the following define to use port B 
.................... #define use_portb_kbd TRUE 
....................  
.................... // Make sure the port used has pull-up resistors (or the LCD) on 
.................... // the column pins 
....................  
....................  
.................... #if defined(__PCH__) 
.................... #if defined use_portb_kbd 
....................    #byte kbd = 0xF81                   // This puts the entire structure 
.................... #else 
....................    #byte kbd = 0xF83                   // This puts the entire structure 
.................... #endif 
.................... #else 
.................... #if defined use_portb_kbd 
....................    #byte kbd = 6                  // on to port B (at address 6) 
.................... #else 
....................    #byte kbd = 8                 // on to port D (at address 8) 
.................... #endif 
.................... #endif 
....................  
.................... #if defined use_portb_kbd 
....................    #define set_tris_kbd(x) set_tris_b(x) 
.................... #else 
....................    #define set_tris_kbd(x) set_tris_d(x) 
.................... #endif 
....................  
....................  
....................  
.................... //Keypad connection:   (for example column 0 is B2) 
.................... //                Bx: 
....................  
.................... #ifdef blue_keypad  ///////////////////////////////////// For the blue keypad 
.................... #define COL0 (1 << 2) 
.................... #define COL1 (1 << 3) 
.................... #define COL2 (1 << 6) 
....................  
.................... #define ROW0 (1 << 4) 
.................... #define ROW1 (1 << 7) 
.................... #define ROW2 (1 << 1) 
.................... #define ROW3 (1 << 5) 
....................  
.................... #else ////////////////////////////////////////////////// For the black keypad 
.................... #define COL0 (1 << 4) 
.................... #define COL1 (1 << 5) 
.................... #define COL2 (1 << 6) 
.................... #define COL3 (1 << 7) 
....................  
.................... #define ROW0 (1 << 0) 
.................... #define ROW1 (1 << 1) 
.................... #define ROW2 (1 << 2) 
.................... #define ROW3 (1 << 3) 
....................  
.................... #endif 
....................  
.................... #define ALL_ROWS (ROW0|ROW1|ROW2|ROW3) 
.................... #define ALL_PINS (ALL_ROWS|COL0|COL1|COL2|COL3) 
....................  
.................... // Keypad layout: 
.................... char const KEYS[4][4] = {{'7','8','9','/'}, 
....................                          {'4','5','6','*'}, 
....................                          {'1','2','3','-'}, 
....................                          {'C','0','=','+'}}; 
....................  
.................... #define KBD_DEBOUNCE_FACTOR 33    // Set this number to apx n/333 where 
....................                                   // n is the number of times you expect 
....................                                   // to call kbd_getc each second 
....................  
....................  
.................... void kbd_init() { 
*
004B:  BCF    0A.3
004C:  BCF    0A.4
004D:  GOTO   780 (RETURN)
.................... } 
....................  
.................... char kbd_getc( ) { 
....................    static BYTE kbd_call_count; 
*
0777:  BCF    03.5
0778:  CLRF   20
....................    static int1 kbd_down; 
0779:  BCF    21.0
....................    static char last_key; 
077A:  CLRF   22
....................    static BYTE col; 
077B:  CLRF   23
....................  
....................    BYTE kchar; 
....................    BYTE row; 
....................  
....................    kchar='\0'; 
*
017B:  CLRF   3F
....................    if(++kbd_call_count>KBD_DEBOUNCE_FACTOR) { 
017C:  INCF   20,F
017D:  MOVF   20,W
017E:  SUBLW  21
017F:  BTFSC  03.0
0180:  GOTO   1DB
....................        switch (col) { 
0181:  MOVF   23,W
0182:  ADDLW  FC
0183:  BTFSC  03.0
0184:  GOTO   19E
0185:  ADDLW  04
0186:  GOTO   1E4
....................          case 0   : set_tris_kbd(ALL_PINS&~COL0); 
0187:  MOVLW  EF
0188:  BSF    03.5
0189:  MOVWF  06
....................                     kbd=~COL0&ALL_PINS; 
018A:  BCF    03.5
018B:  MOVWF  06
....................                     break; 
018C:  GOTO   19E
....................          case 1   : set_tris_kbd(ALL_PINS&~COL1); 
018D:  MOVLW  DF
018E:  BSF    03.5
018F:  MOVWF  06
....................                     kbd=~COL1&ALL_PINS; 
0190:  BCF    03.5
0191:  MOVWF  06
....................                     break; 
0192:  GOTO   19E
....................          case 2   : set_tris_kbd(ALL_PINS&~COL2); 
0193:  MOVLW  BF
0194:  BSF    03.5
0195:  MOVWF  06
....................                     kbd=~COL2&ALL_PINS; 
0196:  BCF    03.5
0197:  MOVWF  06
....................                     break; 
0198:  GOTO   19E
....................          case 3   : set_tris_kbd(ALL_PINS&~COL3); 
0199:  MOVLW  7F
019A:  BSF    03.5
019B:  MOVWF  06
....................                     kbd=~COL3&ALL_PINS; 
019C:  BCF    03.5
019D:  MOVWF  06
....................                     break; 
....................        } 
....................  
....................        if(kbd_down) { 
019E:  BTFSS  21.0
019F:  GOTO   1AA
....................          if((kbd & (ALL_ROWS))==(ALL_ROWS)) { 
01A0:  MOVF   06,W
01A1:  ANDLW  0F
01A2:  SUBLW  0F
01A3:  BTFSS  03.2
01A4:  GOTO   1A9
....................            kbd_down=FALSE; 
01A5:  BCF    21.0
....................            kchar=last_key; 
01A6:  MOVF   22,W
01A7:  MOVWF  3F
....................            last_key='\0'; 
01A8:  CLRF   22
....................          } 
....................        } else { 
01A9:  GOTO   1DA
....................           if((kbd & (ALL_ROWS))!=(ALL_ROWS)) { 
01AA:  MOVF   06,W
01AB:  ANDLW  0F
01AC:  SUBLW  0F
01AD:  BTFSC  03.2
01AE:  GOTO   1D5
....................              if((kbd & ROW0)==0) 
01AF:  MOVF   06,W
01B0:  ANDLW  01
01B1:  BTFSS  03.2
01B2:  GOTO   1B5
....................                row=0; 
01B3:  CLRF   40
01B4:  GOTO   1C9
....................              else if((kbd & ROW1)==0) 
01B5:  MOVF   06,W
01B6:  ANDLW  02
01B7:  BTFSS  03.2
01B8:  GOTO   1BC
....................                row=1; 
01B9:  MOVLW  01
01BA:  MOVWF  40
01BB:  GOTO   1C9
....................              else if((kbd & ROW2)==0) 
01BC:  MOVF   06,W
01BD:  ANDLW  04
01BE:  BTFSS  03.2
01BF:  GOTO   1C3
....................                row=2; 
01C0:  MOVLW  02
01C1:  MOVWF  40
01C2:  GOTO   1C9
....................              else if((kbd & ROW3)==0) 
01C3:  MOVF   06,W
01C4:  ANDLW  08
01C5:  BTFSS  03.2
01C6:  GOTO   1C9
....................                row=3; 
01C7:  MOVLW  03
01C8:  MOVWF  40
....................              last_key =KEYS[row][col]; 
01C9:  RLF    40,W
01CA:  MOVWF  77
01CB:  RLF    77,F
01CC:  MOVLW  FC
01CD:  ANDWF  77,F
01CE:  MOVF   77,W
01CF:  ADDWF  23,W
01D0:  CALL   00C
01D1:  MOVWF  78
01D2:  MOVWF  22
....................              kbd_down = TRUE; 
01D3:  BSF    21.0
....................           } else { 
01D4:  GOTO   1DA
....................              ++col; 
01D5:  INCF   23,F
....................              if(col==4) 
01D6:  MOVF   23,W
01D7:  SUBLW  04
01D8:  BTFSC  03.2
....................                col=0; 
01D9:  CLRF   23
....................           } 
....................        } 
....................       kbd_call_count=0; 
01DA:  CLRF   20
....................    } 
....................   set_tris_kbd(ALL_PINS); 
01DB:  MOVLW  FF
01DC:  BSF    03.5
01DD:  MOVWF  06
....................   return(kchar); 
01DE:  BCF    03.5
01DF:  MOVF   3F,W
01E0:  MOVWF  78
01E1:  BCF    0A.3
01E2:  BCF    0A.4
01E3:  GOTO   1ED (RETURN)
.................... } 
....................  
.................... #include <getNum16.c> //Librería para leer numeros enteros de 16 bits 
.................... /* 
....................    ** Se requiere haber inicializado el lcd y el teclado **  
....................     
....................    Usar como "int16 numero = get_num();" no puede borrar numeros 
....................     
....................    Al usar como "int16 numero = get_num_lcd(cursor_x,cursor_y)" 
....................    se pueden borrar caracteres con '-' y con 'C' 
....................        
....................    Por Angel Primitivo Vejar Cortés 2022 | angel-primi@hotmail.com 
.................... */ 
....................  
.................... unsigned int32 pow(int8 base, int8 power){ 
*
0305:  CLRF   45
0306:  CLRF   44
0307:  CLRF   43
0308:  MOVLW  01
0309:  MOVWF  42
....................    int32 result = 1; 
....................    for(int8 i = 0; i < power; i++){ 
030A:  CLRF   46
030B:  MOVF   41,W
030C:  SUBWF  46,W
030D:  BTFSC  03.0
030E:  GOTO   327
....................       result *= base; 
030F:  MOVF   45,W
0310:  MOVWF  4A
0311:  MOVF   44,W
0312:  MOVWF  49
0313:  MOVF   43,W
0314:  MOVWF  48
0315:  MOVF   42,W
0316:  MOVWF  47
0317:  CLRF   4E
0318:  CLRF   4D
0319:  CLRF   4C
031A:  MOVF   40,W
031B:  MOVWF  4B
031C:  CALL   1F5
031D:  MOVF   7A,W
031E:  MOVWF  45
031F:  MOVF   79,W
0320:  MOVWF  44
0321:  MOVF   78,W
0322:  MOVWF  43
0323:  MOVF   77,W
0324:  MOVWF  42
0325:  INCF   46,F
0326:  GOTO   30B
....................    } 
....................    return result; 
0327:  MOVF   42,W
0328:  MOVWF  77
0329:  MOVF   43,W
032A:  MOVWF  78
032B:  MOVF   44,W
032C:  MOVWF  79
032D:  MOVF   45,W
032E:  MOVWF  7A
.................... } 
....................  
.................... char read_key(){ 
....................    char c; 
....................    do{ 
....................       c=kbd_getc(); 
*
01EC:  GOTO   17B
01ED:  MOVF   78,W
01EE:  MOVWF  3E
....................    } 
....................    while(c=='\0');  
01EF:  MOVF   3E,F
01F0:  BTFSC  03.2
01F1:  GOTO   1EC
....................    return(c); 
01F2:  MOVF   3E,W
01F3:  MOVWF  78
01F4:  RETURN
.................... } 
....................  
.................... int16 get_num_lcd(int8 x, int8 y){ 
....................    lcd_gotoxy(x,y); 
*
0286:  MOVF   32,W
0287:  MOVWF  42
0288:  MOVF   33,W
0289:  MOVWF  43
028A:  CALL   0EF
....................    int16 numero = 0; 
....................    char cadena[5] = {0,0,0,0,0}; 
*
028D:  CLRF   36
028E:  CLRF   37
028F:  CLRF   38
0290:  CLRF   39
0291:  CLRF   3A
....................    int8 index = 0; 
....................    char tecla; 
*
028B:  CLRF   35
028C:  CLRF   34
*
0292:  CLRF   3B
....................    do { 
....................       tecla = read_key(); 
0293:  CALL   1EC
0294:  MOVF   78,W
0295:  MOVWF  3C
....................       if((tecla >= 48) && (tecla <= 57))  
0296:  MOVF   3C,W
0297:  SUBLW  2F
0298:  BTFSC  03.0
0299:  GOTO   2A8
029A:  MOVF   3C,W
029B:  SUBLW  39
029C:  BTFSS  03.0
029D:  GOTO   2A8
....................       { 
....................          cadena[index] = tecla; 
029E:  MOVLW  36
029F:  ADDWF  3B,W
02A0:  MOVWF  04
02A1:  BCF    03.7
02A2:  MOVF   3C,W
02A3:  MOVWF  00
....................          index++; 
02A4:  INCF   3B,F
....................          printf(lcd_putc,"%c",tecla); 
02A5:  MOVF   3C,W
02A6:  MOVWF  41
02A7:  CALL   101
....................       } 
....................        
....................       if(tecla == '-' && index > 0){ 
02A8:  MOVF   3C,W
02A9:  SUBLW  2D
02AA:  BTFSS  03.2
02AB:  GOTO   2C6
02AC:  MOVF   3B,F
02AD:  BTFSC  03.2
02AE:  GOTO   2C6
....................          index--; 
02AF:  DECF   3B,F
....................          cadena[index] = 0; 
02B0:  MOVLW  36
02B1:  ADDWF  3B,W
02B2:  MOVWF  04
02B3:  BCF    03.7
02B4:  CLRF   00
....................          lcd_gotoxy(x + index,y); 
02B5:  MOVF   3B,W
02B6:  ADDWF  32,W
02B7:  MOVWF  3E
02B8:  MOVWF  42
02B9:  MOVF   33,W
02BA:  MOVWF  43
02BB:  CALL   0EF
....................          printf(lcd_putc," "); 
02BC:  MOVLW  20
02BD:  MOVWF  41
02BE:  CALL   101
....................          lcd_gotoxy(x + index,y); 
02BF:  MOVF   3B,W
02C0:  ADDWF  32,W
02C1:  MOVWF  3E
02C2:  MOVWF  42
02C3:  MOVF   33,W
02C4:  MOVWF  43
02C5:  CALL   0EF
....................       } 
....................        
....................       if(tecla == 'C' && index > 0){ 
02C6:  MOVF   3C,W
02C7:  SUBLW  43
02C8:  BTFSS  03.2
02C9:  GOTO   2E4
02CA:  MOVF   3B,F
02CB:  BTFSC  03.2
02CC:  GOTO   2E4
....................          index=0; 
02CD:  CLRF   3B
....................          cadena[0] = 0; 
02CE:  CLRF   36
....................          cadena[1] = 0; 
02CF:  CLRF   37
....................          cadena[2] = 0; 
02D0:  CLRF   38
....................          cadena[3] = 0; 
02D1:  CLRF   39
....................          cadena[4] = 0; 
02D2:  CLRF   3A
....................          lcd_gotoxy(x,y); 
02D3:  MOVF   32,W
02D4:  MOVWF  42
02D5:  MOVF   33,W
02D6:  MOVWF  43
02D7:  CALL   0EF
....................          printf(lcd_putc,"     "); 
02D8:  MOVLW  28
02D9:  BSF    03.6
02DA:  MOVWF  0D
02DB:  MOVLW  00
02DC:  MOVWF  0F
02DD:  BCF    03.6
02DE:  CALL   125
....................          lcd_gotoxy(x,y); 
02DF:  MOVF   32,W
02E0:  MOVWF  42
02E1:  MOVF   33,W
02E2:  MOVWF  43
02E3:  CALL   0EF
....................       } 
....................        
....................       if(tecla == '=' && index > 0){ 
02E4:  MOVF   3C,W
02E5:  SUBLW  3D
02E6:  BTFSS  03.2
02E7:  GOTO   2EB
02E8:  MOVF   3B,F
02E9:  BTFSS  03.2
....................          break;      
02EA:  GOTO   2EF
....................       } 
....................    }while(index < 5); 
02EB:  MOVF   3B,W
02EC:  SUBLW  04
02ED:  BTFSC  03.0
02EE:  GOTO   293
....................     
....................    for(int8 i = 0; i < index; i++){ 
02EF:  CLRF   3D
02F0:  MOVF   3B,W
02F1:  SUBWF  3D,W
02F2:  BTFSC  03.0
02F3:  GOTO   350
....................       numero += (cadena[i] - 48) * (pow(10,index - 1 - i)); 
02F4:  MOVLW  36
02F5:  ADDWF  3D,W
02F6:  MOVWF  04
02F7:  BCF    03.7
02F8:  MOVLW  30
02F9:  SUBWF  00,W
02FA:  MOVWF  3E
02FB:  MOVLW  01
02FC:  SUBWF  3B,W
02FD:  MOVWF  78
02FE:  MOVF   3D,W
02FF:  SUBWF  78,W
0300:  MOVWF  3F
0301:  MOVLW  0A
0302:  MOVWF  40
0303:  MOVF   3F,W
0304:  MOVWF  41
*
032F:  CLRF   40
0330:  MOVF   04,W
0331:  MOVWF  3F
0332:  BCF    40.0
0333:  BTFSC  03.7
0334:  BSF    40.0
0335:  CLRF   4A
0336:  CLRF   49
0337:  CLRF   48
0338:  MOVF   3E,W
0339:  MOVWF  47
033A:  MOVF   7A,W
033B:  MOVWF  4E
033C:  MOVF   79,W
033D:  MOVWF  4D
033E:  MOVF   78,W
033F:  MOVWF  4C
0340:  MOVF   77,W
0341:  MOVWF  4B
0342:  CALL   1F5
0343:  MOVF   3F,W
0344:  MOVWF  04
0345:  BCF    03.7
0346:  BTFSC  40.0
0347:  BSF    03.7
0348:  MOVF   77,W
0349:  ADDWF  34,F
034A:  MOVF   78,W
034B:  BTFSC  03.0
034C:  INCFSZ 78,W
034D:  ADDWF  35,F
034E:  INCF   3D,F
034F:  GOTO   2F0
....................    }   
....................    return numero; 
0350:  MOVF   34,W
0351:  MOVWF  78
0352:  MOVF   35,W
0353:  MOVWF  79
.................... } 
....................  
.................... int16 get_num() { 
....................    int16 numero = 0; 
....................    char cadena[5] = {0,0,0,0,0}; 
....................    int8 index = 0; 
....................    char tecla; 
....................    do { 
....................       tecla = read_key(); 
....................       if((tecla >= 48) && (tecla <= 57))  
....................       { 
....................          cadena[index] = tecla; 
....................          index++; 
....................          printf(lcd_putc,"%c",tecla); 
....................       } 
....................        
....................       if(tecla == '=' && index > 0){ 
....................          break;      
....................       } 
....................    }while(index < 5); 
....................     
....................    for(int8 i = 0; i < index; i++){ 
....................       numero += (cadena[i] - 48) * (pow(10,index - 1 - i)); 
....................    }   
....................    return numero; 
.................... } 
....................  
....................  
.................... #USE STANDARD_IO(D) 
.................... #USE STANDARD_IO(A) 
....................  
.................... #define boton_paro PIN_E2 
....................  
.................... const int8 pasos[4] =  
.................... { 
....................    0b1000, 
....................    0b0001, 
....................    0b0010, 
....................    0b0100 
.................... }; 
.................... float pasoanterior=0; 
.................... int8 index = 0; 
.................... float grados; 
.................... int16 pasos_a_recorrer; 
.................... int16 origen; 
....................  
.................... void regresar(); 
....................  
.................... void paro_emergencia(){ 
....................    printf(lcd_putc,"\fPARO DE EMERG"); // Mostrar mensaje 
*
0613:  MOVLW  2B
0614:  BSF    03.6
0615:  MOVWF  0D
0616:  MOVLW  00
0617:  MOVWF  0F
0618:  BCF    03.6
0619:  CALL   125
....................    while(input(boton_paro) == 1){} // Esperar a que el usuario suelte el botón de paro 
061A:  BSF    03.5
061B:  BSF    09.2
061C:  BCF    03.5
061D:  BTFSC  09.2
061E:  GOTO   61A
....................    printf(lcd_putc,"\fPRESIONAR TECLA"); // Mostrar mensaje 
061F:  MOVLW  33
0620:  BSF    03.6
0621:  MOVWF  0D
0622:  MOVLW  00
0623:  MOVWF  0F
0624:  BCF    03.6
0625:  CALL   125
....................    char c = read_key(); // Esperar a que el usuario presione una tecla 
0626:  CALL   1EC
0627:  MOVF   78,W
0628:  MOVWF  33
....................       regresar(); 
*
0700:  RETURN
.................... } 
....................  
.................... void PreguntarDato(){//preguntar al usuario dato a ingresar 
.................... int1 condicion; 
....................     do{ 
....................          printf(lcd_putc,"\fIGRESA GRADOS: "); 
*
027B:  MOVLW  3C
027C:  BSF    03.6
027D:  MOVWF  0D
027E:  MOVLW  00
027F:  MOVWF  0F
0280:  BCF    03.6
0281:  CALL   125
....................          grados = get_num_lcd(1,2); 
0282:  MOVLW  01
0283:  MOVWF  32
0284:  MOVLW  02
0285:  MOVWF  33
*
0354:  MOVF   79,W
0355:  MOVWF  3D
0356:  MOVF   78,W
0357:  MOVWF  3C
0358:  CALL   21F
0359:  MOVF   7A,W
035A:  MOVWF  2C
035B:  MOVF   79,W
035C:  MOVWF  2B
035D:  MOVF   78,W
035E:  MOVWF  2A
035F:  MOVF   77,W
0360:  MOVWF  29
....................          condicion = (grados<=360 && grados>=0); 
0361:  BCF    31.0
0362:  MOVF   2C,W
0363:  MOVWF  3F
0364:  MOVF   2B,W
0365:  MOVWF  3E
0366:  MOVF   2A,W
0367:  MOVWF  3D
0368:  MOVF   29,W
0369:  MOVWF  3C
036A:  CLRF   43
036B:  CLRF   42
036C:  MOVLW  34
036D:  MOVWF  41
036E:  MOVLW  87
036F:  MOVWF  40
0370:  CALL   23C
0371:  BTFSC  03.0
0372:  GOTO   375
0373:  BTFSS  03.2
0374:  GOTO   386
0375:  CLRF   3F
0376:  CLRF   3E
0377:  CLRF   3D
0378:  CLRF   3C
0379:  MOVF   2C,W
037A:  MOVWF  43
037B:  MOVF   2B,W
037C:  MOVWF  42
037D:  MOVF   2A,W
037E:  MOVWF  41
037F:  MOVF   29,W
0380:  MOVWF  40
0381:  CALL   23C
0382:  BTFSC  03.0
0383:  GOTO   385
0384:  BTFSC  03.2
0385:  BSF    31.0
....................          if(condicion == 0) 
0386:  BTFSC  31.0
0387:  GOTO   396
....................          { 
....................             printf(lcd_putc,"\fNOT VALID"); 
0388:  MOVLW  45
0389:  BSF    03.6
038A:  MOVWF  0D
038B:  MOVLW  00
038C:  MOVWF  0F
038D:  BCF    03.6
038E:  CALL   125
....................             delay_ms(1000); 
038F:  MOVLW  04
0390:  MOVWF  32
0391:  MOVLW  FA
0392:  MOVWF  42
0393:  CALL   04E
0394:  DECFSZ 32,F
0395:  GOTO   391
....................          } 
....................       }while(condicion == 0); 
0396:  BTFSS  31.0
0397:  GOTO   27B
0398:  BCF    0A.3
0399:  BCF    0A.4
039A:  GOTO   786 (RETURN)
.................... } 
....................  
.................... void absoluto(){ 
....................    pasos_a_recorrer=abs(pasoanterior-grados)/.08; 
*
04DC:  BSF    03.1
04DD:  MOVF   27,W
04DE:  MOVWF  3F
04DF:  MOVF   26,W
04E0:  MOVWF  3E
04E1:  MOVF   25,W
04E2:  MOVWF  3D
04E3:  MOVF   24,W
04E4:  MOVWF  3C
04E5:  MOVF   2C,W
04E6:  MOVWF  43
04E7:  MOVF   2B,W
04E8:  MOVWF  42
04E9:  MOVF   2A,W
04EA:  MOVWF  41
04EB:  MOVF   29,W
04EC:  MOVWF  40
04ED:  CALL   39B
04EE:  MOVF   7A,W
04EF:  MOVWF  36
04F0:  MOVF   79,W
04F1:  MOVWF  35
04F2:  MOVF   78,W
04F3:  MOVWF  34
04F4:  MOVF   77,W
04F5:  MOVWF  33
04F6:  MOVF   33,W
04F7:  MOVWF  77
04F8:  MOVF   34,W
04F9:  MOVWF  78
04FA:  MOVF   35,W
04FB:  MOVWF  79
04FC:  MOVF   36,W
04FD:  MOVWF  7A
04FE:  BCF    78.7
04FF:  MOVF   7A,W
0500:  MOVWF  36
0501:  MOVF   79,W
0502:  MOVWF  35
0503:  MOVF   78,W
0504:  MOVWF  34
0505:  MOVF   77,W
0506:  MOVWF  33
0507:  MOVF   36,W
0508:  MOVWF  3A
0509:  MOVF   35,W
050A:  MOVWF  39
050B:  MOVF   34,W
050C:  MOVWF  38
050D:  MOVF   33,W
050E:  MOVWF  37
050F:  MOVLW  0A
0510:  MOVWF  3E
0511:  MOVLW  D7
0512:  MOVWF  3D
0513:  MOVLW  23
0514:  MOVWF  3C
0515:  MOVLW  7B
0516:  MOVWF  3B
*
05E0:  MOVF   7A,W
05E1:  MOVWF  36
05E2:  MOVF   79,W
05E3:  MOVWF  35
05E4:  MOVF   78,W
05E5:  MOVWF  34
05E6:  MOVF   77,W
05E7:  MOVWF  33
*
0606:  MOVF   79,W
0607:  MOVWF  2E
0608:  MOVF   78,W
0609:  MOVWF  2D
060A:  RETURN
.................... } 
....................  
....................  
....................  
.................... void updatePort(){ 
....................    output_d(pasos[index]); 
*
00E6:  MOVF   28,W
00E7:  CALL   020
00E8:  MOVWF  36
00E9:  BSF    03.5
00EA:  CLRF   08
00EB:  BCF    03.5
00EC:  MOVF   36,W
00ED:  MOVWF  08
00EE:  RETURN
.................... } 
....................  
.................... void incrementIndex(){ 
....................    if(index == 3){ 
*
070E:  MOVF   28,W
070F:  SUBLW  03
0710:  BTFSS  03.2
0711:  GOTO   714
....................       index = 0; 
0712:  CLRF   28
....................    }else{ 
0713:  GOTO   715
....................       index++; 
0714:  INCF   28,F
....................    } 
.................... } 
....................  
.................... void decrementIndex(){ 
....................    if(index == 0){ 
*
060B:  MOVF   28,F
060C:  BTFSS  03.2
060D:  GOTO   611
....................       index = 3; 
060E:  MOVLW  03
060F:  MOVWF  28
....................    }else{ 
0610:  GOTO   612
....................       index--; 
0611:  DECF   28,F
....................    } 
0612:  RETURN
.................... } 
.................... int1 rigth(){ 
....................    absoluto(); 
*
0701:  CALL   4DC
....................    for(int16 i = 0; i < pasos_a_recorrer; i++){ 
0702:  CLRF   32
0703:  CLRF   31
0704:  MOVF   32,W
0705:  SUBWF  2E,W
0706:  BTFSS  03.0
0707:  GOTO   72A
0708:  BTFSS  03.2
0709:  GOTO   70E
070A:  MOVF   2D,W
070B:  SUBWF  31,W
070C:  BTFSC  03.0
070D:  GOTO   72A
....................          incrementIndex(); 
....................          updatePort(); 
*
0715:  CALL   0E6
....................          delay_ms(100); 
0716:  MOVLW  64
0717:  MOVWF  42
0718:  CALL   04E
....................          origen=i; 
0719:  MOVF   32,W
071A:  MOVWF  30
071B:  MOVF   31,W
071C:  MOVWF  2F
....................          if(input(boton_paro)){ 
071D:  BSF    03.5
071E:  BSF    09.2
071F:  BCF    03.5
0720:  BTFSS  09.2
0721:  GOTO   726
....................          paro_emergencia(); 
0722:  CALL   613
....................          return 1; // 1 porque salió mal 
0723:  MOVLW  01
0724:  MOVWF  78
0725:  GOTO   734
....................       } 
0726:  INCF   31,F
0727:  BTFSC  03.2
0728:  INCF   32,F
0729:  GOTO   704
....................    } 
....................          pasoanterior=grados; 
072A:  MOVF   2C,W
072B:  MOVWF  27
072C:  MOVF   2B,W
072D:  MOVWF  26
072E:  MOVF   2A,W
072F:  MOVWF  25
0730:  MOVF   29,W
0731:  MOVWF  24
....................    return 0; 
0732:  MOVLW  00
0733:  MOVWF  78
0734:  BCF    0A.3
0735:  BCF    0A.4
0736:  GOTO   79A (RETURN)
.................... } 
....................  
.................... int1 left(){ 
....................    absoluto(); 
0737:  CALL   4DC
....................    for(int16 i = 0; i < pasos_a_recorrer; i++){ 
0738:  CLRF   32
0739:  CLRF   31
073A:  MOVF   32,W
073B:  SUBWF  2E,W
073C:  BTFSS  03.0
073D:  GOTO   75A
073E:  BTFSS  03.2
073F:  GOTO   744
0740:  MOVF   2D,W
0741:  SUBWF  31,W
0742:  BTFSC  03.0
0743:  GOTO   75A
....................          decrementIndex(); 
0744:  CALL   60B
....................          updatePort(); 
0745:  CALL   0E6
....................          delay_ms(100); 
0746:  MOVLW  64
0747:  MOVWF  42
0748:  CALL   04E
....................          origen=i; 
0749:  MOVF   32,W
074A:  MOVWF  30
074B:  MOVF   31,W
074C:  MOVWF  2F
....................          if(input(boton_paro)){ 
074D:  BSF    03.5
074E:  BSF    09.2
074F:  BCF    03.5
0750:  BTFSS  09.2
0751:  GOTO   756
....................          paro_emergencia(); 
0752:  CALL   613
....................          return 1; // 1 porque salió mal 
0753:  MOVLW  01
0754:  MOVWF  78
0755:  GOTO   764
....................       } 
0756:  INCF   31,F
0757:  BTFSC  03.2
0758:  INCF   32,F
0759:  GOTO   73A
....................    } 
....................          pasoanterior=grados; 
075A:  MOVF   2C,W
075B:  MOVWF  27
075C:  MOVF   2B,W
075D:  MOVWF  26
075E:  MOVF   2A,W
075F:  MOVWF  25
0760:  MOVF   29,W
0761:  MOVWF  24
....................           
....................           
....................    return 0; 
0762:  MOVLW  00
0763:  MOVWF  78
0764:  BCF    0A.3
0765:  BCF    0A.4
0766:  GOTO   79C (RETURN)
....................  
.................... } 
....................  
.................... void regresar(){ 
....................    pasos_a_recorrer=origen; 
*
0629:  MOVF   30,W
062A:  MOVWF  2E
062B:  MOVF   2F,W
062C:  MOVWF  2D
....................    for(int16 i = 0; i < pasos_a_recorrer+1+(pasoanterior*500); i++){ 
062D:  CLRF   35
062E:  CLRF   34
062F:  MOVLW  01
0630:  ADDWF  2D,W
0631:  MOVWF  36
0632:  MOVF   2E,W
0633:  MOVWF  37
0634:  BTFSC  03.0
0635:  INCF   37,F
0636:  MOVF   27,W
0637:  MOVWF  3B
0638:  MOVF   26,W
0639:  MOVWF  3A
063A:  MOVF   25,W
063B:  MOVWF  39
063C:  MOVF   24,W
063D:  MOVWF  38
063E:  CLRF   3F
063F:  CLRF   3E
0640:  MOVLW  7A
0641:  MOVWF  3D
0642:  MOVLW  87
0643:  MOVWF  3C
*
06B8:  MOVF   7A,W
06B9:  MOVWF  3B
06BA:  MOVF   79,W
06BB:  MOVWF  3A
06BC:  MOVF   78,W
06BD:  MOVWF  39
06BE:  MOVF   77,W
06BF:  MOVWF  38
06C0:  MOVF   37,W
06C1:  MOVWF  3D
06C2:  MOVF   36,W
06C3:  MOVWF  3C
06C4:  CALL   21F
06C5:  BCF    03.1
06C6:  MOVF   7A,W
06C7:  MOVWF  3F
06C8:  MOVF   79,W
06C9:  MOVWF  3E
06CA:  MOVF   78,W
06CB:  MOVWF  3D
06CC:  MOVF   77,W
06CD:  MOVWF  3C
06CE:  MOVF   3B,W
06CF:  MOVWF  43
06D0:  MOVF   3A,W
06D1:  MOVWF  42
06D2:  MOVF   39,W
06D3:  MOVWF  41
06D4:  MOVF   38,W
06D5:  MOVWF  40
06D6:  CALL   39B
06D7:  MOVF   7A,W
06D8:  MOVWF  39
06D9:  MOVF   79,W
06DA:  MOVWF  38
06DB:  MOVF   78,W
06DC:  MOVWF  37
06DD:  MOVF   77,W
06DE:  MOVWF  36
06DF:  MOVF   35,W
06E0:  MOVWF  3D
06E1:  MOVF   34,W
06E2:  MOVWF  3C
06E3:  CALL   21F
06E4:  MOVF   7A,W
06E5:  MOVWF  3F
06E6:  MOVF   79,W
06E7:  MOVWF  3E
06E8:  MOVF   78,W
06E9:  MOVWF  3D
06EA:  MOVF   77,W
06EB:  MOVWF  3C
06EC:  MOVF   39,W
06ED:  MOVWF  43
06EE:  MOVF   38,W
06EF:  MOVWF  42
06F0:  MOVF   37,W
06F1:  MOVWF  41
06F2:  MOVF   36,W
06F3:  MOVWF  40
06F4:  CALL   23C
06F5:  BTFSS  03.0
06F6:  GOTO   700
....................          decrementIndex(); 
06F7:  CALL   60B
....................          updatePort(); 
06F8:  CALL   0E6
....................          delay_ms(50); 
06F9:  MOVLW  32
06FA:  MOVWF  42
06FB:  CALL   04E
06FC:  INCF   34,F
06FD:  BTFSC  03.2
06FE:  INCF   35,F
06FF:  GOTO   62F
....................       } 
.................... } 
....................  
.................... void main(){ 
*
0767:  MOVF   03,W
0768:  ANDLW  1F
0769:  MOVWF  03
076A:  CLRF   27
076B:  CLRF   26
076C:  CLRF   25
076D:  CLRF   24
076E:  CLRF   28
076F:  BSF    03.5
0770:  BSF    1F.0
0771:  BSF    1F.1
0772:  BSF    1F.2
0773:  BCF    1F.3
0774:  MOVLW  07
0775:  MOVWF  1C
0776:  BCF    03.7
....................    port_b_pullups(1); 
*
077C:  BSF    03.5
077D:  BCF    01.7
....................    kbd_init(); //Inicializar teclado 
077E:  BCF    03.5
077F:  GOTO   04B
....................    lcd_init(); //Inicializar pantalla 
0780:  GOTO   0B6
....................     
....................    updatePort(); 
0781:  CALL   0E6
....................    delay_ms(50); 
0782:  MOVLW  32
0783:  MOVWF  42
0784:  CALL   04E
....................     
....................    while(TRUE){ 
....................        
....................             PreguntarDato(); 
0785:  GOTO   27B
....................             if(grados>pasoanterior){ 
0786:  MOVF   27,W
0787:  MOVWF  3F
0788:  MOVF   26,W
0789:  MOVWF  3E
078A:  MOVF   25,W
078B:  MOVWF  3D
078C:  MOVF   24,W
078D:  MOVWF  3C
078E:  MOVF   2C,W
078F:  MOVWF  43
0790:  MOVF   2B,W
0791:  MOVWF  42
0792:  MOVF   2A,W
0793:  MOVWF  41
0794:  MOVF   29,W
0795:  MOVWF  40
0796:  CALL   23C
0797:  BTFSS  03.0
0798:  GOTO   79B
....................                rigth(); 
0799:  GOTO   701
....................             } 
079A:  GOTO   79C
....................             else{ 
....................                left(); 
079B:  GOTO   737
....................             } 
079C:  GOTO   785
....................       } 
.................... } 
079D:  SLEEP

Configuration Fuses:
   Word  1: 3F32   HS NOWDT PUT NOBROWNOUT NOLVP NOCPD NOWRT NODEBUG NOPROTECT
