
ROM used:   1527/8192 (19%)
            1527/8192 (19%) including unused fragments

            1.1 Average locations per line
            8.0 Average locations per statement

RAM used:   12/368 (3%) at main() level
            46/368 (12%) worst case

Stack used: 5 worst case (5 in main + 0 for interrupts)
Stack size: 8

Lines Stmts  %   Files
----- ----- ---  -----
   64    24  12  servo.c
  672     0   0  ..\..\..\..\..\..\..\..\Program Files (x86)\PICC\Devices\16F877a.h
  344    67  35  ..\..\..\..\..\..\..\..\Program Files (x86)\PICC\Drivers\lcd_c.c
  150    43  22  ..\..\..\..\..\..\..\..\Program Files (x86)\PICC\Drivers\kbd4x4_d.c
   99    58  30  ..\..\..\..\..\..\..\..\Program Files (x86)\PICC\Drivers\getNum16.c
----- -----
 1329   192 Total

Page ROM  %  RAM    Vol Diff  Functions:
---- --- --- ---    --- ----  ----------
0     20   1    1             @delay_ms1
0     15   1    1             @delay_us1
0      8   1    0             @const631
 Inline         3    587  6.0  lcd_read_byte
0      6   0    0     59  4.2  lcd_read_nibble
0     17   1    1    172  3.4  lcd_send_nibble
0     61   4    3    317  4.3  lcd_send_byte
0     48   3    2    624  5.8  lcd_init
0     18   1    4    186  5.5  lcd_gotoxy
0     36   2    1    272  4.1  lcd_putc
0     20   1    0             @const656
0      3   0    0      3  0.0  kbd_init
0    105   7    3   5853 10.1  kbd_getc
0      8   1    0             @goto10645
 Inline         6    155  5.0  pow
0     42   3   13             @MUL3232
 Inline         1     90  3.1  read_key
 Inline         5   1660 12.1  get_num_lcd
0      3   0    0             @const688
0     86   6    4             @PSTRINGC7_649
0     29   2    2             @ITOF
0    117   8   13             @MULFF
0    321  21   16             @ADDFF
0     31   2    4             @SFTOI
0    224  15   10    341  5.2  mover_servo
0    250  16    2    283  5.3  PreguntarDato
0      9   1    0             @const716
0      6   0    0             @const717
0     40   3    1    129  1.7  MAIN
 Inline         0             @cinit1

Program metrics:
    Functions               15
    Statements              192
    Comments                242
    Volume (V)              15251
    Difficulty (D)          75.4
    Effort to implement (E) 1150405
    Time to implement (T)   17 hours, 45 minutes
    Est Delivered Bugs (B)  4
    Cyclomatic Complexity   31
    Maintainability (MI)    90

 Segment     Used  Free
-----------  ----  ----
00000-00003     4  0  
00004-007FF  1523  521  
00800-00FFF     0  2048  
01000-017FF     0  2048  
01800-01FFF     0  2048  



