
ROM used:   240/8192 (3%)
            240/8192 (3%) including unused fragments

            0.2 Average locations per line
            1.3 Average locations per statement

RAM used:   19/368 (5%) at main() level
            25/368 (7%) worst case

Stack used: 1 worst case (1 in main + 0 for interrupts)
Stack size: 8

Lines Stmts  %   Files
----- ----- ---  -----
   49    15   8  bobina.c
  672     0   0  ..\..\..\..\..\..\..\..\Program Files (x86)\PICC\Devices\16F877a.h
  344    67  37  ..\..\..\..\..\..\..\..\Program Files (x86)\PICC\Drivers\lcd_c.c
  150    43  23  ..\..\..\..\..\..\..\..\Program Files (x86)\PICC\Drivers\kbd4x4_b.c
   99    58  32  ..\..\..\..\..\..\..\..\Program Files (x86)\PICC\Drivers\getNum16.c
----- -----
 1314   183 Total

Page ROM  %  RAM    Vol Diff  Functions:
---- --- --- ---    --- ----  ----------
0     20   8    1             @delay_ms1
0      8   3    0             @const631
 Inline         3    587  6.0  lcd_read_byte
0      6   2    0     59  4.2  lcd_read_nibble
0     17   7    1    172  3.4  lcd_send_nibble
 Inline         3    317  4.3  lcd_send_byte
0    107  45    2    624  5.8  lcd_init
0      3   1    0      3  0.0  kbd_init
0      3   1    0             @const688
0     14   6    1     24  1.5  updatePort
0     10   4    0     66  2.9  incrementIndex
0     48  20    1    123  1.7  MAIN
 Inline         0    283  5.3  @cinit1

Program metrics:
    Functions               10
    Statements              183
    Comments                235
    Volume (V)              3509
    Difficulty (D)          36.4
    Effort to implement (E) 127604
    Time to implement (T)   1 hours, 58 minutes
    Est Delivered Bugs (B)  1
    Cyclomatic Complexity   5
    Maintainability (MI)    140

 Segment     Used  Free
-----------  ----  ----
00000-00003     4  0  
00004-007FF   236  1808  
00800-00FFF     0  2048  
01000-017FF     0  2048  
01800-01FFF     0  2048  



