CCS PCM C Compiler, Version 5.025, 63300               06-mar.-23 10:42

               Filename:   C:\Users\luist\OneDrive\Escritorio\8VO\MICRO\PROGRAMAS\PRACTICA3\PRACTICA3.lst

               ROM used:   1712 words (21%)
                           Largest free fragment is 2048
               RAM used:   21 (6%) at main() level
                           56 (15%) worst case
               Stack used: 7 locations
               Stack size: 8

*
0000:  MOVLW  06
0001:  MOVWF  0A
0002:  GOTO   659
0003:  NOP
.................... #include <16F877a.h> 
.................... //////////// Standard Header file for the PIC16F877A device //////////////// 
.................... /////////////////////////////////////////////////////////////////////////// 
.................... ////        (C) Copyright 1996, 2013 Custom Computer Services          //// 
.................... //// This source code may only be used by licensed users of the CCS C  //// 
.................... //// compiler.  This source code may only be distributed to other      //// 
.................... //// licensed users of the CCS C compiler.  No other use, reproduction //// 
.................... //// or distribution is permitted without written permission.          //// 
.................... //// Derivative programs created using this software in object code    //// 
.................... //// form are not restricted in any way.                               //// 
.................... /////////////////////////////////////////////////////////////////////////// 
.................... #device PIC16F877A 
0004:  BCF    0A.0
0005:  BCF    0A.1
0006:  BCF    0A.2
0007:  ADDWF  02,F
0008:  RETLW  28
0009:  RETLW  0C
000A:  RETLW  01
000B:  RETLW  06
000C:  BCF    0A.0
000D:  BCF    0A.1
000E:  BCF    0A.2
000F:  ADDWF  02,F
0010:  RETLW  37
0011:  RETLW  38
0012:  RETLW  39
0013:  RETLW  2F
0014:  RETLW  34
0015:  RETLW  35
0016:  RETLW  36
0017:  RETLW  2A
0018:  RETLW  31
0019:  RETLW  32
001A:  RETLW  33
001B:  RETLW  2D
001C:  RETLW  43
001D:  RETLW  30
001E:  RETLW  3D
001F:  RETLW  2B
0020:  DATA 20,10
0021:  DATA 20,10
0022:  DATA 20,00
0023:  DATA 8C,24
0024:  DATA 47,29
0025:  DATA C5,29
0026:  DATA 41,10
0027:  DATA C4,20
0028:  DATA D4,27
0029:  DATA 3A,10
002A:  DATA 00,01
002B:  DATA 0C,27
002C:  DATA 4F,2A
002D:  DATA 20,2B
002E:  DATA 41,26
002F:  DATA 49,22
0030:  DATA 00,00
0031:  DATA 8C,24
0032:  DATA 47,29
0033:  DATA C5,29
0034:  DATA 41,10
0035:  DATA D3,22
0036:  DATA C7,2A
0037:  DATA 4E,22
0038:  DATA CF,29
0039:  DATA 3A,10
003A:  DATA 00,01
003B:  DATA 0C,27
003C:  DATA 4F,2A
003D:  DATA 20,2B
003E:  DATA 41,26
003F:  DATA 49,22
0040:  DATA 00,00
0041:  DATA 8C,24
0042:  DATA D4,22
0043:  DATA D2,20
0044:  DATA C3,24
0045:  DATA 4F,27
0046:  DATA C5,29
0047:  DATA 3A,10
0048:  DATA 00,01
0049:  DATA 0C,27
004A:  DATA 4F,2A
004B:  DATA 20,2B
004C:  DATA 41,26
004D:  DATA 49,22
004E:  DATA 00,00
004F:  DATA 0C,29
0050:  DATA 55,2A
0051:  DATA 49,27
0052:  DATA 41,10
0053:  DATA 32,00
0054:  DATA 0C,29
0055:  DATA 55,2A
0056:  DATA 49,27
0057:  DATA 41,10
0058:  DATA C3,27
0059:  DATA 4D,28
005A:  DATA CC,22
005B:  DATA D4,20
005C:  DATA 00,00
005D:  DATA 0C,29
005E:  DATA 55,2A
005F:  DATA 49,27
0060:  DATA 41,10
0061:  DATA C3,27
0062:  DATA 4D,28
0063:  DATA CC,22
0064:  DATA D4,20
0065:  DATA 00,00
0066:  DATA 0C,29
0067:  DATA 55,2A
0068:  DATA 49,27
0069:  DATA 41,10
006A:  DATA C3,27
006B:  DATA 4D,28
006C:  DATA CC,22
006D:  DATA D4,20
006E:  DATA 00,00
006F:  DATA 0C,29
0070:  DATA 55,2A
0071:  DATA 49,27
0072:  DATA 41,10
0073:  DATA C3,27
0074:  DATA 4D,28
0075:  DATA CC,22
0076:  DATA D4,20
0077:  DATA 00,00
0078:  DATA 0C,28
0079:  DATA 41,29
007A:  DATA 4F,10
007B:  DATA C4,22
007C:  DATA A0,22
007D:  DATA CD,22
007E:  DATA D2,23
007F:  DATA 00,01
0080:  DATA 0C,28
0081:  DATA D2,22
0082:  DATA D3,24
0083:  DATA 4F,27
0084:  DATA 41,29
0085:  DATA 20,2A
0086:  DATA C5,21
0087:  DATA CC,20
0088:  DATA 00,01
0089:  DATA 0C,29
008A:  DATA 55,2A
008B:  DATA 49,27
008C:  DATA 41,10
008D:  DATA 25,36
008E:  DATA 75,10
008F:  DATA 0A,29
0090:  DATA 45,28
0091:  DATA BA,12
0092:  DATA EC,3A
0093:  DATA A0,29
0094:  DATA C5,23
0095:  DATA BA,12
0096:  DATA EC,3A
0097:  DATA 00,00
*
0172:  MOVF   0B,W
0173:  MOVWF  3D
0174:  BCF    0B.7
0175:  BSF    03.5
0176:  BSF    03.6
0177:  BSF    0C.7
0178:  BSF    0C.0
0179:  NOP
017A:  NOP
017B:  BCF    03.5
017C:  BCF    03.6
017D:  BTFSC  3D.7
017E:  BSF    0B.7
017F:  BSF    03.6
0180:  MOVF   0C,W
0181:  ANDLW  7F
0182:  BTFSC  03.2
0183:  GOTO   1C6
0184:  BCF    03.6
0185:  MOVWF  3D
0186:  BSF    03.6
0187:  MOVF   0D,W
0188:  BCF    03.6
0189:  MOVWF  3E
018A:  BSF    03.6
018B:  MOVF   0F,W
018C:  BCF    03.6
018D:  MOVWF  3F
018E:  MOVF   3D,W
018F:  MOVWF  40
0190:  CALL   14E
0191:  MOVF   3E,W
0192:  BSF    03.6
0193:  MOVWF  0D
0194:  BCF    03.6
0195:  MOVF   3F,W
0196:  BSF    03.6
0197:  MOVWF  0F
0198:  BCF    03.6
0199:  MOVF   0B,W
019A:  MOVWF  40
019B:  BCF    0B.7
019C:  BSF    03.5
019D:  BSF    03.6
019E:  BSF    0C.7
019F:  BSF    0C.0
01A0:  NOP
01A1:  NOP
01A2:  BCF    03.5
01A3:  BCF    03.6
01A4:  BTFSC  40.7
01A5:  BSF    0B.7
01A6:  BSF    03.6
01A7:  RLF    0C,W
01A8:  RLF    0E,W
01A9:  ANDLW  7F
01AA:  BTFSC  03.2
01AB:  GOTO   1C6
01AC:  BCF    03.6
01AD:  MOVWF  3D
01AE:  BSF    03.6
01AF:  MOVF   0D,W
01B0:  BCF    03.6
01B1:  MOVWF  3E
01B2:  BSF    03.6
01B3:  MOVF   0F,W
01B4:  BCF    03.6
01B5:  MOVWF  3F
01B6:  MOVF   3D,W
01B7:  MOVWF  40
01B8:  CALL   14E
01B9:  MOVF   3E,W
01BA:  BSF    03.6
01BB:  MOVWF  0D
01BC:  BCF    03.6
01BD:  MOVF   3F,W
01BE:  BSF    03.6
01BF:  MOVWF  0F
01C0:  INCF   0D,F
01C1:  BTFSC  03.2
01C2:  INCF   0F,F
01C3:  BCF    03.6
01C4:  GOTO   172
01C5:  BSF    03.6
01C6:  BCF    03.6
01C7:  RETURN
*
0231:  BCF    0A.0
0232:  BSF    0A.1
0233:  BCF    0A.2
0234:  ADDWF  02,F
0235:  GOTO   1D4
0236:  GOTO   1DA
0237:  GOTO   1E0
0238:  GOTO   1E6
*
0242:  MOVLW  20
0243:  MOVWF  52
0244:  CLRF   4E
0245:  CLRF   4F
0246:  CLRF   50
0247:  CLRF   51
0248:  MOVF   49,W
0249:  MOVWF  7A
024A:  MOVF   48,W
024B:  MOVWF  79
024C:  MOVF   47,W
024D:  MOVWF  78
024E:  MOVF   46,W
024F:  MOVWF  77
0250:  BCF    03.0
0251:  BTFSS  77.0
0252:  GOTO   261
0253:  MOVF   4A,W
0254:  ADDWF  4E,F
0255:  MOVF   4B,W
0256:  BTFSC  03.0
0257:  INCFSZ 4B,W
0258:  ADDWF  4F,F
0259:  MOVF   4C,W
025A:  BTFSC  03.0
025B:  INCFSZ 4C,W
025C:  ADDWF  50,F
025D:  MOVF   4D,W
025E:  BTFSC  03.0
025F:  INCFSZ 4D,W
0260:  ADDWF  51,F
0261:  RRF    51,F
0262:  RRF    50,F
0263:  RRF    4F,F
0264:  RRF    4E,F
0265:  RRF    7A,F
0266:  RRF    79,F
0267:  RRF    78,F
0268:  RRF    77,F
0269:  DECFSZ 52,F
026A:  GOTO   250
026B:  RETURN
*
0387:  MOVF   0B,W
0388:  MOVWF  37
0389:  BCF    0B.7
038A:  BSF    03.5
038B:  BSF    03.6
038C:  BSF    0C.7
038D:  BSF    0C.0
038E:  NOP
038F:  NOP
0390:  BCF    03.5
0391:  BCF    03.6
0392:  BTFSC  37.7
0393:  BSF    0B.7
0394:  BTFSC  03.0
0395:  GOTO   3BE
0396:  BSF    03.6
0397:  MOVF   0C,W
0398:  ANDLW  7F
0399:  BCF    03.6
039A:  MOVWF  37
039B:  BSF    03.6
039C:  MOVF   0D,W
039D:  BCF    03.6
039E:  MOVWF  38
039F:  BSF    03.6
03A0:  MOVF   0F,W
03A1:  BCF    03.6
03A2:  MOVWF  39
03A3:  MOVF   37,W
03A4:  MOVWF  40
03A5:  CALL   14E
03A6:  MOVF   38,W
03A7:  BSF    03.6
03A8:  MOVWF  0D
03A9:  BCF    03.6
03AA:  MOVF   39,W
03AB:  BSF    03.6
03AC:  MOVWF  0F
03AD:  BCF    03.6
03AE:  MOVF   0B,W
03AF:  MOVWF  3A
03B0:  BCF    0B.7
03B1:  BSF    03.5
03B2:  BSF    03.6
03B3:  BSF    0C.7
03B4:  BSF    0C.0
03B5:  NOP
03B6:  NOP
03B7:  BCF    03.5
03B8:  BCF    03.6
03B9:  BTFSC  3A.7
03BA:  BSF    0B.7
03BB:  DECFSZ 36,F
03BC:  GOTO   3BE
03BD:  GOTO   3DD
03BE:  BSF    03.6
03BF:  RLF    0C,W
03C0:  RLF    0E,W
03C1:  ANDLW  7F
03C2:  BCF    03.6
03C3:  MOVWF  37
03C4:  BSF    03.6
03C5:  MOVF   0D,W
03C6:  BCF    03.6
03C7:  MOVWF  38
03C8:  BSF    03.6
03C9:  MOVF   0F,W
03CA:  BCF    03.6
03CB:  MOVWF  39
03CC:  MOVF   37,W
03CD:  MOVWF  40
03CE:  CALL   14E
03CF:  MOVF   38,W
03D0:  BSF    03.6
03D1:  MOVWF  0D
03D2:  BCF    03.6
03D3:  MOVF   39,W
03D4:  BSF    03.6
03D5:  MOVWF  0F
03D6:  INCF   0D,F
03D7:  BTFSC  03.2
03D8:  INCF   0F,F
03D9:  BCF    03.0
03DA:  BCF    03.6
03DB:  DECFSZ 36,F
03DC:  GOTO   387
03DD:  RETURN
03DE:  CLRF   3E
03DF:  MOVF   04,W
03E0:  MOVWF  3D
03E1:  BCF    3E.0
03E2:  BTFSC  03.7
03E3:  BSF    3E.0
03E4:  SWAPF  37,W
03E5:  IORLW  F0
03E6:  MOVWF  39
03E7:  ADDWF  39,F
03E8:  ADDLW  E2
03E9:  MOVWF  3A
03EA:  ADDLW  32
03EB:  MOVWF  3C
03EC:  MOVF   37,W
03ED:  ANDLW  0F
03EE:  ADDWF  3A,F
03EF:  ADDWF  3A,F
03F0:  ADDWF  3C,F
03F1:  ADDLW  E9
03F2:  MOVWF  3B
03F3:  ADDWF  3B,F
03F4:  ADDWF  3B,F
03F5:  SWAPF  36,W
03F6:  ANDLW  0F
03F7:  ADDWF  3B,F
03F8:  ADDWF  3C,F
03F9:  RLF    3B,F
03FA:  RLF    3C,F
03FB:  COMF   3C,F
03FC:  RLF    3C,F
03FD:  MOVF   36,W
03FE:  ANDLW  0F
03FF:  ADDWF  3C,F
0400:  RLF    39,F
0401:  MOVLW  07
0402:  MOVWF  38
0403:  MOVLW  0A
0404:  ADDWF  3C,F
0405:  DECF   3B,F
0406:  BTFSS  03.0
0407:  GOTO   404
0408:  ADDWF  3B,F
0409:  DECF   3A,F
040A:  BTFSS  03.0
040B:  GOTO   408
040C:  ADDWF  3A,F
040D:  DECF   39,F
040E:  BTFSS  03.0
040F:  GOTO   40C
0410:  ADDWF  39,F
0411:  DECF   38,F
0412:  BTFSS  03.0
0413:  GOTO   410
0414:  MOVLW  38
0415:  MOVWF  04
0416:  BCF    03.7
0417:  MOVLW  07
0418:  ANDWF  3D,W
0419:  BCF    3D.6
041A:  ADDWF  04,F
041B:  MOVLW  3C
041C:  SUBWF  04,W
041D:  BTFSC  03.2
041E:  BSF    3D.6
041F:  MOVF   00,W
0420:  MOVWF  77
0421:  BTFSS  03.2
0422:  GOTO   42B
0423:  BTFSC  3D.6
0424:  GOTO   42B
0425:  BTFSC  3D.4
0426:  GOTO   43D
0427:  BTFSC  3D.3
0428:  GOTO   42B
0429:  MOVLW  20
042A:  GOTO   42E
042B:  BSF    3D.3
042C:  BCF    3D.4
042D:  MOVLW  30
042E:  ADDWF  77,F
042F:  CLRF   37
0430:  MOVF   04,W
0431:  MOVWF  36
0432:  BCF    37.0
0433:  BTFSC  03.7
0434:  BSF    37.0
0435:  MOVF   77,W
0436:  MOVWF  40
0437:  CALL   14E
0438:  MOVF   36,W
0439:  MOVWF  04
043A:  BCF    03.7
043B:  BTFSC  37.0
043C:  BSF    03.7
043D:  INCF   04,F
043E:  BTFSS  3D.6
043F:  GOTO   41B
0440:  RETURN
*
044C:  MOVLW  10
044D:  MOVWF  3A
044E:  CLRF   77
044F:  CLRF   7A
0450:  RRF    37,F
0451:  RRF    36,F
0452:  BTFSS  03.0
0453:  GOTO   45A
0454:  MOVF   38,W
0455:  ADDWF  77,F
0456:  BTFSC  03.0
0457:  INCF   7A,F
0458:  MOVF   39,W
0459:  ADDWF  7A,F
045A:  RRF    7A,F
045B:  RRF    77,F
045C:  RRF    79,F
045D:  RRF    78,F
045E:  DECFSZ 3A,F
045F:  GOTO   450
*
0473:  CLRF   78
0474:  CLRF   79
0475:  CLRF   77
0476:  CLRF   7A
0477:  MOVF   39,W
0478:  BTFSS  03.2
0479:  GOTO   47D
047A:  MOVF   38,W
047B:  BTFSC  03.2
047C:  GOTO   497
047D:  MOVLW  10
047E:  MOVWF  3A
047F:  BCF    03.0
0480:  RLF    36,F
0481:  RLF    37,F
0482:  RLF    77,F
0483:  RLF    7A,F
0484:  MOVF   39,W
0485:  SUBWF  7A,W
0486:  BTFSS  03.2
0487:  GOTO   48A
0488:  MOVF   38,W
0489:  SUBWF  77,W
048A:  BTFSS  03.0
048B:  GOTO   493
048C:  MOVF   38,W
048D:  SUBWF  77,F
048E:  BTFSS  03.0
048F:  DECF   7A,F
0490:  MOVF   39,W
0491:  SUBWF  7A,F
0492:  BSF    03.0
0493:  RLF    78,F
0494:  RLF    79,F
0495:  DECFSZ 3A,F
0496:  GOTO   47F
....................  
.................... #list 
....................  
.................... #device ADC = 10 
.................... #use delay(crystal = 20000000) 
*
0098:  MOVLW  41
0099:  MOVWF  04
009A:  BCF    03.7
009B:  MOVF   00,W
009C:  BTFSC  03.2
009D:  GOTO   0AB
009E:  MOVLW  06
009F:  MOVWF  78
00A0:  CLRF   77
00A1:  DECFSZ 77,F
00A2:  GOTO   0A1
00A3:  DECFSZ 78,F
00A4:  GOTO   0A0
00A5:  MOVLW  7B
00A6:  MOVWF  77
00A7:  DECFSZ 77,F
00A8:  GOTO   0A7
00A9:  DECFSZ 00,F
00AA:  GOTO   09E
00AB:  RETURN
.................... #FUSES NOWDT, NOBROWNOUT, NOLVP, HS 
....................  
.................... #include <lcd_c.c> 
.................... /////////////////////////////////////////////////////////////////////////////// 
.................... ////                             LCD.C                                     //// 
.................... ////                 Driver for common LCD modules                         //// 
.................... ////                                                                       //// 
.................... ////  lcd_init()   Must be called before any other function.               //// 
.................... ////                                                                       //// 
.................... ////  lcd_putc(c)  Will display c on the next position of the LCD.         //// 
.................... ////                     The following have special meaning:               //// 
.................... ////                      \f  Clear display                                //// 
.................... ////                      \n  Go to start of second line                   //// 
.................... ////                      \b  Move back one position                       //// 
.................... ////                                                                       //// 
.................... ////  lcd_gotoxy(x,y) Set write position on LCD (upper left is 1,1)        //// 
.................... ////                                                                       //// 
.................... ////  lcd_getc(x,y)   Returns character at position x,y on LCD             //// 
.................... ////                                                                       //// 
.................... ////  CONFIGURATION                                                        //// 
.................... ////  The LCD can be configured in one of two ways: a.) port access or     //// 
.................... ////  b.) pin access.  Port access requires the entire 7 bit interface     //// 
.................... ////  connected to one GPIO port, and the data bits (D4:D7 of the LCD)     //// 
.................... ////  connected to sequential pins on the GPIO.  Pin access                //// 
.................... ////  has no requirements, all 7 bits of the control interface can         //// 
.................... ////  can be connected to any GPIO using several ports.                    //// 
.................... ////                                                                       //// 
.................... ////  To use port access, #define LCD_DATA_PORT to the SFR location of     //// 
.................... ////  of the GPIO port that holds the interface, -AND- edit LCD_PIN_MAP    //// 
.................... ////  of this file to configure the pin order.  If you are using a         //// 
.................... ////  baseline PIC (PCB), then LCD_OUTPUT_MAP and LCD_INPUT_MAP also must  //// 
.................... ////  be defined.                                                          //// 
.................... ////                                                                       //// 
.................... ////  Example of port access:                                              //// 
.................... ////     #define LCD_DATA_PORT getenv("SFR:PORTD")                         //// 
.................... ////                                                                       //// 
.................... ////  To use pin access, the following pins must be defined:               //// 
.................... ////     LCD_ENABLE_PIN                                                    //// 
.................... ////     LCD_RS_PIN                                                        //// 
.................... ////     LCD_RW_PIN                                                        //// 
.................... ////     LCD_DATA4                                                         //// 
.................... ////     LCD_DATA5                                                         //// 
.................... ////     LCD_DATA6                                                         //// 
.................... ////     LCD_DATA7                                                         //// 
.................... ////                                                                       //// 
.................... ////  Example of pin access:                                               //// 
.................... ////     #define LCD_ENABLE_PIN  PIN_E0                                    //// 
.................... ////     #define LCD_RS_PIN      PIN_E1                                    //// 
.................... ////     #define LCD_RW_PIN      PIN_E2                                    //// 
.................... ////     #define LCD_DATA4       PIN_D4                                    //// 
.................... ////     #define LCD_DATA5       PIN_D5                                    //// 
.................... ////     #define LCD_DATA6       PIN_D6                                    //// 
.................... ////     #define LCD_DATA7       PIN_D7                                    //// 
.................... ////                                                                       //// 
.................... /////////////////////////////////////////////////////////////////////////////// 
.................... ////        (C) Copyright 1996,2009 Custom Computer Services           //// 
.................... //// This source code may only be used by licensed users of the CCS C  //// 
.................... //// compiler.  This source code may only be distributed to other      //// 
.................... //// licensed users of the CCS C compiler.  No other use, reproduction //// 
.................... //// or distribution is permitted without written permission.          //// 
.................... //// Derivative programs created using this software in object code    //// 
.................... //// form are not restricted in any way.                               //// 
.................... /////////////////////////////////////////////////////////////////////////// 
....................  
.................... #define LCD_DATA_PORT      0x07     //portc    LA PUSE YO  
....................  
.................... typedef struct   
.................... {                            // This structure is overlayed 
....................    BOOLEAN enable;           // on to an I/O port to gain 
....................    BOOLEAN rs;               // access to the LCD pins. 
....................    BOOLEAN rw;               // The bits are allocated from 
....................    BOOLEAN unused;           // low order up.  ENABLE will 
....................    int     data : 4;         // be LSB pin of that port. 
....................   #if defined(__PCD__)       // The port used will be LCD_DATA_PORT. 
....................    int    reserved: 8; 
....................   #endif 
.................... } LCD_PIN_MAP; 
....................  
.................... #define use_portb_lcd TRUE 
....................  
.................... #if defined(__PCB__) 
....................    // these definitions only need to be modified for baseline PICs. 
....................    // all other PICs use LCD_PIN_MAP or individual LCD_xxx pin definitions. 
.................... /*                                    EN, RS,   RW,   UNUSED,  DATA  */ 
....................  const LCD_PIN_MAP LCD_OUTPUT_MAP =  {0,  0,    0,    0,       0}; 
....................  const LCD_PIN_MAP LCD_INPUT_MAP =   {0,  0,    0,    0,       0xF}; 
.................... #endif 
....................  
....................  
....................  
.................... ////////////////////// END CONFIGURATION /////////////////////////////////// 
....................  
.................... #ifndef LCD_ENABLE_PIN 
....................    #define lcd_output_enable(x) lcdlat.enable=x 
....................    #define lcd_enable_tris()   lcdtris.enable=0 
.................... #else 
....................    #define lcd_output_enable(x) output_bit(LCD_ENABLE_PIN, x) 
....................    #define lcd_enable_tris()  output_drive(LCD_ENABLE_PIN) 
.................... #endif 
....................  
.................... #ifndef LCD_RS_PIN 
....................    #define lcd_output_rs(x) lcdlat.rs=x 
....................    #define lcd_rs_tris()   lcdtris.rs=0 
.................... #else 
....................    #define lcd_output_rs(x) output_bit(LCD_RS_PIN, x) 
....................    #define lcd_rs_tris()  output_drive(LCD_RS_PIN) 
.................... #endif 
....................  
.................... #ifndef LCD_RW_PIN 
....................    #define lcd_output_rw(x) lcdlat.rw=x 
....................    #define lcd_rw_tris()   lcdtris.rw=0 
.................... #else 
....................    #define lcd_output_rw(x) output_bit(LCD_RW_PIN, x) 
....................    #define lcd_rw_tris()  output_drive(LCD_RW_PIN) 
.................... #endif 
....................  
.................... #ifndef LCD_DATA_PORT 
....................    #if defined(__PCB__) 
....................       #define LCD_DATA_PORT      0x06     //portb 
....................       #define set_tris_lcd(x)   set_tris_b(x) 
....................    #elif defined(__PCM__) 
....................       #define LCD_DATA_PORT      getenv("SFR:PORTD")     //portd 
....................    #elif defined(__PCH__) 
....................       #define LCD_DATA_PORT      getenv("SFR:PORTD")    //portd 
....................    #elif defined(__PCD__) 
....................       #define LCD_DATA_PORT      getenv("SFR:PORTD")    //portd 
....................    #endif    
.................... #endif 
....................  
.................... #if defined(__PCB__) 
....................    LCD_PIN_MAP lcd, lcdlat; 
....................    #byte lcd = LCD_DATA_PORT 
....................    #byte lcdlat = LCD_DATA_PORT 
.................... #elif defined(__PCM__) 
....................    LCD_PIN_MAP lcd, lcdlat, lcdtris; 
....................    #byte lcd = LCD_DATA_PORT 
....................    #byte lcdlat = LCD_DATA_PORT 
....................    #byte lcdtris = LCD_DATA_PORT+0x80 
.................... #elif defined(__PCH__) 
....................    LCD_PIN_MAP lcd, lcdlat, lcdtris; 
....................    #byte lcd = LCD_DATA_PORT 
....................    #byte lcdlat = LCD_DATA_PORT+9 
....................    #byte lcdtris = LCD_DATA_PORT+0x12 
.................... #elif defined(__PCD__) 
....................    LCD_PIN_MAP lcd, lcdlat, lcdtris; 
....................    #word lcd = LCD_DATA_PORT 
....................    #word lcdlat = LCD_DATA_PORT+2 
....................    #word lcdtris = LCD_DATA_PORT-0x02 
.................... #endif 
....................  
.................... #ifndef LCD_TYPE 
....................    #define LCD_TYPE 2           // 0=5x7, 1=5x10, 2=2 lines 
.................... #endif 
....................  
.................... #ifndef LCD_LINE_TWO 
....................    #define LCD_LINE_TWO 0x40    // LCD RAM address for the second line 
.................... #endif 
....................  
.................... BYTE const LCD_INIT_STRING[4] = {0x20 | (lcd_type << 2), 0xc, 1, 6}; 
....................                              // These bytes need to be sent to the LCD 
....................                              // to start it up. 
....................  
.................... // original version of this library incorrectly labeled LCD_DATA0 as LCD_DATA4, 
.................... // LCD_DATA1 as LCD_DATA5, and so on.  this block of code makes the driver 
.................... // compatible with any code written for the original library 
.................... #if (defined(LCD_DATA0) && defined(LCD_DATA1) && defined(LCD_DATA2) && defined(LCD_DATA3) && !defined(LCD_DATA4) && !defined(LCD_DATA5) && !defined(LCD_DATA6) && !defined(LCD_DATA7)) 
....................    #define  LCD_DATA4    LCD_DATA0 
....................    #define  LCD_DATA5    LCD_DATA1 
....................    #define  LCD_DATA6    LCD_DATA2 
....................    #define  LCD_DATA7    LCD_DATA3 
.................... #endif 
....................  
.................... BYTE lcd_read_nibble(void); 
....................  
.................... BYTE lcd_read_byte(void) 
.................... { 
....................    BYTE low,high; 
....................  
....................  #if defined(__PCB__) 
....................    set_tris_lcd(LCD_INPUT_MAP); 
....................  #else 
....................   #if (defined(LCD_DATA4) && defined(LCD_DATA5) && defined(LCD_DATA6) && defined(LCD_DATA7)) 
....................    output_float(LCD_DATA4); 
....................    output_float(LCD_DATA5); 
....................    output_float(LCD_DATA6); 
....................    output_float(LCD_DATA7); 
....................   #else 
....................    lcdtris.data = 0xF; 
*
00C4:  MOVLW  0F
00C5:  BSF    03.5
00C6:  ANDWF  07,W
00C7:  IORLW  F0
00C8:  MOVWF  07
....................   #endif 
....................  #endif 
....................          
....................    lcd_output_rw(1); 
00C9:  BCF    03.5
00CA:  BSF    07.2
....................    delay_cycles(1); 
00CB:  NOP
....................    lcd_output_enable(1); 
00CC:  BSF    07.0
....................    delay_cycles(1); 
00CD:  NOP
....................    high = lcd_read_nibble(); 
00CE:  CALL   0BD
00CF:  MOVF   78,W
00D0:  MOVWF  48
....................        
....................    lcd_output_enable(0); 
00D1:  BCF    07.0
....................    delay_cycles(1); 
00D2:  NOP
....................    lcd_output_enable(1); 
00D3:  BSF    07.0
....................    delay_us(1); 
00D4:  GOTO   0D5
00D5:  GOTO   0D6
00D6:  NOP
....................    low = lcd_read_nibble(); 
00D7:  CALL   0BD
00D8:  MOVF   78,W
00D9:  MOVWF  47
....................        
....................    lcd_output_enable(0); 
00DA:  BCF    07.0
....................  
....................  #if defined(__PCB__) 
....................    set_tris_lcd(LCD_INPUT_MAP); 
....................  #else 
....................   #if (defined(LCD_DATA4) && defined(LCD_DATA5) && defined(LCD_DATA6) && defined(LCD_DATA7)) 
....................    output_drive(LCD_DATA4); 
....................    output_drive(LCD_DATA5); 
....................    output_drive(LCD_DATA6); 
....................    output_drive(LCD_DATA7); 
....................   #else 
....................    lcdtris.data = 0x0; 
00DB:  MOVLW  0F
00DC:  BSF    03.5
00DD:  ANDWF  07,W
00DE:  MOVWF  07
....................   #endif 
....................  #endif 
....................  
....................    return( (high<<4) | low); 
00DF:  BCF    03.5
00E0:  SWAPF  48,W
00E1:  MOVWF  77
00E2:  MOVLW  F0
00E3:  ANDWF  77,F
00E4:  MOVF   77,W
00E5:  IORWF  47,W
00E6:  MOVWF  78
.................... } 
....................  
.................... BYTE lcd_read_nibble(void) 
.................... { 
....................   #if (defined(LCD_DATA4) && defined(LCD_DATA5) && defined(LCD_DATA6) && defined(LCD_DATA7)) 
....................    BYTE n = 0x00; 
....................  
....................    /* Read the data port */ 
....................    n |= input(LCD_DATA4); 
....................    n |= input(LCD_DATA5) << 1; 
....................    n |= input(LCD_DATA6) << 2; 
....................    n |= input(LCD_DATA7) << 3; 
....................     
....................    return(n); 
....................   #else 
....................    return(lcd.data); 
*
00BD:  MOVF   07,W
00BE:  MOVWF  77
00BF:  SWAPF  07,W
00C0:  ANDLW  0F
00C1:  MOVWF  78
....................   #endif 
00C2:  RETURN
.................... } 
....................  
.................... void lcd_send_nibble(BYTE n) 
.................... { 
....................   #if (defined(LCD_DATA4) && defined(LCD_DATA5) && defined(LCD_DATA6) && defined(LCD_DATA7)) 
....................    /* Write to the data port */ 
....................    output_bit(LCD_DATA4, BIT_TEST(n, 0)); 
....................    output_bit(LCD_DATA5, BIT_TEST(n, 1)); 
....................    output_bit(LCD_DATA6, BIT_TEST(n, 2)); 
....................    output_bit(LCD_DATA7, BIT_TEST(n, 3)); 
....................   #else       
....................    lcdlat.data = n; 
*
00AC:  SWAPF  48,W
00AD:  ANDLW  F0
00AE:  MOVWF  77
00AF:  MOVLW  0F
00B0:  ANDWF  07,W
00B1:  IORWF  77,W
00B2:  MOVWF  07
....................   #endif 
....................        
....................    delay_cycles(1); 
00B3:  NOP
....................    lcd_output_enable(1); 
00B4:  BSF    07.0
....................    delay_us(2); 
00B5:  MOVLW  02
00B6:  MOVWF  77
00B7:  DECFSZ 77,F
00B8:  GOTO   0B7
00B9:  GOTO   0BA
00BA:  NOP
....................    lcd_output_enable(0); 
00BB:  BCF    07.0
00BC:  RETURN
.................... } 
....................  
.................... void lcd_send_byte(BYTE address, BYTE n) 
.................... { 
....................    lcd_output_rs(0); 
*
00C3:  BCF    07.1
....................    while ( bit_test(lcd_read_byte(),7) ) ; 
*
00E7:  MOVF   78,W
00E8:  MOVWF  47
00E9:  BTFSC  47.7
00EA:  GOTO   0C4
....................    lcd_output_rs(address); 
00EB:  BTFSS  45.0
00EC:  BCF    07.1
00ED:  BTFSC  45.0
00EE:  BSF    07.1
....................    delay_cycles(1); 
00EF:  NOP
....................    lcd_output_rw(0); 
00F0:  BCF    07.2
....................    delay_cycles(1); 
00F1:  NOP
....................    lcd_output_enable(0); 
00F2:  BCF    07.0
....................    lcd_send_nibble(n >> 4); 
00F3:  SWAPF  46,W
00F4:  MOVWF  47
00F5:  MOVLW  0F
00F6:  ANDWF  47,F
00F7:  MOVF   47,W
00F8:  MOVWF  48
00F9:  CALL   0AC
....................    lcd_send_nibble(n & 0xf); 
00FA:  MOVF   46,W
00FB:  ANDLW  0F
00FC:  MOVWF  47
00FD:  MOVWF  48
00FE:  CALL   0AC
00FF:  RETURN
.................... } 
....................  
.................... void lcd_init(void)  
.................... { 
....................    BYTE i; 
....................  
....................  #if defined(__PCB__) 
....................    set_tris_lcd(LCD_OUTPUT_MAP); 
....................  #else 
....................   #if (defined(LCD_DATA4) && defined(LCD_DATA5) && defined(LCD_DATA6) && defined(LCD_DATA7)) 
....................    output_drive(LCD_DATA4); 
....................    output_drive(LCD_DATA5); 
....................    output_drive(LCD_DATA6); 
....................    output_drive(LCD_DATA7); 
....................   #else 
....................    lcdtris.data = 0x0; 
0100:  MOVLW  0F
0101:  BSF    03.5
0102:  ANDWF  07,W
0103:  MOVWF  07
....................   #endif 
....................    lcd_enable_tris(); 
0104:  BCF    07.0
....................    lcd_rs_tris(); 
0105:  BCF    07.1
....................    lcd_rw_tris(); 
0106:  BCF    07.2
....................  #endif 
....................  
....................    lcd_output_rs(0); 
0107:  BCF    03.5
0108:  BCF    07.1
....................    lcd_output_rw(0); 
0109:  BCF    07.2
....................    lcd_output_enable(0); 
010A:  BCF    07.0
....................      
....................    delay_ms(15); 
010B:  MOVLW  0F
010C:  MOVWF  41
010D:  CALL   098
....................    for(i=1;i<=3;++i) 
010E:  MOVLW  01
010F:  MOVWF  30
0110:  MOVF   30,W
0111:  SUBLW  03
0112:  BTFSS  03.0
0113:  GOTO   11C
....................    { 
....................        lcd_send_nibble(3); 
0114:  MOVLW  03
0115:  MOVWF  48
0116:  CALL   0AC
....................        delay_ms(5); 
0117:  MOVLW  05
0118:  MOVWF  41
0119:  CALL   098
011A:  INCF   30,F
011B:  GOTO   110
....................    } 
....................      
....................    lcd_send_nibble(2); 
011C:  MOVLW  02
011D:  MOVWF  48
011E:  CALL   0AC
....................    for(i=0;i<=3;++i) 
011F:  CLRF   30
0120:  MOVF   30,W
0121:  SUBLW  03
0122:  BTFSS  03.0
0123:  GOTO   12D
....................       lcd_send_byte(0,LCD_INIT_STRING[i]); 
0124:  MOVF   30,W
0125:  CALL   004
0126:  MOVWF  31
0127:  CLRF   45
0128:  MOVF   31,W
0129:  MOVWF  46
012A:  CALL   0C3
012B:  INCF   30,F
012C:  GOTO   120
012D:  BCF    0A.3
012E:  BCF    0A.4
012F:  GOTO   66F (RETURN)
.................... } 
....................  
.................... void lcd_gotoxy(BYTE x, BYTE y) 
.................... { 
....................    BYTE address; 
....................  
....................    if(y!=1) 
*
013C:  DECFSZ 42,W
013D:  GOTO   13F
013E:  GOTO   142
....................       address=LCD_LINE_TWO; 
013F:  MOVLW  40
0140:  MOVWF  43
0141:  GOTO   143
....................    else 
....................       address=0; 
0142:  CLRF   43
....................       
....................    address+=x-1; 
0143:  MOVLW  01
0144:  SUBWF  41,W
0145:  ADDWF  43,F
....................    lcd_send_byte(0,0x80|address); 
0146:  MOVF   43,W
0147:  IORLW  80
0148:  MOVWF  44
0149:  CLRF   45
014A:  MOVF   44,W
014B:  MOVWF  46
014C:  CALL   0C3
014D:  RETURN
.................... } 
....................  
.................... void lcd_putc(char c) 
.................... { 
....................    switch (c) 
014E:  MOVF   40,W
014F:  XORLW  0C
0150:  BTFSC  03.2
0151:  GOTO   159
0152:  XORLW  06
0153:  BTFSC  03.2
0154:  GOTO   161
0155:  XORLW  02
0156:  BTFSC  03.2
0157:  GOTO   167
0158:  GOTO   16C
....................    { 
....................       case '\f'   :  lcd_send_byte(0,1); 
0159:  CLRF   45
015A:  MOVLW  01
015B:  MOVWF  46
015C:  CALL   0C3
....................                      delay_ms(2); 
015D:  MOVLW  02
015E:  MOVWF  41
015F:  CALL   098
....................                      break; 
0160:  GOTO   171
....................                       
....................       case '\n'   : lcd_gotoxy(1,2);        break; 
0161:  MOVLW  01
0162:  MOVWF  41
0163:  MOVLW  02
0164:  MOVWF  42
0165:  CALL   13C
0166:  GOTO   171
....................       
....................       case '\b'   : lcd_send_byte(0,0x10);  break; 
0167:  CLRF   45
0168:  MOVLW  10
0169:  MOVWF  46
016A:  CALL   0C3
016B:  GOTO   171
....................       
....................       default     : lcd_send_byte(1,c);     break; 
016C:  MOVLW  01
016D:  MOVWF  45
016E:  MOVF   40,W
016F:  MOVWF  46
0170:  CALL   0C3
....................    } 
0171:  RETURN
.................... } 
....................   
.................... char lcd_getc(BYTE x, BYTE y) 
.................... { 
....................    char value; 
....................  
....................    lcd_gotoxy(x,y); 
....................    while ( bit_test(lcd_read_byte(),7) ); // wait until busy flag is low 
....................    lcd_output_rs(1); 
....................    value = lcd_read_byte(); 
....................    lcd_output_rs(0); 
....................     
....................    return(value); 
.................... } 
....................  
.................... #include <kbd4x4_b.c> 
.................... /////////////////////////////////////////////////////////////////////////// 
.................... ////                             KBD4x4_1.C                                //// 
.................... ////                  Generic keypad scan driver                       //// 
.................... ////                                                                   //// 
.................... ////  kbd_init()   Must be called before any other function.           //// 
.................... ////                                                                   //// 
.................... ////  c = kbd_getc(c)  Will return a key value if pressed or /0 if not //// 
.................... ////                   This function should be called frequently so as //// 
.................... ////                   not to miss a key press.                        //// 
.................... ////                                                                   //// 
.................... /////////////////////////////////////////////////////////////////////////// 
.................... ////        (C) Copyright 1996,2003 Custom Computer Services           //// 
.................... //// This source code may only be used by licensed users of the CCS C  //// 
.................... //// compiler.  This source code may only be distributed to other      //// 
.................... //// licensed users of the CCS C compiler.  No other use, reproduction //// 
.................... //// or distribution is permitted without written permission.          //// 
.................... //// Derivative programs created using this software in object code    //// 
.................... //// form are not restricted in any way.                               //// 
.................... /////////////////////////////////////////////////////////////////////////// 
....................  
.................... ////////////////// The following defines the keypad layout on port D 
....................  
.................... // Un-comment the following define to use port B 
.................... #define use_portb_kbd TRUE 
....................  
.................... // Make sure the port used has pull-up resistors (or the LCD) on 
.................... // the column pins 
....................  
....................  
.................... #if defined(__PCH__) 
.................... #if defined use_portb_kbd 
....................    #byte kbd = 0xF81                   // This puts the entire structure 
.................... #else 
....................    #byte kbd = 0xF83                   // This puts the entire structure 
.................... #endif 
.................... #else 
.................... #if defined use_portb_kbd 
....................    #byte kbd = 6                  // on to port B (at address 6) 
.................... #else 
....................    #byte kbd = 8                 // on to port D (at address 8) 
.................... #endif 
.................... #endif 
....................  
.................... #if defined use_portb_kbd 
....................    #define set_tris_kbd(x) set_tris_b(x) 
.................... #else 
....................    #define set_tris_kbd(x) set_tris_d(x) 
.................... #endif 
....................  
....................  
....................  
.................... //Keypad connection:   (for example column 0 is B2) 
.................... //                Bx: 
....................  
.................... #ifdef blue_keypad  ///////////////////////////////////// For the blue keypad 
.................... #define COL0 (1 << 2) 
.................... #define COL1 (1 << 3) 
.................... #define COL2 (1 << 6) 
....................  
.................... #define ROW0 (1 << 4) 
.................... #define ROW1 (1 << 7) 
.................... #define ROW2 (1 << 1) 
.................... #define ROW3 (1 << 5) 
....................  
.................... #else ////////////////////////////////////////////////// For the black keypad 
.................... #define COL0 (1 << 4) 
.................... #define COL1 (1 << 5) 
.................... #define COL2 (1 << 6) 
.................... #define COL3 (1 << 7) 
....................  
.................... #define ROW0 (1 << 0) 
.................... #define ROW1 (1 << 1) 
.................... #define ROW2 (1 << 2) 
.................... #define ROW3 (1 << 3) 
....................  
.................... #endif 
....................  
.................... #define ALL_ROWS (ROW0|ROW1|ROW2|ROW3) 
.................... #define ALL_PINS (ALL_ROWS|COL0|COL1|COL2|COL3) 
....................  
.................... // Keypad layout: 
.................... char const KEYS[4][4] = {{'7','8','9','/'}, 
....................                          {'4','5','6','*'}, 
....................                          {'1','2','3','-'}, 
....................                          {'C','0','=','+'}}; 
....................  
.................... #define KBD_DEBOUNCE_FACTOR 33    // Set this number to apx n/333 where 
....................                                   // n is the number of times you expect 
....................                                   // to call kbd_getc each second 
....................  
....................  
.................... void kbd_init() { 
*
0130:  BCF    0A.3
0131:  BCF    0A.4
0132:  GOTO   670 (RETURN)
.................... } 
....................  
.................... char kbd_getc( ) { 
....................    static BYTE kbd_call_count; 
*
0669:  BCF    03.5
066A:  CLRF   20
....................    static int1 kbd_down; 
066B:  BCF    21.0
....................    static char last_key; 
066C:  CLRF   22
....................    static BYTE col; 
066D:  CLRF   23
....................  
....................    BYTE kchar; 
....................    BYTE row; 
....................  
....................    kchar='\0'; 
*
01C8:  CLRF   3E
....................    if(++kbd_call_count>KBD_DEBOUNCE_FACTOR) { 
01C9:  INCF   20,F
01CA:  MOVF   20,W
01CB:  SUBLW  21
01CC:  BTFSC  03.0
01CD:  GOTO   228
....................        switch (col) { 
01CE:  MOVF   23,W
01CF:  ADDLW  FC
01D0:  BTFSC  03.0
01D1:  GOTO   1EB
01D2:  ADDLW  04
01D3:  GOTO   231
....................          case 0   : set_tris_kbd(ALL_PINS&~COL0); 
01D4:  MOVLW  EF
01D5:  BSF    03.5
01D6:  MOVWF  06
....................                     kbd=~COL0&ALL_PINS; 
01D7:  BCF    03.5
01D8:  MOVWF  06
....................                     break; 
01D9:  GOTO   1EB
....................          case 1   : set_tris_kbd(ALL_PINS&~COL1); 
01DA:  MOVLW  DF
01DB:  BSF    03.5
01DC:  MOVWF  06
....................                     kbd=~COL1&ALL_PINS; 
01DD:  BCF    03.5
01DE:  MOVWF  06
....................                     break; 
01DF:  GOTO   1EB
....................          case 2   : set_tris_kbd(ALL_PINS&~COL2); 
01E0:  MOVLW  BF
01E1:  BSF    03.5
01E2:  MOVWF  06
....................                     kbd=~COL2&ALL_PINS; 
01E3:  BCF    03.5
01E4:  MOVWF  06
....................                     break; 
01E5:  GOTO   1EB
....................          case 3   : set_tris_kbd(ALL_PINS&~COL3); 
01E6:  MOVLW  7F
01E7:  BSF    03.5
01E8:  MOVWF  06
....................                     kbd=~COL3&ALL_PINS; 
01E9:  BCF    03.5
01EA:  MOVWF  06
....................                     break; 
....................        } 
....................  
....................        if(kbd_down) { 
01EB:  BTFSS  21.0
01EC:  GOTO   1F7
....................          if((kbd & (ALL_ROWS))==(ALL_ROWS)) { 
01ED:  MOVF   06,W
01EE:  ANDLW  0F
01EF:  SUBLW  0F
01F0:  BTFSS  03.2
01F1:  GOTO   1F6
....................            kbd_down=FALSE; 
01F2:  BCF    21.0
....................            kchar=last_key; 
01F3:  MOVF   22,W
01F4:  MOVWF  3E
....................            last_key='\0'; 
01F5:  CLRF   22
....................          } 
....................        } else { 
01F6:  GOTO   227
....................           if((kbd & (ALL_ROWS))!=(ALL_ROWS)) { 
01F7:  MOVF   06,W
01F8:  ANDLW  0F
01F9:  SUBLW  0F
01FA:  BTFSC  03.2
01FB:  GOTO   222
....................              if((kbd & ROW0)==0) 
01FC:  MOVF   06,W
01FD:  ANDLW  01
01FE:  BTFSS  03.2
01FF:  GOTO   202
....................                row=0; 
0200:  CLRF   3F
0201:  GOTO   216
....................              else if((kbd & ROW1)==0) 
0202:  MOVF   06,W
0203:  ANDLW  02
0204:  BTFSS  03.2
0205:  GOTO   209
....................                row=1; 
0206:  MOVLW  01
0207:  MOVWF  3F
0208:  GOTO   216
....................              else if((kbd & ROW2)==0) 
0209:  MOVF   06,W
020A:  ANDLW  04
020B:  BTFSS  03.2
020C:  GOTO   210
....................                row=2; 
020D:  MOVLW  02
020E:  MOVWF  3F
020F:  GOTO   216
....................              else if((kbd & ROW3)==0) 
0210:  MOVF   06,W
0211:  ANDLW  08
0212:  BTFSS  03.2
0213:  GOTO   216
....................                row=3; 
0214:  MOVLW  03
0215:  MOVWF  3F
....................              last_key =KEYS[row][col]; 
0216:  RLF    3F,W
0217:  MOVWF  77
0218:  RLF    77,F
0219:  MOVLW  FC
021A:  ANDWF  77,F
021B:  MOVF   77,W
021C:  ADDWF  23,W
021D:  CALL   00C
021E:  MOVWF  78
021F:  MOVWF  22
....................              kbd_down = TRUE; 
0220:  BSF    21.0
....................           } else { 
0221:  GOTO   227
....................              ++col; 
0222:  INCF   23,F
....................              if(col==4) 
0223:  MOVF   23,W
0224:  SUBLW  04
0225:  BTFSC  03.2
....................                col=0; 
0226:  CLRF   23
....................           } 
....................        } 
....................       kbd_call_count=0; 
0227:  CLRF   20
....................    } 
....................   set_tris_kbd(ALL_PINS); 
0228:  MOVLW  FF
0229:  BSF    03.5
022A:  MOVWF  06
....................   return(kchar); 
022B:  BCF    03.5
022C:  MOVF   3E,W
022D:  MOVWF  78
022E:  BCF    0A.3
022F:  BCF    0A.4
0230:  GOTO   23A (RETURN)
.................... } 
....................  
.................... #include <getNum16.c> 
.................... /* 
....................    ** Se requiere haber inicializado el lcd y el teclado **  
....................     
....................    Usar como "int16 numero = get_num();" no puede borrar numeros 
....................     
....................    Al usar como "int16 numero = get_num_lcd(cursor_x,cursor_y)" 
....................    se pueden borrar caracteres con '-' y con 'C' 
....................        
....................    Por Angel Primitivo Vejar Cortés 2022 | angel-primi@hotmail.com 
.................... */ 
....................  
.................... unsigned int32 pow(int8 base, int8 power){ 
*
02EB:  CLRF   44
02EC:  CLRF   43
02ED:  CLRF   42
02EE:  MOVLW  01
02EF:  MOVWF  41
....................    int32 result = 1; 
....................    for(int8 i = 0; i < power; i++){ 
02F0:  CLRF   45
02F1:  MOVF   40,W
02F2:  SUBWF  45,W
02F3:  BTFSC  03.0
02F4:  GOTO   30D
....................       result *= base; 
02F5:  MOVF   44,W
02F6:  MOVWF  49
02F7:  MOVF   43,W
02F8:  MOVWF  48
02F9:  MOVF   42,W
02FA:  MOVWF  47
02FB:  MOVF   41,W
02FC:  MOVWF  46
02FD:  CLRF   4D
02FE:  CLRF   4C
02FF:  CLRF   4B
0300:  MOVF   3F,W
0301:  MOVWF  4A
0302:  CALL   242
0303:  MOVF   7A,W
0304:  MOVWF  44
0305:  MOVF   79,W
0306:  MOVWF  43
0307:  MOVF   78,W
0308:  MOVWF  42
0309:  MOVF   77,W
030A:  MOVWF  41
030B:  INCF   45,F
030C:  GOTO   2F1
....................    } 
....................    return result; 
030D:  MOVF   41,W
030E:  MOVWF  77
030F:  MOVF   42,W
0310:  MOVWF  78
0311:  MOVF   43,W
0312:  MOVWF  79
0313:  MOVF   44,W
0314:  MOVWF  7A
.................... } 
....................  
.................... char read_key(){ 
....................    char c; 
....................    do{ 
....................       c=kbd_getc(); 
*
0239:  GOTO   1C8
023A:  MOVF   78,W
023B:  MOVWF  3D
....................    } 
....................    while(c=='\0');  
023C:  MOVF   3D,F
023D:  BTFSC  03.2
023E:  GOTO   239
....................    return(c); 
023F:  MOVF   3D,W
0240:  MOVWF  78
0241:  RETURN
.................... } 
....................  
.................... int16 get_num_lcd(int8 x, int8 y){ 
....................    lcd_gotoxy(x,y); 
*
026C:  MOVF   31,W
026D:  MOVWF  41
026E:  MOVF   32,W
026F:  MOVWF  42
0270:  CALL   13C
....................    int16 numero = 0; 
....................    char cadena[5] = {0,0,0,0,0}; 
*
0273:  CLRF   35
0274:  CLRF   36
0275:  CLRF   37
0276:  CLRF   38
0277:  CLRF   39
....................    int8 index = 0; 
....................    char tecla; 
*
0271:  CLRF   34
0272:  CLRF   33
*
0278:  CLRF   3A
....................    do { 
....................       tecla = read_key(); 
0279:  CALL   239
027A:  MOVF   78,W
027B:  MOVWF  3B
....................       if((tecla >= 48) && (tecla <= 57))  
027C:  MOVF   3B,W
027D:  SUBLW  2F
027E:  BTFSC  03.0
027F:  GOTO   28E
0280:  MOVF   3B,W
0281:  SUBLW  39
0282:  BTFSS  03.0
0283:  GOTO   28E
....................       { 
....................          cadena[index] = tecla; 
0284:  MOVLW  35
0285:  ADDWF  3A,W
0286:  MOVWF  04
0287:  BCF    03.7
0288:  MOVF   3B,W
0289:  MOVWF  00
....................          index++; 
028A:  INCF   3A,F
....................          printf(lcd_putc,"%c",tecla); 
028B:  MOVF   3B,W
028C:  MOVWF  40
028D:  CALL   14E
....................       } 
....................        
....................       if(tecla == '-' && index > 0){ 
028E:  MOVF   3B,W
028F:  SUBLW  2D
0290:  BTFSS  03.2
0291:  GOTO   2AC
0292:  MOVF   3A,F
0293:  BTFSC  03.2
0294:  GOTO   2AC
....................          index--; 
0295:  DECF   3A,F
....................          cadena[index] = 0; 
0296:  MOVLW  35
0297:  ADDWF  3A,W
0298:  MOVWF  04
0299:  BCF    03.7
029A:  CLRF   00
....................          lcd_gotoxy(x + index,y); 
029B:  MOVF   3A,W
029C:  ADDWF  31,W
029D:  MOVWF  3D
029E:  MOVWF  41
029F:  MOVF   32,W
02A0:  MOVWF  42
02A1:  CALL   13C
....................          printf(lcd_putc," "); 
02A2:  MOVLW  20
02A3:  MOVWF  40
02A4:  CALL   14E
....................          lcd_gotoxy(x + index,y); 
02A5:  MOVF   3A,W
02A6:  ADDWF  31,W
02A7:  MOVWF  3D
02A8:  MOVWF  41
02A9:  MOVF   32,W
02AA:  MOVWF  42
02AB:  CALL   13C
....................       } 
....................        
....................       if(tecla == 'C' && index > 0){ 
02AC:  MOVF   3B,W
02AD:  SUBLW  43
02AE:  BTFSS  03.2
02AF:  GOTO   2CA
02B0:  MOVF   3A,F
02B1:  BTFSC  03.2
02B2:  GOTO   2CA
....................          index=0; 
02B3:  CLRF   3A
....................          cadena[0] = 0; 
02B4:  CLRF   35
....................          cadena[1] = 0; 
02B5:  CLRF   36
....................          cadena[2] = 0; 
02B6:  CLRF   37
....................          cadena[3] = 0; 
02B7:  CLRF   38
....................          cadena[4] = 0; 
02B8:  CLRF   39
....................          lcd_gotoxy(x,y); 
02B9:  MOVF   31,W
02BA:  MOVWF  41
02BB:  MOVF   32,W
02BC:  MOVWF  42
02BD:  CALL   13C
....................          printf(lcd_putc,"     "); 
02BE:  MOVLW  20
02BF:  BSF    03.6
02C0:  MOVWF  0D
02C1:  MOVLW  00
02C2:  MOVWF  0F
02C3:  BCF    03.6
02C4:  CALL   172
....................          lcd_gotoxy(x,y); 
02C5:  MOVF   31,W
02C6:  MOVWF  41
02C7:  MOVF   32,W
02C8:  MOVWF  42
02C9:  CALL   13C
....................       } 
....................        
....................       if(tecla == '=' && index > 0){ 
02CA:  MOVF   3B,W
02CB:  SUBLW  3D
02CC:  BTFSS  03.2
02CD:  GOTO   2D1
02CE:  MOVF   3A,F
02CF:  BTFSS  03.2
....................          break;      
02D0:  GOTO   2D5
....................       } 
....................    }while(index < 5); 
02D1:  MOVF   3A,W
02D2:  SUBLW  04
02D3:  BTFSC  03.0
02D4:  GOTO   279
....................     
....................    for(int8 i = 0; i < index; i++){ 
02D5:  CLRF   3C
02D6:  MOVF   3A,W
02D7:  SUBWF  3C,W
02D8:  BTFSC  03.0
02D9:  GOTO   336
....................       numero += (cadena[i] - 48) * (pow(10,index - 1 - i)); 
02DA:  MOVLW  35
02DB:  ADDWF  3C,W
02DC:  MOVWF  04
02DD:  BCF    03.7
02DE:  MOVLW  30
02DF:  SUBWF  00,W
02E0:  MOVWF  3D
02E1:  MOVLW  01
02E2:  SUBWF  3A,W
02E3:  MOVWF  78
02E4:  MOVF   3C,W
02E5:  SUBWF  78,W
02E6:  MOVWF  3E
02E7:  MOVLW  0A
02E8:  MOVWF  3F
02E9:  MOVF   3E,W
02EA:  MOVWF  40
*
0315:  CLRF   3F
0316:  MOVF   04,W
0317:  MOVWF  3E
0318:  BCF    3F.0
0319:  BTFSC  03.7
031A:  BSF    3F.0
031B:  CLRF   49
031C:  CLRF   48
031D:  CLRF   47
031E:  MOVF   3D,W
031F:  MOVWF  46
0320:  MOVF   7A,W
0321:  MOVWF  4D
0322:  MOVF   79,W
0323:  MOVWF  4C
0324:  MOVF   78,W
0325:  MOVWF  4B
0326:  MOVF   77,W
0327:  MOVWF  4A
0328:  CALL   242
0329:  MOVF   3E,W
032A:  MOVWF  04
032B:  BCF    03.7
032C:  BTFSC  3F.0
032D:  BSF    03.7
032E:  MOVF   77,W
032F:  ADDWF  33,F
0330:  MOVF   78,W
0331:  BTFSC  03.0
0332:  INCFSZ 78,W
0333:  ADDWF  34,F
0334:  INCF   3C,F
0335:  GOTO   2D6
....................    }   
....................    return numero; 
0336:  MOVF   33,W
0337:  MOVWF  78
0338:  MOVF   34,W
0339:  MOVWF  79
033A:  RETURN
.................... } 
....................  
.................... int16 get_num() { 
....................    int16 numero = 0; 
....................    char cadena[5] = {0,0,0,0,0}; 
....................    int8 index = 0; 
....................    char tecla; 
....................    do { 
....................       tecla = read_key(); 
....................       if((tecla >= 48) && (tecla <= 57))  
....................       { 
....................          cadena[index] = tecla; 
....................          index++; 
....................          printf(lcd_putc,"%c",tecla); 
....................       } 
....................        
....................       if(tecla == '=' && index > 0){ 
....................          break;      
....................       } 
....................    }while(index < 5); 
....................     
....................    for(int8 i = 0; i < index; i++){ 
....................       numero += (cadena[i] - 48) * (pow(10,index - 1 - i)); 
....................    }   
....................    return numero; 
.................... } 
....................  
....................  
.................... #use STANDARD_IO(A) 
.................... #use STANDARD_IO(E) 
....................  
.................... #define M1 PIN_E0 
.................... #define M2 PIN_E1 
.................... #define boton_paro PIN_E2 
....................  
.................... int16 veces; 
.................... int16 dato=0; 
.................... int1 bandera=0; 
.................... int16 seg;//CONTADOR DE SEGUNDOS 
.................... int16 rep=0;//CONTADOR DE REPETICIONES 
.................... int16 segundos; 
.................... int16 NIteraciones; 
....................  
.................... void delay_paro(int16 segundos); // Declaramos función pero no la definimos 
....................  
.................... void PreguntarDato(){//preguntar al usuario dato a ingresar 
.................... int1 condicion; 
....................    bandera=0; 
033B:  BCF    21.1
....................     do{ 
....................          printf(lcd_putc,"\fIGRESA DATO: "); 
033C:  MOVLW  23
033D:  BSF    03.6
033E:  MOVWF  0D
033F:  MOVLW  00
0340:  MOVWF  0F
0341:  BCF    03.6
0342:  CALL   172
....................          dato = get_num_lcd(1,2); 
0343:  MOVLW  01
0344:  MOVWF  31
0345:  MOVLW  02
0346:  MOVWF  32
0347:  CALL   26C
0348:  MOVF   79,W
0349:  MOVWF  27
034A:  MOVF   78,W
034B:  MOVWF  26
....................          condicion = (dato == 105)||(dato == 210)||(dato == 315)||(dato == 420); 
034C:  BCF    30.0
034D:  MOVF   26,W
034E:  SUBLW  69
034F:  BTFSS  03.2
0350:  GOTO   354
0351:  MOVF   27,F
0352:  BTFSC  03.2
0353:  GOTO   368
0354:  MOVF   26,W
0355:  SUBLW  D2
0356:  BTFSS  03.2
0357:  GOTO   35B
0358:  MOVF   27,F
0359:  BTFSC  03.2
035A:  GOTO   368
035B:  MOVF   26,W
035C:  SUBLW  3B
035D:  BTFSS  03.2
035E:  GOTO   362
035F:  DECFSZ 27,W
0360:  GOTO   362
0361:  GOTO   368
0362:  MOVF   26,W
0363:  SUBLW  A4
0364:  BTFSS  03.2
0365:  GOTO   369
0366:  DECFSZ 27,W
0367:  GOTO   369
0368:  BSF    30.0
....................          if(condicion == 0) 
0369:  BTFSC  30.0
036A:  GOTO   379
....................          { 
....................             printf(lcd_putc,"\fNOT VALID"); 
036B:  MOVLW  2B
036C:  BSF    03.6
036D:  MOVWF  0D
036E:  MOVLW  00
036F:  MOVWF  0F
0370:  BCF    03.6
0371:  CALL   172
....................             delay_ms(1000); 
0372:  MOVLW  04
0373:  MOVWF  31
0374:  MOVLW  FA
0375:  MOVWF  41
0376:  CALL   098
0377:  DECFSZ 31,F
0378:  GOTO   374
....................          } 
....................       }while(condicion == 0); 
0379:  BTFSS  30.0
037A:  GOTO   33C
037B:  BCF    0A.3
037C:  BCF    0A.4
037D:  GOTO   675 (RETURN)
.................... } 
.................... void PreguntarSegundos(){//preguntar al usuario dato a ingresar 
.................... int1 condicion; 
....................     
....................     do{ 
....................          printf(lcd_putc,"\fIGRESA SEGUNDOS: "); 
*
0589:  MOVLW  31
058A:  BSF    03.6
058B:  MOVWF  0D
058C:  MOVLW  00
058D:  MOVWF  0F
058E:  BCF    03.6
058F:  CALL   172
....................          segundos = get_num_lcd(1,2); 
0590:  MOVLW  01
0591:  MOVWF  31
0592:  MOVLW  02
0593:  MOVWF  32
0594:  CALL   26C
0595:  MOVF   79,W
0596:  MOVWF  2D
0597:  MOVF   78,W
0598:  MOVWF  2C
....................          condicion = (segundos > 120)||(segundos==0); 
0599:  BCF    30.0
059A:  MOVF   2D,F
059B:  BTFSS  03.2
059C:  GOTO   5A6
059D:  MOVF   2C,W
059E:  SUBLW  78
059F:  BTFSS  03.0
05A0:  GOTO   5A6
05A1:  MOVF   2C,F
05A2:  BTFSS  03.2
05A3:  GOTO   5A7
05A4:  MOVF   2D,F
05A5:  BTFSC  03.2
05A6:  BSF    30.0
....................          if(condicion == 1) 
05A7:  BTFSS  30.0
05A8:  GOTO   5B7
....................          { 
....................             printf(lcd_putc,"\fNOT VALID"); 
05A9:  MOVLW  3B
05AA:  BSF    03.6
05AB:  MOVWF  0D
05AC:  MOVLW  00
05AD:  MOVWF  0F
05AE:  BCF    03.6
05AF:  CALL   172
....................             delay_ms(1000); 
05B0:  MOVLW  04
05B1:  MOVWF  31
05B2:  MOVLW  FA
05B3:  MOVWF  41
05B4:  CALL   098
05B5:  DECFSZ 31,F
05B6:  GOTO   5B2
....................          } 
....................       }while(condicion == 1); 
05B7:  BTFSC  30.0
05B8:  GOTO   589
05B9:  RETURN
.................... } 
.................... void PreguntarIteraciones(){//preguntar al usuario dato a ingresar 
.................... int1 condicion; 
....................     
....................     do{ 
....................          printf(lcd_putc,"\fITERACIONES: "); 
*
05F0:  MOVLW  41
05F1:  BSF    03.6
05F2:  MOVWF  0D
05F3:  MOVLW  00
05F4:  MOVWF  0F
05F5:  BCF    03.6
05F6:  CALL   172
....................          NIteraciones = get_num_lcd(1,2); 
05F7:  MOVLW  01
05F8:  MOVWF  31
05F9:  MOVLW  02
05FA:  MOVWF  32
05FB:  CALL   26C
05FC:  MOVF   79,W
05FD:  MOVWF  2F
05FE:  MOVF   78,W
05FF:  MOVWF  2E
....................          condicion = (NIteraciones > 50)||(NIteraciones==0); 
0600:  BCF    30.0
0601:  MOVF   2F,F
0602:  BTFSS  03.2
0603:  GOTO   60D
0604:  MOVF   2E,W
0605:  SUBLW  32
0606:  BTFSS  03.0
0607:  GOTO   60D
0608:  MOVF   2E,F
0609:  BTFSS  03.2
060A:  GOTO   60E
060B:  MOVF   2F,F
060C:  BTFSC  03.2
060D:  BSF    30.0
....................          if(condicion == 1) 
060E:  BTFSS  30.0
060F:  GOTO   61E
....................          { 
....................             printf(lcd_putc,"\fNOT VALID"); 
0610:  MOVLW  49
0611:  BSF    03.6
0612:  MOVWF  0D
0613:  MOVLW  00
0614:  MOVWF  0F
0615:  BCF    03.6
0616:  CALL   172
....................             delay_ms(1000); 
0617:  MOVLW  04
0618:  MOVWF  31
0619:  MOVLW  FA
061A:  MOVWF  41
061B:  CALL   098
061C:  DECFSZ 31,F
061D:  GOTO   619
....................          } 
....................       }while(condicion == 1); 
061E:  BTFSC  30.0
061F:  GOTO   5F0
0620:  BCF    0A.3
0621:  BCF    0A.4
0622:  GOTO   6A7 (RETURN)
.................... } 
....................  
.................... // Mover motor 
.................... void girarHorario(){ 
....................    output_high(M1); 
*
037E:  BSF    03.5
037F:  BCF    09.0
0380:  BCF    03.5
0381:  BSF    09.0
....................    output_low(M2); 
0382:  BSF    03.5
0383:  BCF    09.1
0384:  BCF    03.5
0385:  BCF    09.1
0386:  RETURN
.................... } 
....................  
.................... // Mover motor 
.................... void girarAntihorario(){ 
....................    output_high(M2); 
*
051A:  BSF    03.5
051B:  BCF    09.1
051C:  BCF    03.5
051D:  BSF    09.1
....................    output_low(M1); 
051E:  BSF    03.5
051F:  BCF    09.0
0520:  BCF    03.5
0521:  BCF    09.0
0522:  RETURN
.................... } 
....................  
.................... // Detener motor 
.................... void paro(){ 
....................    output_low(M1); 
*
0133:  BSF    03.5
0134:  BCF    09.0
0135:  BCF    03.5
0136:  BCF    09.0
....................    output_low(M2); 
0137:  BSF    03.5
0138:  BCF    09.1
0139:  BCF    03.5
013A:  BCF    09.1
013B:  RETURN
.................... } 
....................  
.................... void rutina_105(veces){ // Ejemplo de rutina 
.................... rep=1; 
*
0523:  CLRF   2B
0524:  MOVLW  01
0525:  MOVWF  2A
.................... printf(lcd_putc,"\fRUTINA 2");// Mostrar mensaje 
0526:  MOVLW  4F
0527:  BSF    03.6
0528:  MOVWF  0D
0529:  MOVLW  00
052A:  MOVWF  0F
052B:  BCF    03.6
052C:  CALL   172
....................  
....................    for(int8 i=1;i<=veces;i++) 
052D:  MOVLW  01
052E:  MOVWF  31
052F:  MOVF   31,W
0530:  SUBWF  30,W
0531:  BTFSS  03.0
0532:  GOTO   54C
....................    {  
....................       girarHorario(); 
0533:  CALL   37E
....................       delay_paro(5); 
0534:  CLRF   33
0535:  MOVLW  05
0536:  MOVWF  32
0537:  CALL   441
....................       paro(); 
0538:  CALL   133
....................       delay_paro(1); 
0539:  CLRF   33
053A:  MOVLW  01
053B:  MOVWF  32
053C:  CALL   441
....................       girarAntihorario(); 
053D:  CALL   51A
....................       delay_paro(5); 
053E:  CLRF   33
053F:  MOVLW  05
0540:  MOVWF  32
0541:  CALL   441
....................       paro(); 
0542:  CALL   133
....................       delay_paro(1); 
0543:  CLRF   33
0544:  MOVLW  01
0545:  MOVWF  32
0546:  CALL   441
....................       rep++; 
0547:  INCF   2A,F
0548:  BTFSC  03.2
0549:  INCF   2B,F
054A:  INCF   31,F
054B:  GOTO   52F
....................    } 
....................    if(bandera==1)break; 
054C:  BTFSC  21.1
054D:  GOTO   55C
....................    else{ 
....................    printf(lcd_putc,"\fRUTINA COMPLETA");// Mostrar mensaje 
054E:  MOVLW  54
054F:  BSF    03.6
0550:  MOVWF  0D
0551:  MOVLW  00
0552:  MOVWF  0F
0553:  BCF    03.6
0554:  CALL   172
....................    delay_ms(1000); 
0555:  MOVLW  04
0556:  MOVWF  32
0557:  MOVLW  FA
0558:  MOVWF  41
0559:  CALL   098
055A:  DECFSZ 32,F
055B:  GOTO   557
....................    } 
055C:  BCF    0A.3
055D:  BCF    0A.4
055E:  GOTO   6AE (RETURN)
.................... } 
....................  
.................... void rutina_210(veces){ // Ejemplo de otra rutina 
.................... rep=1; 
055F:  CLRF   2B
0560:  MOVLW  01
0561:  MOVWF  2A
....................    for(int8 i=1;i<=veces;i++) 
0562:  MOVWF  31
0563:  MOVF   31,W
0564:  SUBWF  30,W
0565:  BTFSS  03.0
0566:  GOTO   576
....................    { 
....................       girarHorario(); 
0567:  CALL   37E
....................       delay_paro(3); 
0568:  CLRF   33
0569:  MOVLW  03
056A:  MOVWF  32
056B:  CALL   441
....................       paro();  
056C:  CALL   133
....................       delay_paro(1); 
056D:  CLRF   33
056E:  MOVLW  01
056F:  MOVWF  32
0570:  CALL   441
....................       rep++; 
0571:  INCF   2A,F
0572:  BTFSC  03.2
0573:  INCF   2B,F
0574:  INCF   31,F
0575:  GOTO   563
....................    } 
....................    if(bandera==1)break; 
0576:  BTFSC  21.1
0577:  GOTO   586
....................    else{ 
....................    printf(lcd_putc,"\fRUTINA COMPLETA");// Mostrar mensaje 
0578:  MOVLW  5D
0579:  BSF    03.6
057A:  MOVWF  0D
057B:  MOVLW  00
057C:  MOVWF  0F
057D:  BCF    03.6
057E:  CALL   172
....................    delay_ms(1000); 
057F:  MOVLW  04
0580:  MOVWF  32
0581:  MOVLW  FA
0582:  MOVWF  41
0583:  CALL   098
0584:  DECFSZ 32,F
0585:  GOTO   581
....................    } 
0586:  BCF    0A.3
0587:  BCF    0A.4
0588:  GOTO   6AE (RETURN)
.................... } 
....................  
.................... void rutina_315(veces){ // Ejemplo de otra rutina 
.................... rep=1; 
*
05BA:  CLRF   2B
05BB:  MOVLW  01
05BC:  MOVWF  2A
....................  for(int8 i=1;i<=veces;i++) 
05BD:  MOVWF  31
05BE:  MOVF   31,W
05BF:  SUBWF  30,W
05C0:  BTFSS  03.0
05C1:  GOTO   5DD
....................    { 
....................       girarHorario(); 
05C2:  CALL   37E
....................       delay_paro(segundos); 
05C3:  MOVF   2D,W
05C4:  MOVWF  33
05C5:  MOVF   2C,W
05C6:  MOVWF  32
05C7:  CALL   441
....................       paro();  
05C8:  CALL   133
....................       delay_paro(1); 
05C9:  CLRF   33
05CA:  MOVLW  01
05CB:  MOVWF  32
05CC:  CALL   441
....................       girarAntihorario(); 
05CD:  CALL   51A
....................       delay_paro(segundos); 
05CE:  MOVF   2D,W
05CF:  MOVWF  33
05D0:  MOVF   2C,W
05D1:  MOVWF  32
05D2:  CALL   441
....................       paro(); 
05D3:  CALL   133
....................       delay_paro(1); 
05D4:  CLRF   33
05D5:  MOVLW  01
05D6:  MOVWF  32
05D7:  CALL   441
....................       rep++; 
05D8:  INCF   2A,F
05D9:  BTFSC  03.2
05DA:  INCF   2B,F
05DB:  INCF   31,F
05DC:  GOTO   5BE
....................  
....................    } 
....................    if(bandera==1)break; 
05DD:  BTFSC  21.1
05DE:  GOTO   5ED
....................    else{ 
....................    printf(lcd_putc,"\fRUTINA COMPLETA");// Mostrar mensaje 
05DF:  MOVLW  66
05E0:  BSF    03.6
05E1:  MOVWF  0D
05E2:  MOVLW  00
05E3:  MOVWF  0F
05E4:  BCF    03.6
05E5:  CALL   172
....................    delay_ms(1000); 
05E6:  MOVLW  04
05E7:  MOVWF  32
05E8:  MOVLW  FA
05E9:  MOVWF  41
05EA:  CALL   098
05EB:  DECFSZ 32,F
05EC:  GOTO   5E8
....................    } 
05ED:  BCF    0A.3
05EE:  BCF    0A.4
05EF:  GOTO   6AE (RETURN)
....................     
....................     
.................... } 
....................  
.................... void rutina_420(veces){// Ejemplo de otra rutina 
.................... rep=1; 
*
0623:  CLRF   2B
0624:  MOVLW  01
0625:  MOVWF  2A
....................  for(int8 i=1;i<=veces;i++) 
0626:  MOVWF  31
0627:  MOVF   31,W
0628:  SUBWF  30,W
0629:  BTFSS  03.0
062A:  GOTO   646
....................    { 
....................       girarHorario(); 
062B:  CALL   37E
....................       delay_paro(segundos); 
062C:  MOVF   2D,W
062D:  MOVWF  33
062E:  MOVF   2C,W
062F:  MOVWF  32
0630:  CALL   441
....................       paro();  
0631:  CALL   133
....................       delay_paro(1); 
0632:  CLRF   33
0633:  MOVLW  01
0634:  MOVWF  32
0635:  CALL   441
....................       girarAntihorario(); 
0636:  CALL   51A
....................       delay_paro(segundos); 
0637:  MOVF   2D,W
0638:  MOVWF  33
0639:  MOVF   2C,W
063A:  MOVWF  32
063B:  CALL   441
....................       paro(); 
063C:  CALL   133
....................       delay_paro(1); 
063D:  CLRF   33
063E:  MOVLW  01
063F:  MOVWF  32
0640:  CALL   441
....................       rep++; 
0641:  INCF   2A,F
0642:  BTFSC  03.2
0643:  INCF   2B,F
0644:  INCF   31,F
0645:  GOTO   627
....................  
....................    } 
....................    if(bandera==1)break; 
0646:  BTFSC  21.1
0647:  GOTO   656
....................    else{ 
....................    printf(lcd_putc,"\fRUTINA COMPLETA");// Mostrar mensaje 
0648:  MOVLW  6F
0649:  BSF    03.6
064A:  MOVWF  0D
064B:  MOVLW  00
064C:  MOVWF  0F
064D:  BCF    03.6
064E:  CALL   172
....................    delay_ms(1000); 
064F:  MOVLW  04
0650:  MOVWF  32
0651:  MOVLW  FA
0652:  MOVWF  41
0653:  CALL   098
0654:  DECFSZ 32,F
0655:  GOTO   651
....................    } 
0656:  BCF    0A.3
0657:  BCF    0A.4
0658:  GOTO   6AE (RETURN)
....................     
.................... } 
....................  
.................... void paro_emergencia(){ 
....................    bandera=1; 
*
04E6:  BSF    21.1
....................    paro(); // Detener motores 
04E7:  CALL   133
....................    printf(lcd_putc,"\fPARO DE EMERG"); // Mostrar mensaje 
04E8:  MOVLW  78
04E9:  BSF    03.6
04EA:  MOVWF  0D
04EB:  MOVLW  00
04EC:  MOVWF  0F
04ED:  BCF    03.6
04EE:  CALL   172
....................    while(input(boton_paro) == 1){} // Esperar a que el usuario suelte el botón de paro 
04EF:  BSF    03.5
04F0:  BSF    09.2
04F1:  BCF    03.5
04F2:  BTFSC  09.2
04F3:  GOTO   4EF
....................    printf(lcd_putc,"\fPRESIONAR TECLA"); // Mostrar mensaje 
04F4:  MOVLW  80
04F5:  BSF    03.6
04F6:  MOVWF  0D
04F7:  MOVLW  00
04F8:  MOVWF  0F
04F9:  BCF    03.6
04FA:  CALL   172
....................    char c = read_key(); // Esperar a que el usuario presione una tecla 
04FB:  CALL   239
04FC:  MOVF   78,W
04FD:  MOVWF  36
....................    printf(lcd_putc,"\f"); // Mostrar mensaje 
04FE:  MOVLW  0C
04FF:  MOVWF  40
0500:  CALL   14E
....................    dato=0; 
0501:  CLRF   27
0502:  CLRF   26
....................    for(int8 i=0;i<6;i++) 
0503:  CLRF   37
0504:  MOVF   37,W
0505:  SUBLW  05
0506:  BTFSS  03.0
0507:  GOTO   514
....................    { 
....................       printf(lcd_putc,"."); // Mostrar mensaje 
0508:  MOVLW  2E
0509:  MOVWF  40
050A:  CALL   14E
....................       delay_ms(500); 
050B:  MOVLW  02
050C:  MOVWF  38
050D:  MOVLW  FA
050E:  MOVWF  41
050F:  CALL   098
0510:  DECFSZ 38,F
0511:  GOTO   50D
0512:  INCF   37,F
0513:  GOTO   504
....................    } 
.................... } 
....................  
.................... void delay_paro(int16 segundos){ 
....................    // Iterar hasta alcanzar el tiempo equivalente en intervalos 
....................    // de 10 ms 
....................    seg=0; 
*
0441:  CLRF   29
0442:  CLRF   28
....................    for(int16 i = 0; i < segundos * 100; i++){ 
0443:  CLRF   35
0444:  CLRF   34
0445:  MOVF   33,W
0446:  MOVWF  37
0447:  MOVF   32,W
0448:  MOVWF  36
0449:  CLRF   39
044A:  MOVLW  64
044B:  MOVWF  38
*
0460:  MOVF   79,W
0461:  MOVWF  7A
0462:  MOVF   35,W
0463:  SUBWF  7A,W
0464:  BTFSS  03.0
0465:  GOTO   519
0466:  BTFSS  03.2
0467:  GOTO   46C
0468:  MOVF   78,W
0469:  SUBWF  34,W
046A:  BTFSC  03.0
046B:  GOTO   519
....................    if(i%100==0){ 
046C:  MOVF   35,W
046D:  MOVWF  37
046E:  MOVF   34,W
046F:  MOVWF  36
0470:  CLRF   39
0471:  MOVLW  64
0472:  MOVWF  38
*
0497:  MOVF   77,W
0498:  MOVWF  36
0499:  MOVF   7A,W
049A:  MOVWF  37
049B:  MOVF   36,F
049C:  BTFSS  03.2
049D:  GOTO   4DC
049E:  MOVF   37,F
049F:  BTFSS  03.2
04A0:  GOTO   4DC
....................       lcd_gotoxy(2,8); 
04A1:  MOVLW  02
04A2:  MOVWF  41
04A3:  MOVLW  08
04A4:  MOVWF  42
04A5:  CALL   13C
....................       printf(lcd_putc,"\fRUTINA %lu \nREP:%lu SEG:%lu",dato,rep,seg);// Mostrar mensaje 
04A6:  MOVLW  89
04A7:  BSF    03.6
04A8:  MOVWF  0D
04A9:  MOVLW  00
04AA:  MOVWF  0F
04AB:  BCF    03.0
04AC:  MOVLW  08
04AD:  BCF    03.6
04AE:  MOVWF  36
04AF:  CALL   387
04B0:  MOVLW  10
04B1:  MOVWF  04
04B2:  MOVF   27,W
04B3:  MOVWF  37
04B4:  MOVF   26,W
04B5:  MOVWF  36
04B6:  CALL   3DE
04B7:  MOVLW  8E
04B8:  BSF    03.6
04B9:  MOVWF  0D
04BA:  MOVLW  00
04BB:  MOVWF  0F
04BC:  BSF    03.0
04BD:  MOVLW  06
04BE:  BCF    03.6
04BF:  MOVWF  36
04C0:  CALL   387
04C1:  MOVLW  10
04C2:  MOVWF  04
04C3:  MOVF   2B,W
04C4:  MOVWF  37
04C5:  MOVF   2A,W
04C6:  MOVWF  36
04C7:  CALL   3DE
04C8:  MOVLW  93
04C9:  BSF    03.6
04CA:  MOVWF  0D
04CB:  MOVLW  00
04CC:  MOVWF  0F
04CD:  BCF    03.0
04CE:  MOVLW  05
04CF:  BCF    03.6
04D0:  MOVWF  36
04D1:  CALL   387
04D2:  MOVLW  10
04D3:  MOVWF  04
04D4:  MOVF   29,W
04D5:  MOVWF  37
04D6:  MOVF   28,W
04D7:  MOVWF  36
04D8:  CALL   3DE
....................       seg++; 
04D9:  INCF   28,F
04DA:  BTFSC  03.2
04DB:  INCF   29,F
....................    } 
....................       if(bandera==1)break; 
04DC:  BTFSC  21.1
04DD:  GOTO   519
....................       delay_ms(10); 
04DE:  MOVLW  0A
04DF:  MOVWF  41
04E0:  CALL   098
....................       if(input(boton_paro)){ 
04E1:  BSF    03.5
04E2:  BSF    09.2
04E3:  BCF    03.5
04E4:  BTFSS  09.2
04E5:  GOTO   515
....................          paro_emergencia(); 
....................          break; 
*
0514:  GOTO   519
....................       } 
0515:  INCF   34,F
0516:  BTFSC  03.2
0517:  INCF   35,F
0518:  GOTO   445
....................    } 
0519:  RETURN
.................... } 
....................  
....................  
.................... //Directiva para utilizar puerto USART 
.................... //#use rs232(BAUD=9600, XMIT = PIN_C6, RCV=PIN_C7) 
....................  
....................  
.................... void main() 
*
0659:  MOVF   03,W
065A:  ANDLW  1F
065B:  MOVWF  03
065C:  CLRF   27
065D:  CLRF   26
065E:  BCF    21.1
065F:  CLRF   2B
0660:  CLRF   2A
0661:  BSF    03.5
0662:  BSF    1F.0
0663:  BSF    1F.1
0664:  BSF    1F.2
0665:  BCF    1F.3
0666:  MOVLW  07
0667:  MOVWF  1C
0668:  BCF    03.7
.................... { 
....................    // setup_uart(9600); //Configurar baudios 
....................    // Inicializar pines 
....................    lcd_init(); 
*
066E:  GOTO   100
....................    kbd_init(); 
066F:  GOTO   130
....................     
....................    paro(); // Apagar el motor 
0670:  CALL   133
....................    input(boton_paro); 
0671:  BSF    03.5
0672:  BSF    09.2
....................    while (TRUE) 
....................     { 
....................      
....................     PreguntarDato(); 
0673:  BCF    03.5
0674:  GOTO   33B
....................  
....................        SWITCH (dato) 
0675:  MOVF   26,W
0676:  MOVWF  77
0677:  MOVF   27,W
0678:  MOVWF  7A
0679:  MOVF   7A,W
067A:  BTFSS  03.2
067B:  GOTO   680
067C:  MOVLW  69
067D:  SUBWF  77,W
067E:  BTFSC  03.2
067F:  GOTO   698
0680:  MOVF   7A,W
0681:  BTFSS  03.2
0682:  GOTO   687
0683:  MOVLW  D2
0684:  SUBWF  77,W
0685:  BTFSC  03.2
0686:  GOTO   69C
0687:  MOVLW  01
0688:  SUBWF  7A,W
0689:  BTFSS  03.2
068A:  GOTO   68F
068B:  MOVLW  3B
068C:  SUBWF  77,W
068D:  BTFSC  03.2
068E:  GOTO   6A0
068F:  MOVLW  01
0690:  SUBWF  7A,W
0691:  BTFSS  03.2
0692:  GOTO   697
0693:  MOVLW  A4
0694:  SUBWF  77,W
0695:  BTFSC  03.2
0696:  GOTO   6A5
0697:  GOTO   6AE
....................       { 
....................          CASE 105: 
....................          rutina_105(4); 
0698:  MOVLW  04
0699:  MOVWF  30
069A:  GOTO   523
....................          break; 
069B:  GOTO   6AE
....................          CASE 210: 
....................          rutina_210(3); 
069C:  MOVLW  03
069D:  MOVWF  30
069E:  GOTO   55F
....................          break; 
069F:  GOTO   6AE
....................          CASE 315: 
....................          PreguntarSegundos(); 
06A0:  CALL   589
....................          rutina_315(3); 
06A1:  MOVLW  03
06A2:  MOVWF  30
06A3:  GOTO   5BA
....................          break; 
06A4:  GOTO   6AE
....................          CASE 420: 
....................          PreguntarSegundos(); 
06A5:  CALL   589
....................          PreguntarIteraciones(); 
06A6:  GOTO   5F0
....................          veces=NIteraciones; 
06A7:  MOVF   2F,W
06A8:  MOVWF  25
06A9:  MOVF   2E,W
06AA:  MOVWF  24
....................          rutina_420(veces); 
06AB:  MOVF   24,W
06AC:  MOVWF  30
06AD:  GOTO   623
....................          break;  
....................       } 
06AE:  GOTO   674
....................     } 
.................... } 
06AF:  SLEEP

Configuration Fuses:
   Word  1: 3F32   HS NOWDT PUT NOBROWNOUT NOLVP NOCPD NOWRT NODEBUG NOPROTECT
