
ROM used:   1712/8192 (21%)
            1712/8192 (21%) including unused fragments

            1.1 Average locations per line
            5.4 Average locations per statement

RAM used:   21/368 (6%) at main() level
            56/368 (15%) worst case

Stack used: 7 worst case (7 in main + 0 for interrupts)
Stack size: 8

Lines Stmts  %   Files
----- ----- ---  -----
  250   147  47  PRACTICA3.c
  672     0   0  ..\..\..\..\..\..\..\..\Program Files (x86)\PICC\Devices\16F877a.h
  344    67  21  ..\..\..\..\..\..\..\..\Program Files (x86)\PICC\Drivers\lcd_c.c
  150    43  14  ..\..\..\..\..\..\..\..\Program Files (x86)\PICC\Drivers\kbd4x4_b.c
   99    58  18  ..\..\..\..\..\..\..\..\Program Files (x86)\PICC\Drivers\getNum16.c
----- -----
 1515   315 Total

Page ROM  %  RAM    Vol Diff  Functions:
---- --- --- ---    --- ----  ----------
0     20   1    1             @delay_ms1
0      8   0    0             @const631
 Inline         3    587  6.0  lcd_read_byte
0      6   0    0     59  4.2  lcd_read_nibble
0     17   1    1    172  3.4  lcd_send_nibble
0     61   4    3    317  4.3  lcd_send_byte
0     48   3    2    624  5.8  lcd_init
0     18   1    4    186  5.5  lcd_gotoxy
0     36   2    1    272  4.1  lcd_putc
0     20   1    0             @const656
0      3   0    0      3  0.0  kbd_init
0    105   6    3   5853 10.1  kbd_getc
0      8   0    0             @goto10645
 Inline         6    155  5.0  pow
0     42   2   13             @MUL3232
0      9   1    1     90  3.1  read_key
0    207  12    5   1660 12.1  get_num_lcd
0      3   0    0             @const688
0     86   5    4             @PSTRINGC7_649
0     67   4    2    372  4.5  PreguntarDato
0      8   0    0             @const709
0      6   0    0             @const710
0     49   3    2    287  4.9  PreguntarSegundos
0     10   1    0             @const713
0      6   0    0             @const714
0     51   3    2    287  4.9  PreguntarIteraciones
0      8   0    0             @const717
0      6   0    0             @const718
0      9   1    0     32  1.0  girarHorario
0      9   1    0     32  1.0  girarAntihorario
0      9   1    0     32  1.0  paro
0     60   4    2    428  5.5  rutina_105
0      5   0    0             @const724
0      9   1    0             @const726
0     42   2    2    299  5.3  rutina_210
0      9   1    0             @const730
0     54   3    2    388  5.4  rutina_315
0      9   1    0             @const734
0     54   3    2    388  5.4  rutina_420
0      9   1    0             @const738
 Inline         1    377  4.6  paro_emergencia
0      8   0    0             @const740
0      9   1    0             @const741
0    217  13    4    414  6.1  delay_paro
 Inline         5             @MUL1616
 Inline         5             @DIV1616
0     15   1    0             @const753
0     87   5    5             @PSTRINGCN7_649
0     99   6    9             @PRINTF_LU_649
0     87   5    0    388  4.2  MAIN
 Inline         0             @cinit1

Program metrics:
    Functions               25
    Statements              315
    Comments                266
    Volume (V)              21733
    Difficulty (D)          117.4
    Effort to implement (E) 2551568
    Time to implement (T)   39 hours, 23 minutes
    Est Delivered Bugs (B)  6
    Cyclomatic Complexity   51
    Maintainability (MI)    47

 Segment     Used  Free
-----------  ----  ----
00000-00003     4  0  
00004-007FF  1708  336  
00800-00FFF     0  2048  
01000-017FF     0  2048  
01800-01FFF     0  2048  



