
ROM used:   1737/8192 (21%)
            1737/8192 (21%) including unused fragments

            2.4 Average locations per line
            102.2 Average locations per statement

RAM used:   13/368 (4%) at main() level
            59/368 (16%) worst case

Stack used: 2 worst case (2 in main + 0 for interrupts)
Stack size: 8

Lines Stmts  %   Files
----- ----- ---  -----
   57    17 100  pureba2.c
  672     0   0  ..\..\..\..\..\..\..\..\Program Files (x86)\PICC\Devices\16F877a.h
----- -----
  729    17 Total

Page ROM  %  RAM    Vol Diff  Functions:
---- --- --- ---    --- ----  ----------
0    321  18   16    635  3.1  @ADDFF
0     37   2   12     66  3.9  sumar
0     37   2   12     66  3.9  restar
 Inline        14     66  3.9  @DIVFF
0    236  14   12     66  3.9  dividir
0    117   7   13    635  3.1  @MULFF
0     36   2   12     66  3.9  multiplicar
0    439  25    8    638  3.1  MAIN
0      7   0    0    635  3.1  @const652
0     90   5    4             @PSTRINGC7_9600_62_63
0     29   2    2             @ITOF
0     21   1    3             @DIV88
0     56   3    2             @PRINTF_U_9600_62_63
 Inline         5             @FTOSD
0     79   5   13             @DIV3232
0    228  13   13             @PRINTF_L32D_9600_62_63FPFPF
 Inline         0             @cinit1

Program metrics:
    Functions               9
    Statements              17
    Comments                121
    Volume (V)              4302
    Difficulty (D)          30.0
    Effort to implement (E) 128867
    Time to implement (T)   1 hours, 59 minutes
    Est Delivered Bugs (B)  1
    Cyclomatic Complexity   1
    Maintainability (MI)    100

 Segment     Used  Free
-----------  ----  ----
00000-00003     4  0  
00004-007FF  1733  311  
00800-00FFF     0  2048  
01000-017FF     0  2048  
01800-01FFF     0  2048  



