CCS PCM C Compiler, Version 5.025, 63300               22-mar.-23 09:45

               Filename:   C:\Users\luist\OneDrive\Escritorio\8VO\MICRO\PROGRAMAS\LINEALIZARSERVO\ls.lst

               ROM used:   1226 words (15%)
                           Largest free fragment is 2048
               RAM used:   10 (3%) at main() level
                           45 (12%) worst case
               Stack used: 5 locations
               Stack size: 8

*
0000:  MOVLW  04
0001:  MOVWF  0A
0002:  GOTO   496
0003:  NOP
.................... #include <16F877a.h> 
.................... //////////// Standard Header file for the PIC16F877A device //////////////// 
.................... /////////////////////////////////////////////////////////////////////////// 
.................... ////        (C) Copyright 1996, 2013 Custom Computer Services          //// 
.................... //// This source code may only be used by licensed users of the CCS C  //// 
.................... //// compiler.  This source code may only be distributed to other      //// 
.................... //// licensed users of the CCS C compiler.  No other use, reproduction //// 
.................... //// or distribution is permitted without written permission.          //// 
.................... //// Derivative programs created using this software in object code    //// 
.................... //// form are not restricted in any way.                               //// 
.................... /////////////////////////////////////////////////////////////////////////// 
.................... #device PIC16F877A 
0004:  BCF    0A.0
0005:  BCF    0A.1
0006:  BCF    0A.2
0007:  ADDWF  02,F
0008:  RETLW  28
0009:  RETLW  0C
000A:  RETLW  01
000B:  RETLW  06
000C:  BCF    0A.0
000D:  BCF    0A.1
000E:  BCF    0A.2
000F:  ADDWF  02,F
0010:  RETLW  31
0011:  RETLW  32
0012:  RETLW  33
0013:  RETLW  2F
0014:  RETLW  34
0015:  RETLW  35
0016:  RETLW  36
0017:  RETLW  2A
0018:  RETLW  37
0019:  RETLW  38
001A:  RETLW  39
001B:  RETLW  2D
001C:  RETLW  43
001D:  RETLW  30
001E:  RETLW  3D
001F:  RETLW  2B
0020:  DATA 20,10
0021:  DATA 20,10
0022:  DATA 20,00
0023:  DATA 8C,20
0024:  DATA EE,31
0025:  DATA E8,37
0026:  DATA 3A,00
*
00F8:  MOVF   0B,W
00F9:  MOVWF  32
00FA:  BCF    0B.7
00FB:  BSF    03.5
00FC:  BSF    03.6
00FD:  BSF    0C.7
00FE:  BSF    0C.0
00FF:  NOP
0100:  NOP
0101:  BCF    03.5
0102:  BCF    03.6
0103:  BTFSC  32.7
0104:  BSF    0B.7
0105:  BSF    03.6
0106:  MOVF   0C,W
0107:  ANDLW  7F
0108:  BTFSC  03.2
0109:  GOTO   14C
010A:  BCF    03.6
010B:  MOVWF  32
010C:  BSF    03.6
010D:  MOVF   0D,W
010E:  BCF    03.6
010F:  MOVWF  33
0110:  BSF    03.6
0111:  MOVF   0F,W
0112:  BCF    03.6
0113:  MOVWF  34
0114:  MOVF   32,W
0115:  MOVWF  35
0116:  CALL   0D4
0117:  MOVF   33,W
0118:  BSF    03.6
0119:  MOVWF  0D
011A:  BCF    03.6
011B:  MOVF   34,W
011C:  BSF    03.6
011D:  MOVWF  0F
011E:  BCF    03.6
011F:  MOVF   0B,W
0120:  MOVWF  35
0121:  BCF    0B.7
0122:  BSF    03.5
0123:  BSF    03.6
0124:  BSF    0C.7
0125:  BSF    0C.0
0126:  NOP
0127:  NOP
0128:  BCF    03.5
0129:  BCF    03.6
012A:  BTFSC  35.7
012B:  BSF    0B.7
012C:  BSF    03.6
012D:  RLF    0C,W
012E:  RLF    0E,W
012F:  ANDLW  7F
0130:  BTFSC  03.2
0131:  GOTO   14C
0132:  BCF    03.6
0133:  MOVWF  32
0134:  BSF    03.6
0135:  MOVF   0D,W
0136:  BCF    03.6
0137:  MOVWF  33
0138:  BSF    03.6
0139:  MOVF   0F,W
013A:  BCF    03.6
013B:  MOVWF  34
013C:  MOVF   32,W
013D:  MOVWF  35
013E:  CALL   0D4
013F:  MOVF   33,W
0140:  BSF    03.6
0141:  MOVWF  0D
0142:  BCF    03.6
0143:  MOVF   34,W
0144:  BSF    03.6
0145:  MOVWF  0F
0146:  INCF   0D,F
0147:  BTFSC  03.2
0148:  INCF   0F,F
0149:  BCF    03.6
014A:  GOTO   0F8
014B:  BSF    03.6
014C:  BCF    03.6
014D:  RETURN
*
01B7:  BSF    0A.0
01B8:  BCF    0A.1
01B9:  BCF    0A.2
01BA:  ADDWF  02,F
01BB:  GOTO   15A
01BC:  GOTO   160
01BD:  GOTO   166
01BE:  GOTO   16C
01BF:  MOVLW  20
01C0:  MOVWF  47
01C1:  CLRF   43
01C2:  CLRF   44
01C3:  CLRF   45
01C4:  CLRF   46
01C5:  MOVF   3E,W
01C6:  MOVWF  7A
01C7:  MOVF   3D,W
01C8:  MOVWF  79
01C9:  MOVF   3C,W
01CA:  MOVWF  78
01CB:  MOVF   3B,W
01CC:  MOVWF  77
01CD:  BCF    03.0
01CE:  BTFSS  77.0
01CF:  GOTO   1DE
01D0:  MOVF   3F,W
01D1:  ADDWF  43,F
01D2:  MOVF   40,W
01D3:  BTFSC  03.0
01D4:  INCFSZ 40,W
01D5:  ADDWF  44,F
01D6:  MOVF   41,W
01D7:  BTFSC  03.0
01D8:  INCFSZ 41,W
01D9:  ADDWF  45,F
01DA:  MOVF   42,W
01DB:  BTFSC  03.0
01DC:  INCFSZ 42,W
01DD:  ADDWF  46,F
01DE:  RRF    46,F
01DF:  RRF    45,F
01E0:  RRF    44,F
01E1:  RRF    43,F
01E2:  RRF    7A,F
01E3:  RRF    79,F
01E4:  RRF    78,F
01E5:  RRF    77,F
01E6:  DECFSZ 47,F
01E7:  GOTO   1CD
01E8:  RETURN
*
02D4:  MOVLW  8E
02D5:  MOVWF  77
02D6:  MOVF   2C,W
02D7:  MOVWF  78
02D8:  MOVF   2B,W
02D9:  MOVWF  79
02DA:  CLRF   7A
02DB:  MOVF   78,F
02DC:  BTFSS  03.2
02DD:  GOTO   2E8
02DE:  MOVF   79,W
02DF:  MOVWF  78
02E0:  CLRF   79
02E1:  MOVLW  08
02E2:  SUBWF  77,F
02E3:  MOVF   78,F
02E4:  BTFSS  03.2
02E5:  GOTO   2E8
02E6:  CLRF   77
02E7:  GOTO   2F0
02E8:  BCF    03.0
02E9:  BTFSC  78.7
02EA:  GOTO   2EF
02EB:  RLF    79,F
02EC:  RLF    78,F
02ED:  DECF   77,F
02EE:  GOTO   2E8
02EF:  BCF    78.7
*
0300:  MOVLW  80
0301:  BTFSC  03.1
0302:  XORWF  30,F
0303:  CLRF   35
0304:  CLRF   36
0305:  MOVF   2C,W
0306:  MOVWF  34
0307:  MOVF   30,W
0308:  XORWF  34,F
0309:  MOVF   2B,W
030A:  BTFSC  03.2
030B:  GOTO   3F0
030C:  MOVWF  33
030D:  MOVWF  77
030E:  MOVF   2F,W
030F:  BTFSC  03.2
0310:  GOTO   3F9
0311:  SUBWF  33,F
0312:  BTFSC  03.2
0313:  GOTO   395
0314:  BTFSS  03.0
0315:  GOTO   353
0316:  MOVF   30,W
0317:  MOVWF  39
0318:  BSF    39.7
0319:  MOVF   31,W
031A:  MOVWF  38
031B:  MOVF   32,W
031C:  MOVWF  37
031D:  CLRF   36
031E:  BCF    03.0
031F:  RRF    39,F
0320:  RRF    38,F
0321:  RRF    37,F
0322:  RRF    36,F
0323:  DECFSZ 33,F
0324:  GOTO   31D
0325:  BTFSS  34.7
0326:  GOTO   32A
0327:  BSF    35.0
0328:  GOTO   40D
0329:  BCF    35.0
032A:  BCF    33.0
032B:  BSF    35.4
032C:  MOVLW  2E
032D:  MOVWF  04
032E:  BCF    03.7
032F:  GOTO   422
0330:  BCF    35.4
0331:  BTFSC  34.7
0332:  GOTO   33D
0333:  BTFSS  33.0
0334:  GOTO   348
0335:  RRF    39,F
0336:  RRF    38,F
0337:  RRF    37,F
0338:  RRF    36,F
0339:  INCF   77,F
033A:  BTFSC  03.2
033B:  GOTO   408
033C:  GOTO   348
033D:  BTFSC  39.7
033E:  GOTO   34B
033F:  BCF    03.0
0340:  RLF    36,F
0341:  RLF    37,F
0342:  RLF    38,F
0343:  RLF    39,F
0344:  DECF   77,F
0345:  BTFSC  03.2
0346:  GOTO   408
0347:  GOTO   33D
0348:  BSF    35.6
0349:  GOTO   3B5
034A:  BCF    35.6
034B:  MOVF   2C,W
034C:  MOVWF  34
034D:  BTFSS  34.7
034E:  GOTO   351
034F:  BSF    39.7
0350:  GOTO   401
0351:  BCF    39.7
0352:  GOTO   401
0353:  MOVF   2F,W
0354:  MOVWF  33
0355:  MOVWF  77
0356:  MOVF   2B,W
0357:  SUBWF  33,F
0358:  MOVF   2C,W
0359:  MOVWF  39
035A:  BSF    39.7
035B:  MOVF   2D,W
035C:  MOVWF  38
035D:  MOVF   2E,W
035E:  MOVWF  37
035F:  CLRF   36
0360:  BCF    03.0
0361:  RRF    39,F
0362:  RRF    38,F
0363:  RRF    37,F
0364:  RRF    36,F
0365:  DECFSZ 33,F
0366:  GOTO   35F
0367:  BTFSS  34.7
0368:  GOTO   36C
0369:  BSF    35.1
036A:  GOTO   40D
036B:  BCF    35.1
036C:  BCF    33.0
036D:  BSF    35.5
036E:  MOVLW  32
036F:  MOVWF  04
0370:  BCF    03.7
0371:  GOTO   422
0372:  BCF    35.5
0373:  BTFSC  34.7
0374:  GOTO   37F
0375:  BTFSS  33.0
0376:  GOTO   38A
0377:  RRF    39,F
0378:  RRF    38,F
0379:  RRF    37,F
037A:  RRF    36,F
037B:  INCF   77,F
037C:  BTFSC  03.2
037D:  GOTO   408
037E:  GOTO   38A
037F:  BTFSC  39.7
0380:  GOTO   38D
0381:  BCF    03.0
0382:  RLF    36,F
0383:  RLF    37,F
0384:  RLF    38,F
0385:  RLF    39,F
0386:  DECF   77,F
0387:  BTFSC  03.2
0388:  GOTO   408
0389:  GOTO   37F
038A:  BSF    35.7
038B:  GOTO   3B5
038C:  BCF    35.7
038D:  MOVF   30,W
038E:  MOVWF  34
038F:  BTFSS  34.7
0390:  GOTO   393
0391:  BSF    39.7
0392:  GOTO   401
0393:  BCF    39.7
0394:  GOTO   401
0395:  MOVF   30,W
0396:  MOVWF  39
0397:  BSF    39.7
0398:  MOVF   31,W
0399:  MOVWF  38
039A:  MOVF   32,W
039B:  MOVWF  37
039C:  BTFSS  34.7
039D:  GOTO   3A2
039E:  BCF    39.7
039F:  BSF    35.2
03A0:  GOTO   40D
03A1:  BCF    35.2
03A2:  CLRF   36
03A3:  BCF    33.0
03A4:  MOVLW  2E
03A5:  MOVWF  04
03A6:  BCF    03.7
03A7:  GOTO   422
03A8:  BTFSC  34.7
03A9:  GOTO   3CB
03AA:  MOVF   2C,W
03AB:  MOVWF  34
03AC:  BTFSS  33.0
03AD:  GOTO   3B5
03AE:  RRF    39,F
03AF:  RRF    38,F
03B0:  RRF    37,F
03B1:  RRF    36,F
03B2:  INCF   77,F
03B3:  BTFSC  03.2
03B4:  GOTO   408
03B5:  BTFSS  36.7
03B6:  GOTO   3C6
03B7:  INCF   37,F
03B8:  BTFSS  03.2
03B9:  GOTO   3C6
03BA:  INCF   38,F
03BB:  BTFSS  03.2
03BC:  GOTO   3C6
03BD:  INCF   39,F
03BE:  BTFSS  03.2
03BF:  GOTO   3C6
03C0:  RRF    39,F
03C1:  RRF    38,F
03C2:  RRF    37,F
03C3:  INCF   77,F
03C4:  BTFSC  03.2
03C5:  GOTO   408
03C6:  BTFSC  35.6
03C7:  GOTO   34A
03C8:  BTFSC  35.7
03C9:  GOTO   38C
03CA:  GOTO   3EA
03CB:  MOVLW  80
03CC:  XORWF  39,F
03CD:  BTFSS  39.7
03CE:  GOTO   3D3
03CF:  GOTO   40D
03D0:  MOVF   30,W
03D1:  MOVWF  34
03D2:  GOTO   3E0
03D3:  MOVF   2C,W
03D4:  MOVWF  34
03D5:  MOVF   39,F
03D6:  BTFSS  03.2
03D7:  GOTO   3E0
03D8:  MOVF   38,F
03D9:  BTFSS  03.2
03DA:  GOTO   3E0
03DB:  MOVF   37,F
03DC:  BTFSS  03.2
03DD:  GOTO   3E0
03DE:  CLRF   77
03DF:  GOTO   401
03E0:  BTFSC  39.7
03E1:  GOTO   3EA
03E2:  BCF    03.0
03E3:  RLF    36,F
03E4:  RLF    37,F
03E5:  RLF    38,F
03E6:  RLF    39,F
03E7:  DECFSZ 77,F
03E8:  GOTO   3E0
03E9:  GOTO   408
03EA:  BTFSS  34.7
03EB:  GOTO   3EE
03EC:  BSF    39.7
03ED:  GOTO   401
03EE:  BCF    39.7
03EF:  GOTO   401
03F0:  MOVF   2F,W
03F1:  MOVWF  77
03F2:  MOVF   30,W
03F3:  MOVWF  39
03F4:  MOVF   31,W
03F5:  MOVWF  38
03F6:  MOVF   32,W
03F7:  MOVWF  37
03F8:  GOTO   401
03F9:  MOVF   2B,W
03FA:  MOVWF  77
03FB:  MOVF   2C,W
03FC:  MOVWF  39
03FD:  MOVF   2D,W
03FE:  MOVWF  38
03FF:  MOVF   2E,W
0400:  MOVWF  37
0401:  MOVF   39,W
0402:  MOVWF  78
0403:  MOVF   38,W
0404:  MOVWF  79
0405:  MOVF   37,W
0406:  MOVWF  7A
0407:  GOTO   440
0408:  CLRF   77
0409:  CLRF   78
040A:  CLRF   79
040B:  CLRF   7A
040C:  GOTO   440
040D:  CLRF   36
040E:  COMF   37,F
040F:  COMF   38,F
0410:  COMF   39,F
0411:  COMF   36,F
0412:  INCF   36,F
0413:  BTFSS  03.2
0414:  GOTO   41B
0415:  INCF   37,F
0416:  BTFSS  03.2
0417:  GOTO   41B
0418:  INCF   38,F
0419:  BTFSC  03.2
041A:  INCF   39,F
041B:  BTFSC  35.0
041C:  GOTO   329
041D:  BTFSC  35.1
041E:  GOTO   36B
041F:  BTFSC  35.2
0420:  GOTO   3A1
0421:  GOTO   3D0
0422:  MOVF   00,W
0423:  ADDWF  37,F
0424:  BTFSS  03.0
0425:  GOTO   42C
0426:  INCF   38,F
0427:  BTFSS  03.2
0428:  GOTO   42C
0429:  INCF   39,F
042A:  BTFSC  03.2
042B:  BSF    33.0
042C:  DECF   04,F
042D:  MOVF   00,W
042E:  ADDWF  38,F
042F:  BTFSS  03.0
0430:  GOTO   434
0431:  INCF   39,F
0432:  BTFSC  03.2
0433:  BSF    33.0
0434:  DECF   04,F
0435:  MOVF   00,W
0436:  BTFSS  00.7
0437:  XORLW  80
0438:  ADDWF  39,F
0439:  BTFSC  03.0
043A:  BSF    33.0
043B:  BTFSC  35.4
043C:  GOTO   330
043D:  BTFSC  35.5
043E:  GOTO   372
043F:  GOTO   3A8
*
0448:  MOVLW  8E
0449:  MOVWF  77
044A:  MOVF   2B,W
044B:  SUBWF  77,F
044C:  MOVF   2C,W
044D:  MOVWF  79
044E:  MOVF   2D,W
044F:  MOVWF  78
0450:  BSF    79.7
0451:  MOVF   77,F
0452:  BTFSC  03.2
0453:  GOTO   45F
0454:  BCF    03.0
0455:  MOVF   79,F
0456:  BTFSS  03.2
0457:  GOTO   45B
0458:  MOVF   78,F
0459:  BTFSC  03.2
045A:  GOTO   45F
045B:  RRF    79,F
045C:  RRF    78,F
045D:  DECFSZ 77,F
045E:  GOTO   454
045F:  BTFSS  2C.7
0460:  GOTO   466
0461:  COMF   78,F
0462:  COMF   79,F
0463:  INCF   78,F
0464:  BTFSC  03.2
0465:  INCF   79,F
....................  
.................... #list 
....................  
....................  
.................... #device ADC = 10 
....................  
.................... #use delay(crystal = 20000000) 
*
0027:  MOVLW  36
0028:  MOVWF  04
0029:  BCF    03.7
002A:  MOVF   00,W
002B:  BTFSC  03.2
002C:  GOTO   03A
002D:  MOVLW  06
002E:  MOVWF  78
002F:  CLRF   77
0030:  DECFSZ 77,F
0031:  GOTO   030
0032:  DECFSZ 78,F
0033:  GOTO   02F
0034:  MOVLW  7B
0035:  MOVWF  77
0036:  DECFSZ 77,F
0037:  GOTO   036
0038:  DECFSZ 00,F
0039:  GOTO   02D
003A:  RETURN
*
02C1:  MOVLW  03
02C2:  SUBWF  2C,F
02C3:  BTFSS  03.0
02C4:  GOTO   2CF
02C5:  MOVLW  2C
02C6:  MOVWF  04
02C7:  BCF    03.7
02C8:  MOVF   00,W
02C9:  BTFSC  03.2
02CA:  GOTO   2CF
02CB:  GOTO   2CD
02CC:  GOTO   2CD
02CD:  DECFSZ 00,F
02CE:  GOTO   2CC
02CF:  RETURN
....................  
.................... #FUSES NOWDT, NOBROWNOUT, NOLVP, HS 
....................  
....................  
....................  
....................  
.................... #include <lcd_c.c> 
.................... /////////////////////////////////////////////////////////////////////////////// 
.................... ////                             LCD.C                                     //// 
.................... ////                 Driver for common LCD modules                         //// 
.................... ////                                                                       //// 
.................... ////  lcd_init()   Must be called before any other function.               //// 
.................... ////                                                                       //// 
.................... ////  lcd_putc(c)  Will display c on the next position of the LCD.         //// 
.................... ////                     The following have special meaning:               //// 
.................... ////                      \f  Clear display                                //// 
.................... ////                      \n  Go to start of second line                   //// 
.................... ////                      \b  Move back one position                       //// 
.................... ////                                                                       //// 
.................... ////  lcd_gotoxy(x,y) Set write position on LCD (upper left is 1,1)        //// 
.................... ////                                                                       //// 
.................... ////  lcd_getc(x,y)   Returns character at position x,y on LCD             //// 
.................... ////                                                                       //// 
.................... ////  CONFIGURATION                                                        //// 
.................... ////  The LCD can be configured in one of two ways: a.) port access or     //// 
.................... ////  b.) pin access.  Port access requires the entire 7 bit interface     //// 
.................... ////  connected to one GPIO port, and the data bits (D4:D7 of the LCD)     //// 
.................... ////  connected to sequential pins on the GPIO.  Pin access                //// 
.................... ////  has no requirements, all 7 bits of the control interface can         //// 
.................... ////  can be connected to any GPIO using several ports.                    //// 
.................... ////                                                                       //// 
.................... ////  To use port access, #define LCD_DATA_PORT to the SFR location of     //// 
.................... ////  of the GPIO port that holds the interface, -AND- edit LCD_PIN_MAP    //// 
.................... ////  of this file to configure the pin order.  If you are using a         //// 
.................... ////  baseline PIC (PCB), then LCD_OUTPUT_MAP and LCD_INPUT_MAP also must  //// 
.................... ////  be defined.                                                          //// 
.................... ////                                                                       //// 
.................... ////  Example of port access:                                              //// 
.................... ////     #define LCD_DATA_PORT getenv("SFR:PORTD")                         //// 
.................... ////                                                                       //// 
.................... ////  To use pin access, the following pins must be defined:               //// 
.................... ////     LCD_ENABLE_PIN                                                    //// 
.................... ////     LCD_RS_PIN                                                        //// 
.................... ////     LCD_RW_PIN                                                        //// 
.................... ////     LCD_DATA4                                                         //// 
.................... ////     LCD_DATA5                                                         //// 
.................... ////     LCD_DATA6                                                         //// 
.................... ////     LCD_DATA7                                                         //// 
.................... ////                                                                       //// 
.................... ////  Example of pin access:                                               //// 
.................... ////     #define LCD_ENABLE_PIN  PIN_E0                                    //// 
.................... ////     #define LCD_RS_PIN      PIN_E1                                    //// 
.................... ////     #define LCD_RW_PIN      PIN_E2                                    //// 
.................... ////     #define LCD_DATA4       PIN_D4                                    //// 
.................... ////     #define LCD_DATA5       PIN_D5                                    //// 
.................... ////     #define LCD_DATA6       PIN_D6                                    //// 
.................... ////     #define LCD_DATA7       PIN_D7                                    //// 
.................... ////                                                                       //// 
.................... /////////////////////////////////////////////////////////////////////////////// 
.................... ////        (C) Copyright 1996,2009 Custom Computer Services           //// 
.................... //// This source code may only be used by licensed users of the CCS C  //// 
.................... //// compiler.  This source code may only be distributed to other      //// 
.................... //// licensed users of the CCS C compiler.  No other use, reproduction //// 
.................... //// or distribution is permitted without written permission.          //// 
.................... //// Derivative programs created using this software in object code    //// 
.................... //// form are not restricted in any way.                               //// 
.................... /////////////////////////////////////////////////////////////////////////// 
....................  
.................... #define LCD_DATA_PORT      0x07     //portc    LA PUSE YO  
....................  
.................... typedef struct   
.................... {                            // This structure is overlayed 
....................    BOOLEAN enable;           // on to an I/O port to gain 
....................    BOOLEAN rs;               // access to the LCD pins. 
....................    BOOLEAN rw;               // The bits are allocated from 
....................    BOOLEAN unused;           // low order up.  ENABLE will 
....................    int     data : 4;         // be LSB pin of that port. 
....................   #if defined(__PCD__)       // The port used will be LCD_DATA_PORT. 
....................    int    reserved: 8; 
....................   #endif 
.................... } LCD_PIN_MAP; 
....................  
.................... #define use_portb_lcd TRUE 
....................  
.................... #if defined(__PCB__) 
....................    // these definitions only need to be modified for baseline PICs. 
....................    // all other PICs use LCD_PIN_MAP or individual LCD_xxx pin definitions. 
.................... /*                                    EN, RS,   RW,   UNUSED,  DATA  */ 
....................  const LCD_PIN_MAP LCD_OUTPUT_MAP =  {0,  0,    0,    0,       0}; 
....................  const LCD_PIN_MAP LCD_INPUT_MAP =   {0,  0,    0,    0,       0xF}; 
.................... #endif 
....................  
....................  
....................  
.................... ////////////////////// END CONFIGURATION /////////////////////////////////// 
....................  
.................... #ifndef LCD_ENABLE_PIN 
....................    #define lcd_output_enable(x) lcdlat.enable=x 
....................    #define lcd_enable_tris()   lcdtris.enable=0 
.................... #else 
....................    #define lcd_output_enable(x) output_bit(LCD_ENABLE_PIN, x) 
....................    #define lcd_enable_tris()  output_drive(LCD_ENABLE_PIN) 
.................... #endif 
....................  
.................... #ifndef LCD_RS_PIN 
....................    #define lcd_output_rs(x) lcdlat.rs=x 
....................    #define lcd_rs_tris()   lcdtris.rs=0 
.................... #else 
....................    #define lcd_output_rs(x) output_bit(LCD_RS_PIN, x) 
....................    #define lcd_rs_tris()  output_drive(LCD_RS_PIN) 
.................... #endif 
....................  
.................... #ifndef LCD_RW_PIN 
....................    #define lcd_output_rw(x) lcdlat.rw=x 
....................    #define lcd_rw_tris()   lcdtris.rw=0 
.................... #else 
....................    #define lcd_output_rw(x) output_bit(LCD_RW_PIN, x) 
....................    #define lcd_rw_tris()  output_drive(LCD_RW_PIN) 
.................... #endif 
....................  
.................... #ifndef LCD_DATA_PORT 
....................    #if defined(__PCB__) 
....................       #define LCD_DATA_PORT      0x06     //portb 
....................       #define set_tris_lcd(x)   set_tris_b(x) 
....................    #elif defined(__PCM__) 
....................       #define LCD_DATA_PORT      getenv("SFR:PORTD")     //portd 
....................    #elif defined(__PCH__) 
....................       #define LCD_DATA_PORT      getenv("SFR:PORTD")    //portd 
....................    #elif defined(__PCD__) 
....................       #define LCD_DATA_PORT      getenv("SFR:PORTD")    //portd 
....................    #endif    
.................... #endif 
....................  
.................... #if defined(__PCB__) 
....................    LCD_PIN_MAP lcd, lcdlat; 
....................    #byte lcd = LCD_DATA_PORT 
....................    #byte lcdlat = LCD_DATA_PORT 
.................... #elif defined(__PCM__) 
....................    LCD_PIN_MAP lcd, lcdlat, lcdtris; 
....................    #byte lcd = LCD_DATA_PORT 
....................    #byte lcdlat = LCD_DATA_PORT 
....................    #byte lcdtris = LCD_DATA_PORT+0x80 
.................... #elif defined(__PCH__) 
....................    LCD_PIN_MAP lcd, lcdlat, lcdtris; 
....................    #byte lcd = LCD_DATA_PORT 
....................    #byte lcdlat = LCD_DATA_PORT+9 
....................    #byte lcdtris = LCD_DATA_PORT+0x12 
.................... #elif defined(__PCD__) 
....................    LCD_PIN_MAP lcd, lcdlat, lcdtris; 
....................    #word lcd = LCD_DATA_PORT 
....................    #word lcdlat = LCD_DATA_PORT+2 
....................    #word lcdtris = LCD_DATA_PORT-0x02 
.................... #endif 
....................  
.................... #ifndef LCD_TYPE 
....................    #define LCD_TYPE 2           // 0=5x7, 1=5x10, 2=2 lines 
.................... #endif 
....................  
.................... #ifndef LCD_LINE_TWO 
....................    #define LCD_LINE_TWO 0x40    // LCD RAM address for the second line 
.................... #endif 
....................  
.................... BYTE const LCD_INIT_STRING[4] = {0x20 | (lcd_type << 2), 0xc, 1, 6}; 
....................                              // These bytes need to be sent to the LCD 
....................                              // to start it up. 
....................  
.................... // original version of this library incorrectly labeled LCD_DATA0 as LCD_DATA4, 
.................... // LCD_DATA1 as LCD_DATA5, and so on.  this block of code makes the driver 
.................... // compatible with any code written for the original library 
.................... #if (defined(LCD_DATA0) && defined(LCD_DATA1) && defined(LCD_DATA2) && defined(LCD_DATA3) && !defined(LCD_DATA4) && !defined(LCD_DATA5) && !defined(LCD_DATA6) && !defined(LCD_DATA7)) 
....................    #define  LCD_DATA4    LCD_DATA0 
....................    #define  LCD_DATA5    LCD_DATA1 
....................    #define  LCD_DATA6    LCD_DATA2 
....................    #define  LCD_DATA7    LCD_DATA3 
.................... #endif 
....................  
.................... BYTE lcd_read_nibble(void); 
....................  
.................... BYTE lcd_read_byte(void) 
.................... { 
....................    BYTE low,high; 
....................  
....................  #if defined(__PCB__) 
....................    set_tris_lcd(LCD_INPUT_MAP); 
....................  #else 
....................   #if (defined(LCD_DATA4) && defined(LCD_DATA5) && defined(LCD_DATA6) && defined(LCD_DATA7)) 
....................    output_float(LCD_DATA4); 
....................    output_float(LCD_DATA5); 
....................    output_float(LCD_DATA6); 
....................    output_float(LCD_DATA7); 
....................   #else 
....................    lcdtris.data = 0xF; 
*
0053:  MOVLW  0F
0054:  BSF    03.5
0055:  ANDWF  07,W
0056:  IORLW  F0
0057:  MOVWF  07
....................   #endif 
....................  #endif 
....................          
....................    lcd_output_rw(1); 
0058:  BCF    03.5
0059:  BSF    07.2
....................    delay_cycles(1); 
005A:  NOP
....................    lcd_output_enable(1); 
005B:  BSF    07.0
....................    delay_cycles(1); 
005C:  NOP
....................    high = lcd_read_nibble(); 
005D:  CALL   04C
005E:  MOVF   78,W
005F:  MOVWF  3D
....................        
....................    lcd_output_enable(0); 
0060:  BCF    07.0
....................    delay_cycles(1); 
0061:  NOP
....................    lcd_output_enable(1); 
0062:  BSF    07.0
....................    delay_us(1); 
0063:  GOTO   064
0064:  GOTO   065
0065:  NOP
....................    low = lcd_read_nibble(); 
0066:  CALL   04C
0067:  MOVF   78,W
0068:  MOVWF  3C
....................        
....................    lcd_output_enable(0); 
0069:  BCF    07.0
....................  
....................  #if defined(__PCB__) 
....................    set_tris_lcd(LCD_INPUT_MAP); 
....................  #else 
....................   #if (defined(LCD_DATA4) && defined(LCD_DATA5) && defined(LCD_DATA6) && defined(LCD_DATA7)) 
....................    output_drive(LCD_DATA4); 
....................    output_drive(LCD_DATA5); 
....................    output_drive(LCD_DATA6); 
....................    output_drive(LCD_DATA7); 
....................   #else 
....................    lcdtris.data = 0x0; 
006A:  MOVLW  0F
006B:  BSF    03.5
006C:  ANDWF  07,W
006D:  MOVWF  07
....................   #endif 
....................  #endif 
....................  
....................    return( (high<<4) | low); 
006E:  BCF    03.5
006F:  SWAPF  3D,W
0070:  MOVWF  77
0071:  MOVLW  F0
0072:  ANDWF  77,F
0073:  MOVF   77,W
0074:  IORWF  3C,W
0075:  MOVWF  78
.................... } 
....................  
.................... BYTE lcd_read_nibble(void) 
.................... { 
....................   #if (defined(LCD_DATA4) && defined(LCD_DATA5) && defined(LCD_DATA6) && defined(LCD_DATA7)) 
....................    BYTE n = 0x00; 
....................  
....................    /* Read the data port */ 
....................    n |= input(LCD_DATA4); 
....................    n |= input(LCD_DATA5) << 1; 
....................    n |= input(LCD_DATA6) << 2; 
....................    n |= input(LCD_DATA7) << 3; 
....................     
....................    return(n); 
....................   #else 
....................    return(lcd.data); 
*
004C:  MOVF   07,W
004D:  MOVWF  77
004E:  SWAPF  07,W
004F:  ANDLW  0F
0050:  MOVWF  78
....................   #endif 
0051:  RETURN
.................... } 
....................  
.................... void lcd_send_nibble(BYTE n) 
.................... { 
....................   #if (defined(LCD_DATA4) && defined(LCD_DATA5) && defined(LCD_DATA6) && defined(LCD_DATA7)) 
....................    /* Write to the data port */ 
....................    output_bit(LCD_DATA4, BIT_TEST(n, 0)); 
....................    output_bit(LCD_DATA5, BIT_TEST(n, 1)); 
....................    output_bit(LCD_DATA6, BIT_TEST(n, 2)); 
....................    output_bit(LCD_DATA7, BIT_TEST(n, 3)); 
....................   #else       
....................    lcdlat.data = n; 
*
003B:  SWAPF  3D,W
003C:  ANDLW  F0
003D:  MOVWF  77
003E:  MOVLW  0F
003F:  ANDWF  07,W
0040:  IORWF  77,W
0041:  MOVWF  07
....................   #endif 
....................        
....................    delay_cycles(1); 
0042:  NOP
....................    lcd_output_enable(1); 
0043:  BSF    07.0
....................    delay_us(2); 
0044:  MOVLW  02
0045:  MOVWF  77
0046:  DECFSZ 77,F
0047:  GOTO   046
0048:  GOTO   049
0049:  NOP
....................    lcd_output_enable(0); 
004A:  BCF    07.0
004B:  RETURN
.................... } 
....................  
.................... void lcd_send_byte(BYTE address, BYTE n) 
.................... { 
....................    lcd_output_rs(0); 
*
0052:  BCF    07.1
....................    while ( bit_test(lcd_read_byte(),7) ) ; 
*
0076:  MOVF   78,W
0077:  MOVWF  3C
0078:  BTFSC  3C.7
0079:  GOTO   053
....................    lcd_output_rs(address); 
007A:  BTFSS  3A.0
007B:  BCF    07.1
007C:  BTFSC  3A.0
007D:  BSF    07.1
....................    delay_cycles(1); 
007E:  NOP
....................    lcd_output_rw(0); 
007F:  BCF    07.2
....................    delay_cycles(1); 
0080:  NOP
....................    lcd_output_enable(0); 
0081:  BCF    07.0
....................    lcd_send_nibble(n >> 4); 
0082:  SWAPF  3B,W
0083:  MOVWF  3C
0084:  MOVLW  0F
0085:  ANDWF  3C,F
0086:  MOVF   3C,W
0087:  MOVWF  3D
0088:  CALL   03B
....................    lcd_send_nibble(n & 0xf); 
0089:  MOVF   3B,W
008A:  ANDLW  0F
008B:  MOVWF  3C
008C:  MOVWF  3D
008D:  CALL   03B
008E:  RETURN
.................... } 
....................  
.................... void lcd_init(void)  
.................... { 
....................    BYTE i; 
....................  
....................  #if defined(__PCB__) 
....................    set_tris_lcd(LCD_OUTPUT_MAP); 
....................  #else 
....................   #if (defined(LCD_DATA4) && defined(LCD_DATA5) && defined(LCD_DATA6) && defined(LCD_DATA7)) 
....................    output_drive(LCD_DATA4); 
....................    output_drive(LCD_DATA5); 
....................    output_drive(LCD_DATA6); 
....................    output_drive(LCD_DATA7); 
....................   #else 
....................    lcdtris.data = 0x0; 
008F:  MOVLW  0F
0090:  BSF    03.5
0091:  ANDWF  07,W
0092:  MOVWF  07
....................   #endif 
....................    lcd_enable_tris(); 
0093:  BCF    07.0
....................    lcd_rs_tris(); 
0094:  BCF    07.1
....................    lcd_rw_tris(); 
0095:  BCF    07.2
....................  #endif 
....................  
....................    lcd_output_rs(0); 
0096:  BCF    03.5
0097:  BCF    07.1
....................    lcd_output_rw(0); 
0098:  BCF    07.2
....................    lcd_output_enable(0); 
0099:  BCF    07.0
....................      
....................    delay_ms(15); 
009A:  MOVLW  0F
009B:  MOVWF  36
009C:  CALL   027
....................    for(i=1;i<=3;++i) 
009D:  MOVLW  01
009E:  MOVWF  26
009F:  MOVF   26,W
00A0:  SUBLW  03
00A1:  BTFSS  03.0
00A2:  GOTO   0AB
....................    { 
....................        lcd_send_nibble(3); 
00A3:  MOVLW  03
00A4:  MOVWF  3D
00A5:  CALL   03B
....................        delay_ms(5); 
00A6:  MOVLW  05
00A7:  MOVWF  36
00A8:  CALL   027
00A9:  INCF   26,F
00AA:  GOTO   09F
....................    } 
....................      
....................    lcd_send_nibble(2); 
00AB:  MOVLW  02
00AC:  MOVWF  3D
00AD:  CALL   03B
....................    for(i=0;i<=3;++i) 
00AE:  CLRF   26
00AF:  MOVF   26,W
00B0:  SUBLW  03
00B1:  BTFSS  03.0
00B2:  GOTO   0BC
....................       lcd_send_byte(0,LCD_INIT_STRING[i]); 
00B3:  MOVF   26,W
00B4:  CALL   004
00B5:  MOVWF  27
00B6:  CLRF   3A
00B7:  MOVF   27,W
00B8:  MOVWF  3B
00B9:  CALL   052
00BA:  INCF   26,F
00BB:  GOTO   0AF
00BC:  BCF    0A.3
00BD:  BCF    0A.4
00BE:  GOTO   4A7 (RETURN)
.................... } 
....................  
.................... void lcd_gotoxy(BYTE x, BYTE y) 
.................... { 
....................    BYTE address; 
....................  
....................    if(y!=1) 
*
00C2:  DECFSZ 37,W
00C3:  GOTO   0C5
00C4:  GOTO   0C8
....................       address=LCD_LINE_TWO; 
00C5:  MOVLW  40
00C6:  MOVWF  38
00C7:  GOTO   0C9
....................    else 
....................       address=0; 
00C8:  CLRF   38
....................       
....................    address+=x-1; 
00C9:  MOVLW  01
00CA:  SUBWF  36,W
00CB:  ADDWF  38,F
....................    lcd_send_byte(0,0x80|address); 
00CC:  MOVF   38,W
00CD:  IORLW  80
00CE:  MOVWF  39
00CF:  CLRF   3A
00D0:  MOVF   39,W
00D1:  MOVWF  3B
00D2:  CALL   052
00D3:  RETURN
.................... } 
....................  
.................... void lcd_putc(char c) 
.................... { 
....................    switch (c) 
00D4:  MOVF   35,W
00D5:  XORLW  0C
00D6:  BTFSC  03.2
00D7:  GOTO   0DF
00D8:  XORLW  06
00D9:  BTFSC  03.2
00DA:  GOTO   0E7
00DB:  XORLW  02
00DC:  BTFSC  03.2
00DD:  GOTO   0ED
00DE:  GOTO   0F2
....................    { 
....................       case '\f'   :  lcd_send_byte(0,1); 
00DF:  CLRF   3A
00E0:  MOVLW  01
00E1:  MOVWF  3B
00E2:  CALL   052
....................                      delay_ms(2); 
00E3:  MOVLW  02
00E4:  MOVWF  36
00E5:  CALL   027
....................                      break; 
00E6:  GOTO   0F7
....................                       
....................       case '\n'   : lcd_gotoxy(1,2);        break; 
00E7:  MOVLW  01
00E8:  MOVWF  36
00E9:  MOVLW  02
00EA:  MOVWF  37
00EB:  CALL   0C2
00EC:  GOTO   0F7
....................       
....................       case '\b'   : lcd_send_byte(0,0x10);  break; 
00ED:  CLRF   3A
00EE:  MOVLW  10
00EF:  MOVWF  3B
00F0:  CALL   052
00F1:  GOTO   0F7
....................       
....................       default     : lcd_send_byte(1,c);     break; 
00F2:  MOVLW  01
00F3:  MOVWF  3A
00F4:  MOVF   35,W
00F5:  MOVWF  3B
00F6:  CALL   052
....................    } 
00F7:  RETURN
.................... } 
....................   
.................... char lcd_getc(BYTE x, BYTE y) 
.................... { 
....................    char value; 
....................  
....................    lcd_gotoxy(x,y); 
....................    while ( bit_test(lcd_read_byte(),7) ); // wait until busy flag is low 
....................    lcd_output_rs(1); 
....................    value = lcd_read_byte(); 
....................    lcd_output_rs(0); 
....................     
....................    return(value); 
.................... } 
....................  
....................  
.................... #include <kbd4x4_d.c> 
.................... /////////////////////////////////////////////////////////////////////////// 
.................... ////                             KBD4x4_1.C                                //// 
.................... ////                  Generic keypad scan driver                       //// 
.................... ////                                                                   //// 
.................... ////  kbd_init()   Must be called before any other function.           //// 
.................... ////                                                                   //// 
.................... ////  c = kbd_getc(c)  Will return a key value if pressed or /0 if not //// 
.................... ////                   This function should be called frequently so as //// 
.................... ////                   not to miss a key press.                        //// 
.................... ////                                                                   //// 
.................... /////////////////////////////////////////////////////////////////////////// 
.................... ////        (C) Copyright 1996,2003 Custom Computer Services           //// 
.................... //// This source code may only be used by licensed users of the CCS C  //// 
.................... //// compiler.  This source code may only be distributed to other      //// 
.................... //// licensed users of the CCS C compiler.  No other use, reproduction //// 
.................... //// or distribution is permitted without written permission.          //// 
.................... //// Derivative programs created using this software in object code    //// 
.................... //// form are not restricted in any way.                               //// 
.................... /////////////////////////////////////////////////////////////////////////// 
....................  
.................... ////////////////// The following defines the keypad layout on port D 
....................  
.................... // Un-comment the following define to use port B 
.................... //#define use_portb_kbd TRUE 
....................  
.................... // Make sure the port used has pull-up resistors (or the LCD) on 
.................... // the column pins 
....................  
....................  
.................... #if defined(__PCH__) 
.................... #if defined use_portb_kbd 
....................    #byte kbd = 0xF81                   // This puts the entire structure 
.................... #else 
....................    #byte kbd = 0xF83                   // This puts the entire structure 
.................... #endif 
.................... #else 
.................... #if defined use_portb_kbd 
....................    #byte kbd = 6                  // on to port B (at address 6) 
.................... #else 
....................    #byte kbd = 8                 // on to port D (at address 8) 
.................... #endif 
.................... #endif 
....................  
.................... #if defined use_portb_kbd 
....................    #define set_tris_kbd(x) set_tris_b(x) 
.................... #else 
....................    #define set_tris_kbd(x) set_tris_d(x) 
.................... #endif 
....................  
....................  
....................  
.................... //Keypad connection:   (for example column 0 is B2) 
.................... //                Bx: 
....................  
.................... #ifdef blue_keypad  ///////////////////////////////////// For the blue keypad 
.................... #define COL0 (1 << 2) 
.................... #define COL1 (1 << 3) 
.................... #define COL2 (1 << 6) 
....................  
.................... #define ROW0 (1 << 4) 
.................... #define ROW1 (1 << 7) 
.................... #define ROW2 (1 << 1) 
.................... #define ROW3 (1 << 5) 
....................  
.................... #else ////////////////////////////////////////////////// For the black keypad 
.................... #define COL0 (1 << 4) 
.................... #define COL1 (1 << 5) 
.................... #define COL2 (1 << 6) 
.................... #define COL3 (1 << 7) 
....................  
.................... #define ROW0 (1 << 0) 
.................... #define ROW1 (1 << 1) 
.................... #define ROW2 (1 << 2) 
.................... #define ROW3 (1 << 3) 
....................  
.................... #endif 
....................  
.................... #define ALL_ROWS (ROW0|ROW1|ROW2|ROW3) 
.................... #define ALL_PINS (ALL_ROWS|COL0|COL1|COL2|COL3) 
....................  
.................... // Keypad layout: 
.................... char const KEYS[4][4] = {{'1','2','3','/'}, 
....................                          {'4','5','6','*'}, 
....................                          {'7','8','9','-'}, 
....................                          {'C','0','=','+'}}; 
....................  
.................... #define KBD_DEBOUNCE_FACTOR 33    // Set this number to apx n/333 where 
....................                                   // n is the number of times you expect 
....................                                   // to call kbd_getc each second 
....................  
....................  
.................... void kbd_init() { 
*
00BF:  BCF    0A.3
00C0:  BCF    0A.4
00C1:  GOTO   4A8 (RETURN)
.................... } 
....................  
.................... char kbd_getc( ) { 
....................    static BYTE kbd_call_count; 
*
04A1:  BCF    03.5
04A2:  CLRF   20
....................    static int1 kbd_down; 
04A3:  BCF    21.0
....................    static char last_key; 
04A4:  CLRF   22
....................    static BYTE col; 
04A5:  CLRF   23
....................  
....................    BYTE kchar; 
....................    BYTE row; 
....................  
....................    kchar='\0'; 
*
014E:  CLRF   33
....................    if(++kbd_call_count>KBD_DEBOUNCE_FACTOR) { 
014F:  INCF   20,F
0150:  MOVF   20,W
0151:  SUBLW  21
0152:  BTFSC  03.0
0153:  GOTO   1AE
....................        switch (col) { 
0154:  MOVF   23,W
0155:  ADDLW  FC
0156:  BTFSC  03.0
0157:  GOTO   171
0158:  ADDLW  04
0159:  GOTO   1B7
....................          case 0   : set_tris_kbd(ALL_PINS&~COL0); 
015A:  MOVLW  EF
015B:  BSF    03.5
015C:  MOVWF  08
....................                     kbd=~COL0&ALL_PINS; 
015D:  BCF    03.5
015E:  MOVWF  08
....................                     break; 
015F:  GOTO   171
....................          case 1   : set_tris_kbd(ALL_PINS&~COL1); 
0160:  MOVLW  DF
0161:  BSF    03.5
0162:  MOVWF  08
....................                     kbd=~COL1&ALL_PINS; 
0163:  BCF    03.5
0164:  MOVWF  08
....................                     break; 
0165:  GOTO   171
....................          case 2   : set_tris_kbd(ALL_PINS&~COL2); 
0166:  MOVLW  BF
0167:  BSF    03.5
0168:  MOVWF  08
....................                     kbd=~COL2&ALL_PINS; 
0169:  BCF    03.5
016A:  MOVWF  08
....................                     break; 
016B:  GOTO   171
....................          case 3   : set_tris_kbd(ALL_PINS&~COL3); 
016C:  MOVLW  7F
016D:  BSF    03.5
016E:  MOVWF  08
....................                     kbd=~COL3&ALL_PINS; 
016F:  BCF    03.5
0170:  MOVWF  08
....................                     break; 
....................        } 
....................  
....................        if(kbd_down) { 
0171:  BTFSS  21.0
0172:  GOTO   17D
....................          if((kbd & (ALL_ROWS))==(ALL_ROWS)) { 
0173:  MOVF   08,W
0174:  ANDLW  0F
0175:  SUBLW  0F
0176:  BTFSS  03.2
0177:  GOTO   17C
....................            kbd_down=FALSE; 
0178:  BCF    21.0
....................            kchar=last_key; 
0179:  MOVF   22,W
017A:  MOVWF  33
....................            last_key='\0'; 
017B:  CLRF   22
....................          } 
....................        } else { 
017C:  GOTO   1AD
....................           if((kbd & (ALL_ROWS))!=(ALL_ROWS)) { 
017D:  MOVF   08,W
017E:  ANDLW  0F
017F:  SUBLW  0F
0180:  BTFSC  03.2
0181:  GOTO   1A8
....................              if((kbd & ROW0)==0) 
0182:  MOVF   08,W
0183:  ANDLW  01
0184:  BTFSS  03.2
0185:  GOTO   188
....................                row=0; 
0186:  CLRF   34
0187:  GOTO   19C
....................              else if((kbd & ROW1)==0) 
0188:  MOVF   08,W
0189:  ANDLW  02
018A:  BTFSS  03.2
018B:  GOTO   18F
....................                row=1; 
018C:  MOVLW  01
018D:  MOVWF  34
018E:  GOTO   19C
....................              else if((kbd & ROW2)==0) 
018F:  MOVF   08,W
0190:  ANDLW  04
0191:  BTFSS  03.2
0192:  GOTO   196
....................                row=2; 
0193:  MOVLW  02
0194:  MOVWF  34
0195:  GOTO   19C
....................              else if((kbd & ROW3)==0) 
0196:  MOVF   08,W
0197:  ANDLW  08
0198:  BTFSS  03.2
0199:  GOTO   19C
....................                row=3; 
019A:  MOVLW  03
019B:  MOVWF  34
....................              last_key =KEYS[row][col]; 
019C:  RLF    34,W
019D:  MOVWF  77
019E:  RLF    77,F
019F:  MOVLW  FC
01A0:  ANDWF  77,F
01A1:  MOVF   77,W
01A2:  ADDWF  23,W
01A3:  CALL   00C
01A4:  MOVWF  78
01A5:  MOVWF  22
....................              kbd_down = TRUE; 
01A6:  BSF    21.0
....................           } else { 
01A7:  GOTO   1AD
....................              ++col; 
01A8:  INCF   23,F
....................              if(col==4) 
01A9:  MOVF   23,W
01AA:  SUBLW  04
01AB:  BTFSC  03.2
....................                col=0; 
01AC:  CLRF   23
....................           } 
....................        } 
....................       kbd_call_count=0; 
01AD:  CLRF   20
....................    } 
....................   set_tris_kbd(ALL_PINS); 
01AE:  MOVLW  FF
01AF:  BSF    03.5
01B0:  MOVWF  08
....................   return(kchar); 
01B1:  BCF    03.5
01B2:  MOVF   33,W
01B3:  MOVWF  78
01B4:  BCF    0A.3
01B5:  BCF    0A.4
01B6:  GOTO   1F7 (RETURN)
.................... } 
....................  
....................  
.................... #include <getNum16.c> 
.................... /* 
....................    ** Se requiere haber inicializado el lcd y el teclado **  
....................     
....................    Usar como "int16 numero = get_num();" no puede borrar numeros 
....................     
....................    Al usar como "int16 numero = get_num_lcd(cursor_x,cursor_y)" 
....................    se pueden borrar caracteres con '-' y con 'C' 
....................        
....................    Por Angel Primitivo Vejar Cortés 2022 | angel-primi@hotmail.com 
.................... */ 
....................  
.................... unsigned int32 pow(int8 base, int8 power){ 
*
026F:  CLRF   39
0270:  CLRF   38
0271:  CLRF   37
0272:  MOVLW  01
0273:  MOVWF  36
....................    int32 result = 1; 
....................    for(int8 i = 0; i < power; i++){ 
0274:  CLRF   3A
0275:  MOVF   35,W
0276:  SUBWF  3A,W
0277:  BTFSC  03.0
0278:  GOTO   291
....................       result *= base; 
0279:  MOVF   39,W
027A:  MOVWF  3E
027B:  MOVF   38,W
027C:  MOVWF  3D
027D:  MOVF   37,W
027E:  MOVWF  3C
027F:  MOVF   36,W
0280:  MOVWF  3B
0281:  CLRF   42
0282:  CLRF   41
0283:  CLRF   40
0284:  MOVF   34,W
0285:  MOVWF  3F
0286:  CALL   1BF
0287:  MOVF   7A,W
0288:  MOVWF  39
0289:  MOVF   79,W
028A:  MOVWF  38
028B:  MOVF   78,W
028C:  MOVWF  37
028D:  MOVF   77,W
028E:  MOVWF  36
028F:  INCF   3A,F
0290:  GOTO   275
....................    } 
....................    return result; 
0291:  MOVF   36,W
0292:  MOVWF  77
0293:  MOVF   37,W
0294:  MOVWF  78
0295:  MOVF   38,W
0296:  MOVWF  79
0297:  MOVF   39,W
0298:  MOVWF  7A
.................... } 
....................  
.................... char read_key(){ 
....................    char c; 
....................    do{ 
....................       c=kbd_getc(); 
*
01F6:  GOTO   14E
01F7:  MOVF   78,W
01F8:  MOVWF  32
....................    } 
....................    while(c=='\0');  
01F9:  MOVF   32,F
01FA:  BTFSC  03.2
01FB:  GOTO   1F6
....................    return(c); 
01FC:  MOVF   32,W
01FD:  MOVWF  78
.................... } 
....................  
.................... int16 get_num_lcd(int8 x, int8 y){ 
....................    lcd_gotoxy(x,y); 
*
01E9:  MOVF   26,W
01EA:  MOVWF  36
01EB:  MOVF   27,W
01EC:  MOVWF  37
01ED:  CALL   0C2
....................    int16 numero = 0; 
....................    char cadena[5] = {0,0,0,0,0}; 
*
01F0:  CLRF   2A
01F1:  CLRF   2B
01F2:  CLRF   2C
01F3:  CLRF   2D
01F4:  CLRF   2E
....................    int8 index = 0; 
....................    char tecla; 
*
01EE:  CLRF   29
01EF:  CLRF   28
*
01F5:  CLRF   2F
....................    do { 
....................       tecla = read_key(); 
*
01FE:  MOVF   78,W
01FF:  MOVWF  30
....................       if((tecla >= 48) && (tecla <= 57))  
0200:  MOVF   30,W
0201:  SUBLW  2F
0202:  BTFSC  03.0
0203:  GOTO   212
0204:  MOVF   30,W
0205:  SUBLW  39
0206:  BTFSS  03.0
0207:  GOTO   212
....................       { 
....................          cadena[index] = tecla; 
0208:  MOVLW  2A
0209:  ADDWF  2F,W
020A:  MOVWF  04
020B:  BCF    03.7
020C:  MOVF   30,W
020D:  MOVWF  00
....................          index++; 
020E:  INCF   2F,F
....................          printf(lcd_putc,"%c",tecla); 
020F:  MOVF   30,W
0210:  MOVWF  35
0211:  CALL   0D4
....................       } 
....................        
....................       if(tecla == '-' && index > 0){ 
0212:  MOVF   30,W
0213:  SUBLW  2D
0214:  BTFSS  03.2
0215:  GOTO   230
0216:  MOVF   2F,F
0217:  BTFSC  03.2
0218:  GOTO   230
....................          index--; 
0219:  DECF   2F,F
....................          cadena[index] = 0; 
021A:  MOVLW  2A
021B:  ADDWF  2F,W
021C:  MOVWF  04
021D:  BCF    03.7
021E:  CLRF   00
....................          lcd_gotoxy(x + index,y); 
021F:  MOVF   2F,W
0220:  ADDWF  26,W
0221:  MOVWF  32
0222:  MOVWF  36
0223:  MOVF   27,W
0224:  MOVWF  37
0225:  CALL   0C2
....................          printf(lcd_putc," "); 
0226:  MOVLW  20
0227:  MOVWF  35
0228:  CALL   0D4
....................          lcd_gotoxy(x + index,y); 
0229:  MOVF   2F,W
022A:  ADDWF  26,W
022B:  MOVWF  32
022C:  MOVWF  36
022D:  MOVF   27,W
022E:  MOVWF  37
022F:  CALL   0C2
....................       } 
....................        
....................       if(tecla == 'C' && index > 0){ 
0230:  MOVF   30,W
0231:  SUBLW  43
0232:  BTFSS  03.2
0233:  GOTO   24E
0234:  MOVF   2F,F
0235:  BTFSC  03.2
0236:  GOTO   24E
....................          index=0; 
0237:  CLRF   2F
....................          cadena[0] = 0; 
0238:  CLRF   2A
....................          cadena[1] = 0; 
0239:  CLRF   2B
....................          cadena[2] = 0; 
023A:  CLRF   2C
....................          cadena[3] = 0; 
023B:  CLRF   2D
....................          cadena[4] = 0; 
023C:  CLRF   2E
....................          lcd_gotoxy(x,y); 
023D:  MOVF   26,W
023E:  MOVWF  36
023F:  MOVF   27,W
0240:  MOVWF  37
0241:  CALL   0C2
....................          printf(lcd_putc,"     "); 
0242:  MOVLW  20
0243:  BSF    03.6
0244:  MOVWF  0D
0245:  MOVLW  00
0246:  MOVWF  0F
0247:  BCF    03.6
0248:  CALL   0F8
....................          lcd_gotoxy(x,y); 
0249:  MOVF   26,W
024A:  MOVWF  36
024B:  MOVF   27,W
024C:  MOVWF  37
024D:  CALL   0C2
....................       } 
....................        
....................       if(tecla == '=' && index > 0){ 
024E:  MOVF   30,W
024F:  SUBLW  3D
0250:  BTFSS  03.2
0251:  GOTO   255
0252:  MOVF   2F,F
0253:  BTFSS  03.2
....................          break;      
0254:  GOTO   259
....................       } 
....................    }while(index < 5); 
0255:  MOVF   2F,W
0256:  SUBLW  04
0257:  BTFSC  03.0
0258:  GOTO   1F6
....................     
....................    for(int8 i = 0; i < index; i++){ 
0259:  CLRF   31
025A:  MOVF   2F,W
025B:  SUBWF  31,W
025C:  BTFSC  03.0
025D:  GOTO   2BA
....................       numero += (cadena[i] - 48) * (pow(10,index - 1 - i)); 
025E:  MOVLW  2A
025F:  ADDWF  31,W
0260:  MOVWF  04
0261:  BCF    03.7
0262:  MOVLW  30
0263:  SUBWF  00,W
0264:  MOVWF  32
0265:  MOVLW  01
0266:  SUBWF  2F,W
0267:  MOVWF  78
0268:  MOVF   31,W
0269:  SUBWF  78,W
026A:  MOVWF  33
026B:  MOVLW  0A
026C:  MOVWF  34
026D:  MOVF   33,W
026E:  MOVWF  35
*
0299:  CLRF   34
029A:  MOVF   04,W
029B:  MOVWF  33
029C:  BCF    34.0
029D:  BTFSC  03.7
029E:  BSF    34.0
029F:  CLRF   3E
02A0:  CLRF   3D
02A1:  CLRF   3C
02A2:  MOVF   32,W
02A3:  MOVWF  3B
02A4:  MOVF   7A,W
02A5:  MOVWF  42
02A6:  MOVF   79,W
02A7:  MOVWF  41
02A8:  MOVF   78,W
02A9:  MOVWF  40
02AA:  MOVF   77,W
02AB:  MOVWF  3F
02AC:  CALL   1BF
02AD:  MOVF   33,W
02AE:  MOVWF  04
02AF:  BCF    03.7
02B0:  BTFSC  34.0
02B1:  BSF    03.7
02B2:  MOVF   77,W
02B3:  ADDWF  28,F
02B4:  MOVF   78,W
02B5:  BTFSC  03.0
02B6:  INCFSZ 78,W
02B7:  ADDWF  29,F
02B8:  INCF   31,F
02B9:  GOTO   25A
....................    }   
....................    return numero; 
02BA:  MOVF   28,W
02BB:  MOVWF  78
02BC:  MOVF   29,W
02BD:  MOVWF  79
02BE:  BCF    0A.3
02BF:  BCF    0A.4
02C0:  GOTO   4B8 (RETURN)
.................... } 
....................  
.................... int16 get_num() { 
....................    int16 numero = 0; 
....................    char cadena[5] = {0,0,0,0,0}; 
....................    int8 index = 0; 
....................    char tecla; 
....................    do { 
....................       tecla = read_key(); 
....................       if((tecla >= 48) && (tecla <= 57))  
....................       { 
....................          cadena[index] = tecla; 
....................          index++; 
....................          printf(lcd_putc,"%c",tecla); 
....................       } 
....................        
....................       if(tecla == '=' && index > 0){ 
....................          break;      
....................       } 
....................    }while(index < 5); 
....................     
....................    for(int8 i = 0; i < index; i++){ 
....................       numero += (cadena[i] - 48) * (pow(10,index - 1 - i)); 
....................    }   
....................    return numero; 
.................... } 
....................  
....................  
....................  
....................  
....................  
.................... #use STANDARD_IO(E) 
....................  
....................  
....................  
....................  
.................... #define PWM_SERVO PIN_E2 
....................  
....................  
....................  
....................  
.................... void ancho_servo(int16 t_alto){ 
*
02D0:  MOVF   27,W
02D1:  MOVWF  2C
02D2:  MOVF   26,W
02D3:  MOVWF  2B
*
02F0:  BSF    03.1
02F1:  CLRF   2E
02F2:  MOVLW  20
02F3:  MOVWF  2D
02F4:  MOVLW  4B
02F5:  MOVWF  2C
02F6:  MOVLW  8D
02F7:  MOVWF  2B
02F8:  MOVF   7A,W
02F9:  MOVWF  32
02FA:  MOVF   79,W
02FB:  MOVWF  31
02FC:  MOVF   78,W
02FD:  MOVWF  30
02FE:  MOVF   77,W
02FF:  MOVWF  2F
*
0440:  MOVF   7A,W
0441:  MOVWF  2E
0442:  MOVF   79,W
0443:  MOVWF  2D
0444:  MOVF   78,W
0445:  MOVWF  2C
0446:  MOVF   77,W
0447:  MOVWF  2B
*
0466:  MOVF   79,W
0467:  MOVWF  29
0468:  MOVF   78,W
0469:  MOVWF  28
....................  
....................    // Periodo de 20ms 
....................  
....................    int16 t_bajo = 26000.0 - t_alto; 
....................  
....................     
....................  
....................    // Ejecutar el pulso 10 veces 
....................  
....................    for(int8 i = 0; i < 10; i++) 
046A:  CLRF   2A
046B:  MOVF   2A,W
046C:  SUBLW  09
046D:  BTFSS  03.0
046E:  GOTO   493
....................  
....................    { 
....................  
....................      output_high(PWM_SERVO); 
046F:  BSF    03.5
0470:  BCF    09.2
0471:  BCF    03.5
0472:  BSF    09.2
....................  
....................      delay_us(t_alto); 
0473:  MOVF   27,W
0474:  MOVWF  2B
0475:  INCF   2B,F
0476:  DECF   2B,F
0477:  BTFSC  03.2
0478:  GOTO   47D
0479:  MOVLW  FF
047A:  MOVWF  2C
047B:  CALL   2C1
047C:  GOTO   476
047D:  MOVF   26,W
047E:  MOVWF  2C
047F:  CALL   2C1
....................  
....................      output_low(PWM_SERVO); 
0480:  BSF    03.5
0481:  BCF    09.2
0482:  BCF    03.5
0483:  BCF    09.2
....................  
....................      delay_us(t_bajo); 
0484:  MOVF   29,W
0485:  MOVWF  2B
0486:  INCF   2B,F
0487:  DECF   2B,F
0488:  BTFSC  03.2
0489:  GOTO   48E
048A:  MOVLW  FF
048B:  MOVWF  2C
048C:  CALL   2C1
048D:  GOTO   487
048E:  MOVF   28,W
048F:  MOVWF  2C
0490:  CALL   2C1
0491:  INCF   2A,F
0492:  GOTO   46B
....................  
....................    } 
0493:  BCF    0A.3
0494:  BCF    0A.4
0495:  GOTO   4C1 (RETURN)
....................  
.................... } 
....................  
....................  
....................  
....................  
....................  
....................  
....................  
.................... void main() 
0496:  MOVF   03,W
0497:  ANDLW  1F
0498:  MOVWF  03
0499:  BSF    03.5
049A:  BSF    1F.0
049B:  BSF    1F.1
049C:  BSF    1F.2
049D:  BCF    1F.3
049E:  MOVLW  07
049F:  MOVWF  1C
04A0:  BCF    03.7
....................  
.................... { 
....................  
....................    // Inicializar pines 
....................  
....................    lcd_init(); 
*
04A6:  GOTO   08F
....................  
....................    kbd_init(); 
04A7:  GOTO   0BF
....................  
....................     
....................  
....................    output_low(PWM_SERVO); 
04A8:  BSF    03.5
04A9:  BCF    09.2
04AA:  BCF    03.5
04AB:  BCF    09.2
....................  
....................    int16 t_alto; 
....................  
....................    while (TRUE) 
....................  
....................     { 
....................  
....................       printf(lcd_putc,"\fAncho:"); 
04AC:  MOVLW  23
04AD:  BSF    03.6
04AE:  MOVWF  0D
04AF:  MOVLW  00
04B0:  MOVWF  0F
04B1:  BCF    03.6
04B2:  CALL   0F8
....................  
....................       t_alto = get_num_lcd(1,2); 
04B3:  MOVLW  01
04B4:  MOVWF  26
04B5:  MOVLW  02
04B6:  MOVWF  27
04B7:  GOTO   1E9
04B8:  MOVF   79,W
04B9:  MOVWF  25
04BA:  MOVF   78,W
04BB:  MOVWF  24
....................  
....................       ancho_servo(t_alto);  
04BC:  MOVF   25,W
04BD:  MOVWF  27
04BE:  MOVF   24,W
04BF:  MOVWF  26
04C0:  GOTO   2D0
....................  
....................       delay_ms(1000); 
04C1:  MOVLW  04
04C2:  MOVWF  26
04C3:  MOVLW  FA
04C4:  MOVWF  36
04C5:  CALL   027
04C6:  DECFSZ 26,F
04C7:  GOTO   4C3
04C8:  GOTO   4AC
....................  
....................     } 
....................  
.................... } 
04C9:  SLEEP

Configuration Fuses:
   Word  1: 3F32   HS NOWDT PUT NOBROWNOUT NOLVP NOCPD NOWRT NODEBUG NOPROTECT
