
ROM used:   1226/8192 (15%)
            1226/8192 (15%) including unused fragments

            0.9 Average locations per line
            6.7 Average locations per statement

RAM used:   10/368 (3%) at main() level
            45/368 (12%) worst case

Stack used: 5 worst case (5 in main + 0 for interrupts)
Stack size: 8

Lines Stmts  %   Files
----- ----- ---  -----
   94    16   9  ls.c
  672     0   0  ..\..\..\..\..\..\..\..\Program Files (x86)\PICC\Devices\16F877a.h
  344    67  36  ..\..\..\..\..\..\..\..\Program Files (x86)\PICC\Drivers\lcd_c.c
  150    43  23  ..\..\..\..\..\..\..\..\Program Files (x86)\PICC\Drivers\kbd4x4_d.c
   99    58  32  ..\..\..\..\..\..\..\..\Program Files (x86)\PICC\Drivers\getNum16.c
----- -----
 1359   184 Total

Page ROM  %  RAM    Vol Diff  Functions:
---- --- --- ---    --- ----  ----------
0     20   2    1             @delay_ms1
0     15   1    1             @delay_us1
0      8   1    0             @const631
 Inline         3    587  6.0  lcd_read_byte
0      6   0    0     59  4.2  lcd_read_nibble
0     17   1    1    172  3.4  lcd_send_nibble
0     61   5    3    317  4.3  lcd_send_byte
0     48   4    2    624  5.8  lcd_init
0     18   1    4    186  5.5  lcd_gotoxy
0     36   3    1    272  4.1  lcd_putc
0     20   2    0             @const656
0      3   0    0      3  0.0  kbd_init
0    105   9    3   5853 10.1  kbd_getc
0      8   1    0             @goto10645
 Inline         6    155  5.0  pow
0     42   3   13             @MUL3232
 Inline         1     90  3.1  read_key
0    216  18    5   1660 12.1  get_num_lcd
0      3   0    0             @const688
0     86   7    4             @PSTRINGC7_649
 Inline         2             @ITOF
 Inline        16             @ADDFF
 Inline         4             @SFTOI
0    454  37    5    201  3.6  ancho_servo
0     52   4    1    195  2.6  MAIN
0      4   0    0    129  1.7  @const713
 Inline         0             @cinit1

Program metrics:
    Functions               15
    Statements              184
    Comments                237
    Volume (V)              14836
    Difficulty (D)          71.4
    Effort to implement (E) 1060049
    Time to implement (T)   16 hours, 22 minutes
    Est Delivered Bugs (B)  3
    Cyclomatic Complexity   29
    Maintainability (MI)    88

 Segment     Used  Free
-----------  ----  ----
00000-00003     4  0  
00004-007FF  1222  822  
00800-00FFF     0  2048  
01000-017FF     0  2048  
01800-01FFF     0  2048  



