
ROM used:   459/8192 (6%)
            459/8192 (6%) including unused fragments

            0.4 Average locations per line
            5.2 Average locations per statement

RAM used:   9/368 (2%) at main() level
            21/368 (6%) worst case

Stack used: 4 worst case (4 in main + 0 for interrupts)
Stack size: 8

Lines Stmts  %   Files
----- ----- ---  -----
   46    21  24  LCD.c
  672     0   0  ..\..\..\..\..\..\..\..\Program Files (x86)\PICC\Devices\16F877a.h
  350    67  76  ..\..\..\..\..\..\..\..\Program Files (x86)\PICC\Drivers\lcd_d.c
----- -----
 1068    88 Total

Page ROM  %  RAM    Vol Diff  Functions:
---- --- --- ---    --- ----  ----------
0     20   4    1             @delay_ms1
0      8   2    0             @const631
 Inline         3    587  6.0  lcd_read_byte
0      6   1    0     59  4.2  lcd_read_nibble
0     17   4    1    172  3.4  lcd_send_nibble
0     61  13    3    317  4.3  lcd_send_byte
0     48  10    2    624  5.8  lcd_init
0     18   4    4    186  5.5  lcd_gotoxy
0     36   8    1    272  4.1  lcd_putc
0     72  16    1    603  5.1  MAIN
0      5   1    0             @const661
0     88  19    4             @PSTRINGC7_649
0     21   5    3             @DIV88
0     55  12    2             @PRINTF_U_649
 Inline         0             @cinit1

Program metrics:
    Functions               8
    Statements              88
    Comments                198
    Volume (V)              4304
    Difficulty (D)          36.8
    Effort to implement (E) 158406
    Time to implement (T)   2 hours, 27 minutes
    Est Delivered Bugs (B)  1
    Cyclomatic Complexity   11
    Maintainability (MI)    149

 Segment     Used  Free
-----------  ----  ----
00000-00003     4  0  
00004-007FF   455  1589  
00800-00FFF     0  2048  
01000-017FF     0  2048  
01800-01FFF     0  2048  



