
ROM used:   524/8192 (6%)
            524/8192 (6%) including unused fragments

            0.4 Average locations per line
            2.9 Average locations per statement

RAM used:   22/368 (6%) at main() level
            35/368 (10%) worst case

Stack used: 5 worst case (4 in main + 1 for interrupts)
Stack size: 8

Lines Stmts  %   Files
----- ----- ---  -----
   38    11   6  interrupcion.c
  672     0   0  ..\..\..\..\..\..\..\..\Program Files (x86)\PICC\Devices\16F877a.h
  344    67  37  ..\..\..\..\..\..\..\..\Program Files (x86)\PICC\Drivers\lcd_c.c
  150    43  24  ..\..\..\..\..\..\..\..\Program Files (x86)\PICC\Drivers\kbd4x4_d.c
   99    58  32  ..\..\..\..\..\..\..\..\Program Files (x86)\PICC\Drivers\getNum16.c
----- -----
 1303   179 Total

Page ROM  %  RAM    Vol Diff  Functions:
---- --- --- ---    --- ----  ----------
0     20   4    1             @delay_ms1
0      8   2    0             @const631
 Inline         3    587  6.0  lcd_read_byte
0      6   1    0     59  4.2  lcd_read_nibble
0     17   3    1    172  3.4  lcd_send_nibble
0     61  12    3    317  4.3  lcd_send_byte
0     48   9    2    624  5.8  lcd_init
0     18   3    4    186  5.5  lcd_gotoxy
0     36   7    1    272  4.1  lcd_putc
0      3   1    0      3  0.0  kbd_init
0      3   1    0             @const688
0      5   1    0     18  1.0  ext_isr
0     51  10    1    193  2.5  MAIN
0      4   1    0             @const703
0     89  17    5             @PSTRINGCN7_649
0     21   4    3    341  5.2  @DIV88
0     55  10    2    283  5.3  @PRINTF_U_649
 Inline         0             @cinit1

Program metrics:
    Functions               12
    Statements              179
    Comments                235
    Volume (V)              4973
    Difficulty (D)          47.6
    Effort to implement (E) 236944
    Time to implement (T)   3 hours, 39 minutes
    Est Delivered Bugs (B)  1
    Cyclomatic Complexity   10
    Maintainability (MI)    123

 Segment     Used  Free
-----------  ----  ----
00000-00003     4  0  
00004-0004E    75  0  
0004F-007FF   445  1524  
00800-00FFF     0  2048  
01000-017FF     0  2048  
01800-01FFF     0  2048  



